#
# A fatal error has been detected by the Java Runtime Environment:
#
#  SIGSEGV (0xb) at pc=0x00007fff9060a097, pid=28148, tid=1287
#
# JRE version: Java(TM) SE Runtime Environment (7.0_45-b18) (build 1.7.0_45-b18)
# Java VM: Java HotSpot(TM) 64-Bit Server VM (24.45-b08 mixed mode bsd-amd64 compressed oops)
# Problematic frame:
# C  [libobjc.A.dylib+0x5097]  objc_msgSend+0x17
#
# Failed to write core dump. Core dumps have been disabled. To enable core dumping, try "ulimit -c unlimited" before starting Java again
#
# If you would like to submit a bug report, please visit:
#   http://bugreport.sun.com/bugreport/crash.jsp
# The crash happened outside the Java Virtual Machine in native code.
# See problematic frame for where to report the bug.
#

---------------  T H R E A D  ---------------

Current thread (0x00007f8fca0d3000):  JavaThread "AppKit Thread" daemon [_thread_in_native, id=1287, stack(0x00007fff57d9e000,0x00007fff57e1e000)]

siginfo:si_signo=SIGSEGV: si_errno=0, si_code=0 (SEGV0), si_addr=0x0000000000000000

Registers:
RAX=0x00007f8fc95623c0, RBX=0x00000000000f42f5, RCX=0x0000000000000000, RDX=0x00007f8fc9758680
RSP=0x00007fff57e19268, RBP=0x00007fff57e19270, RSI=0x00007fff89cb6d05, RDI=0x00007f8fc95623c0
R8 =0x0000000000000040, R9 =0x00007fff57e19200, R10=0x00007fff89cb6d05, R11=0x100007f8fc9561f7
R12=0x00000000000f42f5, R13=0x00007fff57e19438, R14=0x00007f8fc963c820, R15=0x00007fff57e19398
RIP=0x00007fff9060a097, EFLAGS=0x0000000000010246, ERR=0x0000000000000000
  TRAPNO=0x000000000000000d

Top of Stack: (sp=0x00007fff57e19268)
0x00007fff57e19268:   00007fff8de79fcc 00007fff57e195d0
0x00007fff57e19278:   00007fff8dd6dc5d 0000000000000003
0x00007fff57e19288:   0000000107dfea00 00007fff57e192d0
0x00007fff57e19298:   00007fff8e18f286 0000000000000798
0x00007fff57e192a8:   00000000000f42f7 0000000000000002
0x00007fff57e192b8:   00007f8fc95648d0 00007f8fc9564200
0x00007fff57e192c8:   00007f8fc942e660 00007f8fc9758680
0x00007fff57e192d8:   00007fff57e19390 0000000000000000
0x00007fff57e192e8:   00000000000f42f5 0000000000000051
0x00007fff57e192f8:   00007fff57e19410 0000000000000000
0x00007fff57e19308:   0000000000000001 00007f8fc942e650
0x00007fff57e19318:   000000000000004f 000000000005bc80
0x00007fff57e19328:   0000010000000000 00007fff7b616980
0x00007fff57e19338:   00002060007b76ea 000000007a7251b8
0x00007fff57e19348:   0000000000000000 00007fff57e19428
0x00007fff57e19358:   00007fff57e19408 00007fff7b616968
0x00007fff57e19368:   0000000000000000 0000000000000028
0x00007fff57e19378:   00007fff937b76ea 00007fff790bfb08
0x00007fff57e19388:   0000000000000000 00007f8fc9564950
0x00007fff57e19398:   00007f8fc963c820 0000000000000000
0x00007fff57e193a8:   00007fff937b74a9 0000000000000000
0x00007fff57e193b8:   00007fff7a729738 00007fff7907cbc8
0x00007fff57e193c8:   00007fff7907cbc8 00007fff57e19470
0x00007fff57e193d8:   00007fff937b8261 00007fff7a729748
0x00007fff57e193e8:   00007fff7a72974c 000000007a7251b8
0x00007fff57e193f8:   00007fff7a729738 0000000007dfb001
0x00007fff57e19408:   00007fff7a729750 000000000000004d
0x00007fff57e19418:   0000000000000000 00000000000f42e3
0x00007fff57e19428:   000000000000004f 0000000000000000
0x00007fff57e19438:   00000000000f42f5 0000000157e194e0
0x00007fff57e19448:   00007fff937b8261 00007fff7a729748
0x00007fff57e19458:   00007fff7a72974c 000000007a7251b8 

Instructions: (pc=0x00007fff9060a097)
0x00007fff9060a077:   90 90 90 90 90 90 90 90 90 48 85 ff 2e 74 72 40
0x00007fff9060a087:   f6 c7 01 2e 0f 85 7e 00 00 00 4c 8b 1f 49 89 f2
0x00007fff9060a097:   45 23 53 18 49 c1 e2 04 4d 03 53 10 49 3b 32 75
0x00007fff9060a0a7:   04 41 ff 62 08 49 83 3a 00 74 74 4d 3b 53 10 74 

Register to memory mapping:

RAX=0x00007f8fc95623c0 is an unknown value
RBX=0x00000000000f42f5 is an unknown value
RCX=0x0000000000000000 is an unknown value
RDX=0x00007f8fc9758680 is an unknown value
RSP=0x00007fff57e19268 is pointing into the stack for thread: 0x00007f8fca0d3000
RBP=0x00007fff57e19270 is pointing into the stack for thread: 0x00007f8fca0d3000
RSI=0x00007fff89cb6d05: NSAppKitVersionNumber+0x534c5 in /System/Library/Frameworks/AppKit.framework/Versions/C/AppKit at 0x00007fff89215000
RDI=0x00007f8fc95623c0 is an unknown value
R8 =0x0000000000000040 is an unknown value
R9 =0x00007fff57e19200 is pointing into the stack for thread: 0x00007f8fca0d3000
R10=0x00007fff89cb6d05: NSAppKitVersionNumber+0x534c5 in /System/Library/Frameworks/AppKit.framework/Versions/C/AppKit at 0x00007fff89215000
R11=0x100007f8fc9561f7 is an unknown value
R12=0x00000000000f42f5 is an unknown value
R13=0x00007fff57e19438 is pointing into the stack for thread: 0x00007f8fca0d3000
R14=0x00007f8fc963c820 is an unknown value
R15=0x00007fff57e19398 is pointing into the stack for thread: 0x00007f8fca0d3000


Stack: [0x00007fff57d9e000,0x00007fff57e1e000],  sp=0x00007fff57e19268,  free space=492k
Native frames: (J=compiled Java code, j=interpreted, Vv=VM code, C=native code)
C  [libobjc.A.dylib+0x5097]  objc_msgSend+0x17
C  [CoreFoundation+0x10c5d]  _CFXNotificationPost+0xb4d
C  [Foundation+0x34aa]  -[NSNotificationCenter postNotificationName:object:userInfo:]+0x44
C  [AppKit+0x10f609]  -[NSSurface _disposeSurface]+0x98
C  [AppKit+0x10f0a5]  -[NSSurface setWindow:]+0x46
C  [AppKit+0x3af67]  -[NSView _setWindow:]+0x8ea
C  [AppKit+0x3bf9a]  -[NSView removeFromSuperview]+0x15e
C  [AppKit+0x98759]  -[NSView removeFromSuperviewWithoutNeedingDisplay]+0x26
C  [liblwjgl.jnilib+0x936e]  +[MacOSXKeyableWindow destroyWindow]+0xde
C  [Foundation+0x640de]  __NSThreadPerformPerform+0xe5
C  [CoreFoundation+0x7f8f1]  __CFRUNLOOP_IS_CALLING_OUT_TO_A_SOURCE0_PERFORM_FUNCTION__+0x11
C  [CoreFoundation+0x71062]  __CFRunLoopDoSources0+0xf2
C  [CoreFoundation+0x707ef]  __CFRunLoopRun+0x33f
C  [CoreFoundation+0x70275]  CFRunLoopRunSpecific+0x135
C  [HIToolbox+0x2ef0d]  RunCurrentEventLoopInMode+0xe2
C  [HIToolbox+0x2ecb7]  ReceiveNextEventCommon+0x1df
C  [HIToolbox+0x2eabc]  _BlockUntilNextEventMatchingListInModeWithFilter+0x41
C  [AppKit+0x2428e]  _DPSNextEvent+0x59a
C  [AppKit+0x238db]  -[NSApplication nextEventMatchingMask:untilDate:inMode:dequeue:]+0x7a
C  [libosxapp.dylib+0x16f4]  -[NSApplicationAWT nextEventMatchingMask:untilDate:inMode:dequeue:]+0x7c
C  [AppKit+0x179cc]  -[NSApplication run]+0x229
C  [libosxapp.dylib+0x1557]  +[NSApplicationAWT runAWTLoopWithApp:]+0x9c
C  [liblwawt.dylib+0xdba9]  -[AWTStarter starter:]+0x369
C  [Foundation+0x640de]  __NSThreadPerformPerform+0xe5
C  [CoreFoundation+0x7f8f1]  __CFRUNLOOP_IS_CALLING_OUT_TO_A_SOURCE0_PERFORM_FUNCTION__+0x11
C  [CoreFoundation+0x71062]  __CFRunLoopDoSources0+0xf2
C  [CoreFoundation+0x707ef]  __CFRunLoopRun+0x33f
C  [CoreFoundation+0x70275]  CFRunLoopRunSpecific+0x135
C  [java+0x73b0]  CreateExecutionEnvironment+0x367
C  [java+0x1b5c]  JLI_Launch+0x7a0
C  [java+0x770d]  main+0x65
C  [java+0x13b4]  start+0x34


---------------  P R O C E S S  ---------------

Java Threads: ( => current thread )
  0x00007f8fcb05f000 JavaThread "AWT-Shutdown" [_thread_blocked, id=13607, stack(0x0000000112935000,0x0000000112a35000)]
  0x00007f8fca800800 JavaThread "DestroyJavaVM" [_thread_blocked, id=6403, stack(0x0000000107ef7000,0x0000000107ff7000)]
  0x00007f8fcb098800 JavaThread "LWJGL Application" [_thread_in_native, id=62211, stack(0x0000000115579000,0x0000000115679000)]
=>0x00007f8fca0d3000 JavaThread "AppKit Thread" daemon [_thread_in_native, id=1287, stack(0x00007fff57d9e000,0x00007fff57e1e000)]
  0x00007f8fc983a800 JavaThread "Service Thread" daemon [_thread_blocked, id=19203, stack(0x00000001109f9000,0x0000000110af9000)]
  0x00007f8fc9839800 JavaThread "C2 CompilerThread1" daemon [_thread_blocked, id=18691, stack(0x00000001108f6000,0x00000001109f6000)]
  0x00007f8fca815000 JavaThread "C2 CompilerThread0" daemon [_thread_blocked, id=18179, stack(0x00000001107f3000,0x00000001108f3000)]
  0x00007f8fc9831800 JavaThread "Signal Dispatcher" daemon [_thread_blocked, id=17667, stack(0x00000001106f0000,0x00000001107f0000)]
  0x00007f8fca026800 JavaThread "Finalizer" daemon [_thread_blocked, id=12547, stack(0x00000001104a1000,0x00000001105a1000)]
  0x00007f8fca023800 JavaThread "Reference Handler" daemon [_thread_blocked, id=12035, stack(0x000000011039e000,0x000000011049e000)]

Other Threads:
  0x00007f8fcb001800 VMThread [stack: 0x000000011029b000,0x000000011039b000] [id=11523]
  0x00007f8fcb007000 WatcherThread [stack: 0x0000000110afc000,0x0000000110bfc000] [id=19715]

VM state:not at safepoint (normal execution)

VM Mutex/Monitor currently owned by a thread: None

Heap
 PSYoungGen      total 19456K, used 11997K [0x00000007eaa80000, 0x00000007ec200000, 0x0000000800000000)
  eden space 16896K, 60% used [0x00000007eaa80000,0x00000007eb46a350,0x00000007ebb00000)
  from space 2560K, 72% used [0x00000007ebb00000,0x00000007ebccd3a0,0x00000007ebd80000)
  to   space 3584K, 0% used [0x00000007ebe80000,0x00000007ebe80000,0x00000007ec200000)
 ParOldGen       total 43520K, used 645K [0x00000007c0000000, 0x00000007c2a80000, 0x00000007eaa80000)
  object space 43520K, 1% used [0x00000007c0000000,0x00000007c00a1510,0x00000007c2a80000)
 PSPermGen       total 21504K, used 7625K [0x00000007bae00000, 0x00000007bc300000, 0x00000007c0000000)
  object space 21504K, 35% used [0x00000007bae00000,0x00000007bb5724c0,0x00000007bc300000)

Card table byte_map: [0x000000010c361000,0x000000010c58b000] byte_map_base: 0x000000010858a000

Polling page: 0x0000000107ff9000

Code Cache  [0x00000001092a1000, 0x0000000109511000, 0x000000010c2a1000)
 total_blobs=815 nmethods=426 adapters=343 free_code_cache=47718Kb largest_free_block=48806784

Compilation events (10 events):
Event: 186.592 Thread 0x00007f8fc9839800  420             com.tiarsoft.lander.game.Colisiones::preSolve (60 bytes)
Event: 186.592 Thread 0x00007f8fca815000  421             com.tiarsoft.lander.game.Colisiones::postSolve (60 bytes)
Event: 186.611 Thread 0x00007f8fc9839800 nmethod 420 0x0000000109403790 code [0x0000000109403a60, 0x00000001094047c8]
Event: 186.611 Thread 0x00007f8fca815000 nmethod 421 0x00000001093ff050 code [0x00000001093ff320, 0x0000000109400088]
Event: 243.765 Thread 0x00007f8fc9839800  422 % !         com.badlogic.gdx.backends.lwjgl.LwjglApplication::mainLoop @ 97 (808 bytes)
Event: 243.837 Thread 0x00007f8fc9839800 nmethod 422% 0x000000010940a1d0 code [0x000000010940a7c0, 0x000000010940e768]
Event: 312.352 Thread 0x00007f8fca815000  424             org.lwjgl.opengl.Sync$RunningAvg::add (38 bytes)
Event: 312.354 Thread 0x00007f8fca815000 nmethod 424 0x00000001093faa10 code [0x00000001093fab60, 0x00000001093fac58]
Event: 328.619 Thread 0x00007f8fc9839800  426 % !         com.badlogic.gdx.backends.lwjgl.LwjglApplication::mainLoop @ 97 (808 bytes)
Event: 328.661 Thread 0x00007f8fc9839800 nmethod 426% 0x0000000109410a50 code [0x0000000109410ee0, 0x00000001094137d8]

GC Heap History (10 events):
Event: 0.996 GC heap before
{Heap before GC invocations=1 (full 0):
 PSYoungGen      total 19456K, used 16896K [0x00000007eaa80000, 0x00000007ec000000, 0x0000000800000000)
  eden space 16896K, 100% used [0x00000007eaa80000,0x00000007ebb00000,0x00000007ebb00000)
  from space 2560K, 0% used [0x00000007ebd80000,0x00000007ebd80000,0x00000007ec000000)
  to   space 2560K, 0% used [0x00000007ebb00000,0x00000007ebb00000,0x00000007ebd80000)
 ParOldGen       total 43520K, used 0K [0x00000007c0000000, 0x00000007c2a80000, 0x00000007eaa80000)
  object space 43520K, 0% used [0x00000007c0000000,0x00000007c0000000,0x00000007c2a80000)
 PSPermGen       total 21504K, used 7074K [0x00000007bae00000, 0x00000007bc300000, 0x00000007c0000000)
  object space 21504K, 32% used [0x00000007bae00000,0x00000007bb4e8a18,0x00000007bc300000)
Event: 1.002 GC heap after
Heap after GC invocations=1 (full 0):
 PSYoungGen      total 19456K, used 2528K [0x00000007eaa80000, 0x00000007ec000000, 0x0000000800000000)
  eden space 16896K, 0% used [0x00000007eaa80000,0x00000007eaa80000,0x00000007ebb00000)
  from space 2560K, 98% used [0x00000007ebb00000,0x00000007ebd783b8,0x00000007ebd80000)
  to   space 2560K, 0% used [0x00000007ebd80000,0x00000007ebd80000,0x00000007ec000000)
 ParOldGen       total 43520K, used 565K [0x00000007c0000000, 0x00000007c2a80000, 0x00000007eaa80000)
  object space 43520K, 1% used [0x00000007c0000000,0x00000007c008d500,0x00000007c2a80000)
 PSPermGen       total 21504K, used 7074K [0x00000007bae00000, 0x00000007bc300000, 0x00000007c0000000)
  object space 21504K, 32% used [0x00000007bae00000,0x00000007bb4e8a18,0x00000007bc300000)
}
Event: 216.279 GC heap before
{Heap before GC invocations=2 (full 0):
 PSYoungGen      total 19456K, used 19424K [0x00000007eaa80000, 0x00000007ec000000, 0x0000000800000000)
  eden space 16896K, 100% used [0x00000007eaa80000,0x00000007ebb00000,0x00000007ebb00000)
  from space 2560K, 98% used [0x00000007ebb00000,0x00000007ebd783b8,0x00000007ebd80000)
  to   space 2560K, 0% used [0x00000007ebd80000,0x00000007ebd80000,0x00000007ec000000)
 ParOldGen       total 43520K, used 565K [0x00000007c0000000, 0x00000007c2a80000, 0x00000007eaa80000)
  object space 43520K, 1% used [0x00000007c0000000,0x00000007c008d500,0x00000007c2a80000)
 PSPermGen       total 21504K, used 7618K [0x00000007bae00000, 0x00000007bc300000, 0x00000007c0000000)
  object space 21504K, 35% used [0x00000007bae00000,0x00000007bb570828,0x00000007bc300000)
Event: 216.286 GC heap after
Heap after GC invocations=2 (full 0):
 PSYoungGen      total 19456K, used 2117K [0x00000007eaa80000, 0x00000007ec000000, 0x0000000800000000)
  eden space 16896K, 0% used [0x00000007eaa80000,0x00000007eaa80000,0x00000007ebb00000)
  from space 2560K, 82% used [0x00000007ebd80000,0x00000007ebf916a8,0x00000007ec000000)
  to   space 2560K, 0% used [0x00000007ebb00000,0x00000007ebb00000,0x00000007ebd80000)
 ParOldGen       total 43520K, used 637K [0x00000007c0000000, 0x00000007c2a80000, 0x00000007eaa80000)
  object space 43520K, 1% used [0x00000007c0000000,0x00000007c009f510,0x00000007c2a80000)
 PSPermGen       total 21504K, used 7618K [0x00000007bae00000, 0x00000007bc300000, 0x00000007c0000000)
  object space 21504K, 35% used [0x00000007bae00000,0x00000007bb570828,0x00000007bc300000)
}
Event: 493.047 GC heap before
{Heap before GC invocations=3 (full 0):
 PSYoungGen      total 19456K, used 19013K [0x00000007eaa80000, 0x00000007ec000000, 0x0000000800000000)
  eden space 16896K, 100% used [0x00000007eaa80000,0x00000007ebb00000,0x00000007ebb00000)
  from space 2560K, 82% used [0x00000007ebd80000,0x00000007ebf916a8,0x00000007ec000000)
  to   space 2560K, 0% used [0x00000007ebb00000,0x00000007ebb00000,0x00000007ebd80000)
 ParOldGen       total 43520K, used 637K [0x00000007c0000000, 0x00000007c2a80000, 0x00000007eaa80000)
  object space 43520K, 1% used [0x00000007c0000000,0x00000007c009f510,0x00000007c2a80000)
 PSPermGen       total 21504K, used 7618K [0x00000007bae00000, 0x00000007bc300000, 0x00000007c0000000)
  object space 21504K, 35% used [0x00000007bae00000,0x00000007bb570828,0x00000007bc300000)
Event: 493.053 GC heap after
Heap after GC invocations=3 (full 0):
 PSYoungGen      total 19456K, used 1844K [0x00000007eaa80000, 0x00000007ec000000, 0x0000000800000000)
  eden space 16896K, 0% used [0x00000007eaa80000,0x00000007eaa80000,0x00000007ebb00000)
  from space 2560K, 72% used [0x00000007ebb00000,0x00000007ebccd3a0,0x00000007ebd80000)
  to   space 2560K, 0% used [0x00000007ebd80000,0x00000007ebd80000,0x00000007ec000000)
 ParOldGen       total 43520K, used 645K [0x00000007c0000000, 0x00000007c2a80000, 0x00000007eaa80000)
  object space 43520K, 1% used [0x00000007c0000000,0x00000007c00a1510,0x00000007c2a80000)
 PSPermGen       total 21504K, used 7618K [0x00000007bae00000, 0x00000007bc300000, 0x00000007c0000000)
  object space 21504K, 35% used [0x00000007bae00000,0x00000007bb570828,0x00000007bc300000)
}
Event: 769.998 GC heap before
{Heap before GC invocations=4 (full 0):
 PSYoungGen      total 19456K, used 18740K [0x00000007eaa80000, 0x00000007ec000000, 0x0000000800000000)
  eden space 16896K, 100% used [0x00000007eaa80000,0x00000007ebb00000,0x00000007ebb00000)
  from space 2560K, 72% used [0x00000007ebb00000,0x00000007ebccd3a0,0x00000007ebd80000)
  to   space 2560K, 0% used [0x00000007ebd80000,0x00000007ebd80000,0x00000007ec000000)
 ParOldGen       total 43520K, used 645K [0x00000007c0000000, 0x00000007c2a80000, 0x00000007eaa80000)
  object space 43520K, 1% used [0x00000007c0000000,0x00000007c00a1510,0x00000007c2a80000)
 PSPermGen       total 21504K, used 7618K [0x00000007bae00000, 0x00000007bc300000, 0x00000007c0000000)
  object space 21504K, 35% used [0x00000007bae00000,0x00000007bb570828,0x00000007bc300000)
Event: 770.004 GC heap after
Heap after GC invocations=4 (full 0):
 PSYoungGen      total 19456K, used 1828K [0x00000007eaa80000, 0x00000007ec000000, 0x0000000800000000)
  eden space 16896K, 0% used [0x00000007eaa80000,0x00000007eaa80000,0x00000007ebb00000)
  from space 2560K, 71% used [0x00000007ebd80000,0x00000007ebf49390,0x00000007ec000000)
  to   space 2560K, 0% used [0x00000007ebb00000,0x00000007ebb00000,0x00000007ebd80000)
 ParOldGen       total 43520K, used 645K [0x00000007c0000000, 0x00000007c2a80000, 0x00000007eaa80000)
  object space 43520K, 1% used [0x00000007c0000000,0x00000007c00a1510,0x00000007c2a80000)
 PSPermGen       total 21504K, used 7618K [0x00000007bae00000, 0x00000007bc300000, 0x00000007c0000000)
  object space 21504K, 35% used [0x00000007bae00000,0x00000007bb570828,0x00000007bc300000)
}
Event: 1046.949 GC heap before
{Heap before GC invocations=5 (full 0):
 PSYoungGen      total 19456K, used 18724K [0x00000007eaa80000, 0x00000007ec000000, 0x0000000800000000)
  eden space 16896K, 100% used [0x00000007eaa80000,0x00000007ebb00000,0x00000007ebb00000)
  from space 2560K, 71% used [0x00000007ebd80000,0x00000007ebf49390,0x00000007ec000000)
  to   space 2560K, 0% used [0x00000007ebb00000,0x00000007ebb00000,0x00000007ebd80000)
 ParOldGen       total 43520K, used 645K [0x00000007c0000000, 0x00000007c2a80000, 0x00000007eaa80000)
  object space 43520K, 1% used [0x00000007c0000000,0x00000007c00a1510,0x00000007c2a80000)
 PSPermGen       total 21504K, used 7618K [0x00000007bae00000, 0x00000007bc300000, 0x00000007c0000000)
  object space 21504K, 35% used [0x00000007bae00000,0x00000007bb570828,0x00000007bc300000)
Event: 1046.954 GC heap after
Heap after GC invocations=5 (full 0):
 PSYoungGen      total 19456K, used 1844K [0x00000007eaa80000, 0x00000007ec200000, 0x0000000800000000)
  eden space 16896K, 0% used [0x00000007eaa80000,0x00000007eaa80000,0x00000007ebb00000)
  from space 2560K, 72% used [0x00000007ebb00000,0x00000007ebccd3a0,0x00000007ebd80000)
  to   space 3584K, 0% used [0x00000007ebe80000,0x00000007ebe80000,0x00000007ec200000)
 ParOldGen       total 43520K, used 645K [0x00000007c0000000, 0x00000007c2a80000, 0x00000007eaa80000)
  object space 43520K, 1% used [0x00000007c0000000,0x00000007c00a1510,0x00000007c2a80000)
 PSPermGen       total 21504K, used 7618K [0x00000007bae00000, 0x00000007bc300000, 0x00000007c0000000)
  object space 21504K, 35% used [0x00000007bae00000,0x00000007bb570828,0x00000007bc300000)
}

Deoptimization events (4 events):
Event: 311.788 Thread 0x00007f8fcb098800 Uncommon trap: reason=unreached action=reinterpret pc=0x0000000109365a54 method=com.badlogic.gdx.utils.Array.iterator()Ljava/util/Iterator; @ 4
Event: 311.788 Thread 0x00007f8fcb098800 Uncommon trap: reason=unreached action=reinterpret pc=0x0000000109365dd0 method=com.badlogic.gdx.utils.Array$ArrayIterable.iterator()Ljava/util/Iterator; @ 4
Event: 311.788 Thread 0x00007f8fcb098800 Uncommon trap: reason=unloaded action=reinterpret pc=0x000000010940bd78 method=com.badlogic.gdx.backends.lwjgl.LwjglApplication.mainLoop()V @ 163
Event: 1204.799 Thread 0x00007f8fcb098800 Uncommon trap: reason=unreached action=reinterpret pc=0x0000000109412750 method=com.badlogic.gdx.backends.lwjgl.LwjglApplication.mainLoop()V @ 252

Internal exceptions (10 events):
Event: 1.036 Thread 0x00007f8fcb098800 Threw 0x00000007eac48338 at /HUDSON/workspace/7u-2-build-macosx-x86_64/jdk7u45/229/hotspot/src/share/vm/prims/jvm.cpp:1244
Event: 1.037 Thread 0x00007f8fcb098800 Threw 0x00000007eac5fb70 at /HUDSON/workspace/7u-2-build-macosx-x86_64/jdk7u45/229/hotspot/src/share/vm/prims/jvm.cpp:1244
Event: 1.044 Thread 0x00007f8fcb098800 Threw 0x00000007eac67eb0 at /HUDSON/workspace/7u-2-build-macosx-x86_64/jdk7u45/229/hotspot/src/share/vm/prims/jvm.cpp:1244
Event: 1.046 Thread 0x00007f8fcb098800 Threw 0x00000007eac71028 at /HUDSON/workspace/7u-2-build-macosx-x86_64/jdk7u45/229/hotspot/src/share/vm/prims/jvm.cpp:1244
Event: 2.619 Thread 0x00007f8fcb098800 Threw 0x00000007eac932b8 at /HUDSON/workspace/7u-2-build-macosx-x86_64/jdk7u45/229/hotspot/src/share/vm/prims/jvm.cpp:1244
Event: 2.836 Thread 0x00007f8fcb098800 Threw 0x00000007eac9c478 at /HUDSON/workspace/7u-2-build-macosx-x86_64/jdk7u45/229/hotspot/src/share/vm/prims/jvm.cpp:1244
Event: 311.788 Thread 0x00007f8fcb098800 Implicit null exception at 0x00000001093659d0 to 0x0000000109365a41
Event: 311.788 Thread 0x00007f8fcb098800 Implicit null exception at 0x0000000109365d50 to 0x0000000109365dbd
Event: 1208.982 Thread 0x00007f8fcb098800 Threw 0x00000007eb439ec0 at /HUDSON/workspace/7u-2-build-macosx-x86_64/jdk7u45/229/hotspot/src/share/vm/prims/jvm.cpp:1244
Event: 1209.000 Thread 0x00007f8fcb098800 Threw 0x00000007eb43fbf0 at /HUDSON/workspace/7u-2-build-macosx-x86_64/jdk7u45/229/hotspot/src/share/vm/prims/jvm.cpp:1244

Events (10 events):
Event: 1205.800 Thread 0x00007f8fca883000 Thread exited: 0x00007f8fca883000
Event: 1205.982 Thread 0x00007f8fc98e2800 Thread added: 0x00007f8fc98e2800
Event: 1207.719 Executing VM operation: RevokeBias
Event: 1207.719 Executing VM operation: RevokeBias done
Event: 1207.719 Thread 0x00007f8fc98e2800 Thread exited: 0x00007f8fc98e2800
Event: 1208.225 Thread 0x00007f8fcb05f000 Thread added: 0x00007f8fcb05f000
Event: 1208.982 loading class 0x00007f8fc960dbf0
Event: 1208.982 loading class 0x00007f8fc960dbf0 done
Event: 1209.000 loading class 0x00007f8fc9551ed0
Event: 1209.000 loading class 0x00007f8fc9551ed0 done


Dynamic libraries:
0x0000000008e0d000 	/System/Library/Frameworks/Cocoa.framework/Versions/A/Cocoa
0x0000000008e0d000 	/System/Library/Frameworks/Security.framework/Versions/A/Security
0x0000000008e0d000 	/System/Library/Frameworks/ApplicationServices.framework/Versions/A/ApplicationServices
0x0000000008e0d000 	/usr/lib/libz.1.dylib
0x0000000008e0d000 	/usr/lib/libSystem.B.dylib
0x0000000008e0d000 	/usr/lib/libobjc.A.dylib
0x0000000008e0d000 	/System/Library/Frameworks/CoreFoundation.framework/Versions/A/CoreFoundation
0x0000000008e0d000 	/System/Library/Frameworks/Foundation.framework/Versions/C/Foundation
0x0000000008e0d000 	/System/Library/Frameworks/AppKit.framework/Versions/C/AppKit
0x0000000008e0d000 	/System/Library/Frameworks/CoreData.framework/Versions/A/CoreData
0x0000000008e0d000 	/System/Library/PrivateFrameworks/RemoteViewServices.framework/Versions/A/RemoteViewServices
0x0000000008e0d000 	/System/Library/Frameworks/AudioToolbox.framework/Versions/A/AudioToolbox
0x0000000008e0d000 	/System/Library/Frameworks/AudioUnit.framework/Versions/A/AudioUnit
0x0000000008e0d000 	/System/Library/PrivateFrameworks/DataDetectorsCore.framework/Versions/A/DataDetectorsCore
0x0000000008e0d000 	/System/Library/PrivateFrameworks/DesktopServicesPriv.framework/Versions/A/DesktopServicesPriv
0x0000000008e0d000 	/System/Library/Frameworks/Carbon.framework/Versions/A/Frameworks/HIToolbox.framework/Versions/A/HIToolbox
0x0000000008e0d000 	/System/Library/Frameworks/QuartzCore.framework/Versions/A/QuartzCore
0x0000000008e0d000 	/System/Library/Frameworks/Carbon.framework/Versions/A/Frameworks/SpeechRecognition.framework/Versions/A/SpeechRecognition
0x0000000008e0d000 	/usr/lib/libauto.dylib
0x0000000008e0d000 	/usr/lib/libicucore.A.dylib
0x0000000008e0d000 	/usr/lib/libxml2.2.dylib
0x0000000008e0d000 	/System/Library/PrivateFrameworks/CoreUI.framework/Versions/A/CoreUI
0x0000000008e0d000 	/System/Library/Frameworks/CoreAudio.framework/Versions/A/CoreAudio
0x0000000008e0d000 	/System/Library/Frameworks/DiskArbitration.framework/Versions/A/DiskArbitration
0x0000000008e0d000 	/usr/lib/liblangid.dylib
0x0000000008e0d000 	/System/Library/PrivateFrameworks/MultitouchSupport.framework/Versions/A/MultitouchSupport
0x0000000008e0d000 	/System/Library/Frameworks/IOKit.framework/Versions/A/IOKit
0x0000000008e0d000 	/usr/lib/libDiagnosticMessagesClient.dylib
0x0000000008e0d000 	/System/Library/Frameworks/CoreServices.framework/Versions/A/CoreServices
0x0000000008e0d000 	/System/Library/PrivateFrameworks/PerformanceAnalysis.framework/Versions/A/PerformanceAnalysis
0x0000000008e0d000 	/System/Library/PrivateFrameworks/GenerationalStorage.framework/Versions/A/GenerationalStorage
0x0000000008e0d000 	/System/Library/Frameworks/OpenGL.framework/Versions/A/OpenGL
0x0000000008e0d000 	/System/Library/PrivateFrameworks/Sharing.framework/Versions/A/Sharing
0x0000000008e0d000 	/System/Library/Frameworks/ImageIO.framework/Versions/A/ImageIO
0x0000000008e0d000 	/System/Library/Frameworks/CoreText.framework/Versions/A/CoreText
0x0000000008e0d000 	/System/Library/Frameworks/CoreGraphics.framework/Versions/A/CoreGraphics
0x0000000008e0d000 	/System/Library/PrivateFrameworks/Backup.framework/Versions/A/Backup
0x0000000008e0d000 	/System/Library/Frameworks/CFNetwork.framework/Versions/A/CFNetwork
0x0000000008e0d000 	/System/Library/Frameworks/SystemConfiguration.framework/Versions/A/SystemConfiguration
0x0000000008e0d000 	/usr/lib/libCRFSuite.dylib
0x0000000008e0d000 	/usr/lib/libc++.1.dylib
0x0000000008e0d000 	/usr/lib/libc++abi.dylib
0x0000000008e0d000 	/usr/lib/system/libcache.dylib
0x0000000008e0d000 	/usr/lib/system/libcommonCrypto.dylib
0x0000000008e0d000 	/usr/lib/system/libcompiler_rt.dylib
0x0000000008e0d000 	/usr/lib/system/libcopyfile.dylib
0x0000000008e0d000 	/usr/lib/system/libcorecrypto.dylib
0x0000000008e0d000 	/usr/lib/system/libdispatch.dylib
0x0000000008e0d000 	/usr/lib/system/libdyld.dylib
0x0000000008e0d000 	/usr/lib/system/libkeymgr.dylib
0x0000000008e0d000 	/usr/lib/system/liblaunch.dylib
0x0000000008e0d000 	/usr/lib/system/libmacho.dylib
0x0000000008e0d000 	/usr/lib/system/libquarantine.dylib
0x0000000008e0d000 	/usr/lib/system/libremovefile.dylib
0x0000000008e0d000 	/usr/lib/system/libsystem_asl.dylib
0x0000000008e0d000 	/usr/lib/system/libsystem_blocks.dylib
0x0000000008e0d000 	/usr/lib/system/libsystem_c.dylib
0x0000000008e0d000 	/usr/lib/system/libsystem_configuration.dylib
0x0000000008e0d000 	/usr/lib/system/libsystem_dnssd.dylib
0x0000000008e0d000 	/usr/lib/system/libsystem_info.dylib
0x0000000008e0d000 	/usr/lib/system/libsystem_kernel.dylib
0x0000000008e0d000 	/usr/lib/system/libsystem_m.dylib
0x0000000008e0d000 	/usr/lib/system/libsystem_malloc.dylib
0x0000000008e0d000 	/usr/lib/system/libsystem_network.dylib
0x0000000008e0d000 	/usr/lib/system/libsystem_notify.dylib
0x0000000008e0d000 	/usr/lib/system/libsystem_platform.dylib
0x0000000008e0d000 	/usr/lib/system/libsystem_pthread.dylib
0x0000000008e0d000 	/usr/lib/system/libsystem_sandbox.dylib
0x0000000008e0d000 	/usr/lib/system/libsystem_stats.dylib
0x0000000008e0d000 	/usr/lib/system/libunc.dylib
0x0000000008e0d000 	/usr/lib/system/libunwind.dylib
0x0000000008e0d000 	/usr/lib/system/libxpc.dylib
0x0000000008e0d000 	/usr/lib/libbsm.0.dylib
0x0000000008e0d000 	/usr/lib/libsqlite3.dylib
0x0000000008e0d000 	/usr/lib/libxar.1.dylib
0x0000000008e0d000 	/usr/lib/libpam.2.dylib
0x0000000008e0d000 	/usr/lib/libOpenScriptingUtil.dylib
0x0000000008e0d000 	/usr/lib/libbz2.1.0.dylib
0x0000000008e0d000 	/System/Library/Frameworks/CoreServices.framework/Versions/A/Frameworks/CarbonCore.framework/Versions/A/CarbonCore
0x0000000008e0d000 	/System/Library/Frameworks/CoreServices.framework/Versions/A/Frameworks/Metadata.framework/Versions/A/Metadata
0x0000000008e0d000 	/System/Library/Frameworks/CoreServices.framework/Versions/A/Frameworks/OSServices.framework/Versions/A/OSServices
0x0000000008e0d000 	/System/Library/Frameworks/CoreServices.framework/Versions/A/Frameworks/SearchKit.framework/Versions/A/SearchKit
0x0000000008e0d000 	/System/Library/Frameworks/CoreServices.framework/Versions/A/Frameworks/AE.framework/Versions/A/AE
0x0000000008e0d000 	/System/Library/Frameworks/CoreServices.framework/Versions/A/Frameworks/LaunchServices.framework/Versions/A/LaunchServices
0x0000000008e0d000 	/System/Library/Frameworks/CoreServices.framework/Versions/A/Frameworks/DictionaryServices.framework/Versions/A/DictionaryServices
0x0000000008e0d000 	/System/Library/Frameworks/NetFS.framework/Versions/A/NetFS
0x0000000008e0d000 	/usr/lib/system/libkxld.dylib
0x0000000008e0d000 	/System/Library/PrivateFrameworks/NetAuth.framework/Versions/A/NetAuth
0x0000000008e0d000 	/System/Library/PrivateFrameworks/TCC.framework/Versions/A/TCC
0x0000000008e0d000 	/System/Library/Frameworks/OpenDirectory.framework/Versions/A/Frameworks/CFOpenDirectory.framework/Versions/A/CFOpenDirectory
0x0000000008e0d000 	/System/Library/Frameworks/ServiceManagement.framework/Versions/A/ServiceManagement
0x0000000008e0d000 	/usr/lib/libxslt.1.dylib
0x0000000008e0d000 	/System/Library/Frameworks/Carbon.framework/Versions/A/Frameworks/Ink.framework/Versions/A/Ink
0x0000000008e0d000 	/System/Library/Frameworks/ApplicationServices.framework/Versions/A/Frameworks/ATS.framework/Versions/A/ATS
0x0000000008e0d000 	/System/Library/Frameworks/ApplicationServices.framework/Versions/A/Frameworks/ColorSync.framework/Versions/A/ColorSync
0x0000000008e0d000 	/System/Library/Frameworks/ApplicationServices.framework/Versions/A/Frameworks/HIServices.framework/Versions/A/HIServices
0x0000000008e0d000 	/System/Library/Frameworks/ApplicationServices.framework/Versions/A/Frameworks/LangAnalysis.framework/Versions/A/LangAnalysis
0x0000000008e0d000 	/System/Library/Frameworks/ApplicationServices.framework/Versions/A/Frameworks/PrintCore.framework/Versions/A/PrintCore
0x0000000008e0d000 	/System/Library/Frameworks/ApplicationServices.framework/Versions/A/Frameworks/QD.framework/Versions/A/QD
0x0000000008e0d000 	/System/Library/Frameworks/ApplicationServices.framework/Versions/A/Frameworks/SpeechSynthesis.framework/Versions/A/SpeechSynthesis
0x0000000008e0d000 	/System/Library/Frameworks/IOSurface.framework/Versions/A/IOSurface
0x0000000008e0d000 	/System/Library/Frameworks/Accelerate.framework/Versions/A/Accelerate
0x0000000008e0d000 	/System/Library/Frameworks/Accelerate.framework/Versions/A/Frameworks/vImage.framework/Versions/A/vImage
0x0000000008e0d000 	/System/Library/Frameworks/Accelerate.framework/Versions/A/Frameworks/vecLib.framework/Versions/A/vecLib
0x0000000008e0d000 	/System/Library/Frameworks/Accelerate.framework/Versions/A/Frameworks/vecLib.framework/Versions/A/libvDSP.dylib
0x0000000008e0d000 	/System/Library/Frameworks/Accelerate.framework/Versions/A/Frameworks/vecLib.framework/Versions/A/libvMisc.dylib
0x0000000008e0d000 	/System/Library/Frameworks/Accelerate.framework/Versions/A/Frameworks/vecLib.framework/Versions/A/libLAPACK.dylib
0x0000000008e0d000 	/System/Library/Frameworks/Accelerate.framework/Versions/A/Frameworks/vecLib.framework/Versions/A/libBLAS.dylib
0x0000000008e0d000 	/System/Library/Frameworks/ApplicationServices.framework/Versions/A/Frameworks/ATS.framework/Versions/A/Resources/libFontParser.dylib
0x0000000008e0d000 	/System/Library/Frameworks/ApplicationServices.framework/Versions/A/Frameworks/ATS.framework/Versions/A/Resources/libFontRegistry.dylib
0x0000000008e0d000 	/System/Library/Frameworks/ImageIO.framework/Versions/A/Resources/libJPEG.dylib
0x0000000008e0d000 	/System/Library/Frameworks/ImageIO.framework/Versions/A/Resources/libTIFF.dylib
0x0000000008e0d000 	/System/Library/Frameworks/ImageIO.framework/Versions/A/Resources/libPng.dylib
0x0000000008e0d000 	/System/Library/Frameworks/ImageIO.framework/Versions/A/Resources/libGIF.dylib
0x0000000008e0d000 	/System/Library/Frameworks/ImageIO.framework/Versions/A/Resources/libJP2.dylib
0x0000000008e0d000 	/System/Library/Frameworks/ImageIO.framework/Versions/A/Resources/libRadiance.dylib
0x0000000008e0d000 	/usr/lib/libcups.2.dylib
0x0000000008e0d000 	/System/Library/Frameworks/Kerberos.framework/Versions/A/Kerberos
0x0000000008e0d000 	/System/Library/Frameworks/GSS.framework/Versions/A/GSS
0x0000000008e0d000 	/usr/lib/libresolv.9.dylib
0x0000000008e0d000 	/usr/lib/libiconv.2.dylib
0x0000000008e0d000 	/System/Library/PrivateFrameworks/Heimdal.framework/Versions/A/Heimdal
0x0000000008e0d000 	/System/Library/PrivateFrameworks/TrustEvaluationAgent.framework/Versions/A/TrustEvaluationAgent
0x0000000008e0d000 	/usr/lib/libheimdal-asn1.dylib
0x0000000008e0d000 	/System/Library/Frameworks/OpenDirectory.framework/Versions/A/OpenDirectory
0x0000000008e0d000 	/System/Library/PrivateFrameworks/CommonAuth.framework/Versions/A/CommonAuth
0x0000000008e0d000 	/System/Library/Frameworks/SecurityFoundation.framework/Versions/A/SecurityFoundation
0x0000000008e0d000 	/System/Library/PrivateFrameworks/Bom.framework/Versions/A/Bom
0x0000000008e0d000 	/System/Library/Frameworks/CoreVideo.framework/Versions/A/CoreVideo
0x0000000008e0d000 	/System/Library/Frameworks/QuartzCore.framework/Versions/A/Frameworks/CoreImage.framework/Versions/A/CoreImage
0x0000000008e0d000 	/System/Library/Frameworks/QuartzCore.framework/Versions/A/Frameworks/ScalableUserInterface.framework/Versions/A/ScalableUserInterface
0x0000000008e0d000 	/System/Library/Frameworks/OpenGL.framework/Versions/A/Libraries/libGLU.dylib
0x0000000008e0d000 	/System/Library/Frameworks/OpenGL.framework/Versions/A/Libraries/libGFXShared.dylib
0x0000000008e0d000 	/System/Library/Frameworks/OpenGL.framework/Versions/A/Libraries/libGL.dylib
0x0000000008e0d000 	/System/Library/Frameworks/OpenGL.framework/Versions/A/Libraries/libGLImage.dylib
0x0000000008e0d000 	/System/Library/Frameworks/OpenGL.framework/Versions/A/Libraries/libCVMSPluginSupport.dylib
0x0000000008e0d000 	/System/Library/Frameworks/OpenGL.framework/Versions/A/Libraries/libCoreVMClient.dylib
0x0000000008e0d000 	/System/Library/PrivateFrameworks/FaceCore.framework/Versions/A/FaceCore
0x0000000008e0d000 	/System/Library/PrivateFrameworks/CrashReporterSupport.framework/Versions/A/CrashReporterSupport
0x0000000008e0d000 	/System/Library/Frameworks/OpenCL.framework/Versions/A/OpenCL
0x0000000008e0d000 	/System/Library/PrivateFrameworks/AppleFSCompression.framework/Versions/A/AppleFSCompression
0x0000000008e0d000 	/System/Library/PrivateFrameworks/Ubiquity.framework/Versions/A/Ubiquity
0x0000000008e0d000 	/System/Library/PrivateFrameworks/IconServices.framework/Versions/A/IconServices
0x0000000008e0d000 	/System/Library/PrivateFrameworks/ChunkingLibrary.framework/Versions/A/ChunkingLibrary
0x0000000008e0d000 	/System/Library/PrivateFrameworks/CoreSymbolication.framework/Versions/A/CoreSymbolication
0x0000000008e0d000 	/System/Library/PrivateFrameworks/Symbolication.framework/Versions/A/Symbolication
0x0000000008e0d000 	/System/Library/PrivateFrameworks/DebugSymbols.framework/Versions/A/DebugSymbols
0x0000000108800000 	/Library/Java/JavaVirtualMachines/jdk1.7.0_45.jdk/Contents/Home/jre/lib/server/libjvm.dylib
0x0000000008e0d000 	/usr/lib/libstdc++.6.dylib
0x0000000109253000 	/Library/Java/JavaVirtualMachines/jdk1.7.0_45.jdk/Contents/Home/jre/lib/libverify.dylib
0x0000000109260000 	/Library/Java/JavaVirtualMachines/jdk1.7.0_45.jdk/Contents/Home/jre/lib/libjava.dylib
0x0000000109298000 	/Library/Java/JavaVirtualMachines/jdk1.7.0_45.jdk/Contents/Home/jre/lib/libzip.dylib
0x00000001105a3000 	/System/Library/Frameworks/JavaVM.framework/Frameworks/JavaRuntimeSupport.framework/JavaRuntimeSupport
0x00000001105bb000 	/System/Library/Frameworks/JavaVM.framework/Versions/A/Frameworks/JavaNativeFoundation.framework/Versions/A/JavaNativeFoundation
0x00000001105d0000 	/System/Library/Frameworks/JavaVM.framework/Versions/A/JavaVM
0x0000000008e0d000 	/System/Library/Frameworks/Carbon.framework/Versions/A/Carbon
0x00000001105dd000 	/System/Library/PrivateFrameworks/JavaLaunching.framework/Versions/A/JavaLaunching
0x0000000008e0d000 	/System/Library/Frameworks/Carbon.framework/Versions/A/Frameworks/CommonPanels.framework/Versions/A/CommonPanels
0x0000000008e0d000 	/System/Library/Frameworks/Carbon.framework/Versions/A/Frameworks/Help.framework/Versions/A/Help
0x0000000008e0d000 	/System/Library/Frameworks/Carbon.framework/Versions/A/Frameworks/ImageCapture.framework/Versions/A/ImageCapture
0x0000000008e0d000 	/System/Library/Frameworks/Carbon.framework/Versions/A/Frameworks/OpenScripting.framework/Versions/A/OpenScripting
0x0000000008e0d000 	/System/Library/Frameworks/Carbon.framework/Versions/A/Frameworks/Print.framework/Versions/A/Print
0x0000000008e0d000 	/System/Library/Frameworks/Carbon.framework/Versions/A/Frameworks/SecurityHI.framework/Versions/A/SecurityHI
0x0000000110cbf000 	/private/var/folders/bg/d3p37_rj4kl7w8ppds53cp_80000gn/T/libgdxYayo/d60d5b7/libgdx.dylib
0x0000000110d8f000 	/Library/Java/JavaVirtualMachines/jdk1.7.0_45.jdk/Contents/Home/jre/lib/libawt.dylib
0x0000000110e3e000 	/Library/Java/JavaVirtualMachines/jdk1.7.0_45.jdk/Contents/Home/jre/lib/./libmlib_image.dylib
0x0000000110f0a000 	/Library/Java/JavaVirtualMachines/jdk1.7.0_45.jdk/Contents/Home/jre/lib/lwawt/liblwawt.dylib
0x0000000110fbe000 	/Library/Java/JavaVirtualMachines/jdk1.7.0_45.jdk/Contents/Home/jre/lib/libosxapp.dylib
0x0000000008e0d000 	/System/Library/Frameworks/ExceptionHandling.framework/Versions/A/ExceptionHandling
0x0000000008e0d000 	/System/Library/PrivateFrameworks/CoreServicesInternal.framework/Versions/A/CoreServicesInternal
0x0000000008e0d000 	/System/Library/PrivateFrameworks/Librarian.framework/Versions/A/Librarian
0x0000000008e0d000 	/System/Library/Frameworks/CoreGraphics.framework/Versions/A/Resources/libCGCMS.A.dylib
0x0000000008e0d000 	/System/Library/Frameworks/CoreGraphics.framework/Versions/A/Resources/libRIP.A.dylib
0x0000000008e0d000 	/System/Library/Frameworks/CoreGraphics.framework/Versions/A/Resources/libCGXType.A.dylib
0x0000000008e0d000 	/System/Library/PrivateFrameworks/FamilyControls.framework/Versions/A/FamilyControls
0x0000000008e0d000 	/System/Library/PrivateFrameworks/CommerceKit.framework/Versions/A/Frameworks/CommerceCore.framework/Versions/A/CommerceCore
0x0000000008e0d000 	/System/Library/PrivateFrameworks/SystemAdministration.framework/Versions/A/SystemAdministration
0x0000000008e0d000 	/System/Library/Frameworks/DirectoryService.framework/Versions/A/DirectoryService
0x0000000008e0d000 	/System/Library/PrivateFrameworks/DiskImages.framework/Versions/A/DiskImages
0x0000000008e0d000 	/System/Library/PrivateFrameworks/LoginUIKit.framework/Versions/A/Frameworks/LoginUICore.framework/Versions/A/LoginUICore
0x0000000008e0d000 	/usr/lib/libCoreStorage.dylib
0x0000000008e0d000 	/usr/lib/libcsfde.dylib
0x0000000008e0d000 	/usr/lib/libodfde.dylib
0x0000000008e0d000 	/System/Library/Frameworks/DiscRecording.framework/Versions/A/DiscRecording
0x0000000008e0d000 	/usr/lib/libcurl.4.dylib
0x0000000008e0d000 	/System/Library/PrivateFrameworks/MediaKit.framework/Versions/A/MediaKit
0x0000000008e0d000 	/System/Library/PrivateFrameworks/EFILogin.framework/Versions/A/EFILogin
0x0000000008e0d000 	/usr/lib/libutil.dylib
0x0000000008e0d000 	/System/Library/PrivateFrameworks/AOSNotification.framework/Versions/A/AOSNotification
0x0000000008e0d000 	/System/Library/Frameworks/LDAP.framework/Versions/A/LDAP
0x0000000008e0d000 	/usr/lib/libsasl2.2.dylib
0x0000000008e0d000 	/usr/lib/libcrypto.0.9.8.dylib
0x0000000008e0d000 	/usr/lib/libssl.0.9.8.dylib
0x000000011508e000 	/Library/Java/JavaVirtualMachines/jdk1.7.0_45.jdk/Contents/Home/jre/lib/libfontmanager.dylib
0x00000001150f2000 	/private/var/folders/bg/d3p37_rj4kl7w8ppds53cp_80000gn/T/libgdxYayo/75260a42/liblwjgl.jnilib
0x00000001136a1000 	/Library/Java/JavaVirtualMachines/jdk1.7.0_45.jdk/Contents/Home/jre/lib/libjawt.dylib
0x000000011516d000 	/var/folders/bg/d3p37_rj4kl7w8ppds53cp_80000gn/T/libgdxYayo/75260a42/openal.dylib
0x00000001151dc000 	/System/Library/Components/CoreAudio.component/Contents/MacOS/CoreAudio
0x0000000115457000 	/System/Library/Extensions/AppleHDA.kext/Contents/PlugIns/AppleHDAHALPlugIn.bundle/Contents/MacOS/AppleHDAHALPlugIn
0x0000000008e0d000 	/System/Library/Frameworks/OpenGL.framework/Versions/A/Resources/GLEngine.bundle/GLEngine
0x0000000008e0d000 	/System/Library/Frameworks/OpenGL.framework/Versions/A/Libraries/libGLProgrammability.dylib
0x0000000000000000 	/System/Library/Extensions/AppleIntelHD5000GraphicsGLDriver.bundle/Contents/MacOS/AppleIntelHD5000GraphicsGLDriver
0x0000000008e0d000 	/System/Library/PrivateFrameworks/IOAccelerator.framework/Versions/A/IOAccelerator
0x0000000008e0d000 	/System/Library/PrivateFrameworks/GPUSupport.framework/Versions/A/Libraries/libGPUSupportMercury.dylib
0x0000000008e0d000 	/System/Library/Frameworks/OpenGL.framework/Versions/A/Resources/GLRendererFloat.bundle/GLRendererFloat
0x0000000008e0d000 	/System/Library/Frameworks/OpenCL.framework/Versions/A/Libraries/libcldcpuengine.dylib

VM Arguments:
jvm_args: -Dfile.encoding=US-ASCII 
java_command: com.tiarsoft.lander.Main
Launcher Type: SUN_STANDARD

Environment Variables:
PATH=/usr/bin:/bin:/usr/sbin:/sbin
SHELL=/bin/bash
DISPLAY=/tmp/launch-lpTXBa/org.macosforge.xquartz:0

Signal Handlers:
SIGSEGV: [libjvm.dylib+0x525415], sa_mask[0]=0xfffefeff, sa_flags=0x00000043
SIGBUS: [libjvm.dylib+0x525415], sa_mask[0]=0xfffefeff, sa_flags=0x00000042
SIGFPE: [libjvm.dylib+0x41891a], sa_mask[0]=0xfffefeff, sa_flags=0x00000042
SIGPIPE: [libjvm.dylib+0x41891a], sa_mask[0]=0xfffefeff, sa_flags=0x00000042
SIGXFSZ: [libjvm.dylib+0x41891a], sa_mask[0]=0xfffefeff, sa_flags=0x00000042
SIGILL: [libjvm.dylib+0x41891a], sa_mask[0]=0xfffefeff, sa_flags=0x00000042
SIGUSR1: SIG_DFL, sa_mask[0]=0x00000000, sa_flags=0x00000002
SIGUSR2: [libjvm.dylib+0x41840c], sa_mask[0]=0x00000004, sa_flags=0x00000042
SIGHUP: [libjvm.dylib+0x41669b], sa_mask[0]=0xfffefeff, sa_flags=0x00000042
SIGINT: [libjvm.dylib+0x41669b], sa_mask[0]=0xfffefeff, sa_flags=0x00000042
SIGTERM: [libjvm.dylib+0x41669b], sa_mask[0]=0xfffefeff, sa_flags=0x00000042
SIGQUIT: [libjvm.dylib+0x41669b], sa_mask[0]=0xfffefeff, sa_flags=0x00000042


---------------  S Y S T E M  ---------------

OS:Bsduname:Darwin 13.0.0 Darwin Kernel Version 13.0.0: Thu Sep 19 22:22:27 PDT 2013; root:xnu-2422.1.72~6/RELEASE_X86_64 x86_64
rlimit: STACK 8192k, CORE 0k, NPROC 709, NOFILE 10240, AS infinity
load average:2.85 3.03 2.41

CPU:total 4 (2 cores per cpu, 2 threads per core) family 6 model 69 stepping 1, cmov, cx8, fxsr, mmx, sse, sse2, sse3, ssse3, sse4.1, sse4.2, popcnt, avx, avx2, aes, erms, ht, tsc, tscinvbit

Memory: 4k page, physical 4194304k(1048576k free)

/proc/meminfo:


vm_info: Java HotSpot(TM) 64-Bit Server VM (24.45-b08) for bsd-amd64 JRE (1.7.0_45-b18), built on Oct  8 2013 05:54:16 by "java_re" with gcc 4.2.1 (Based on Apple Inc. build 5658) (LLVM build 2336.11.00)

time: Sat Feb 15 15:37:47 2014
elapsed time: 1209 seconds

