#
# A fatal error has been detected by the Java Runtime Environment:
#
#  SIGSEGV (0xb) at pc=0x00007fff8f4a1097, pid=69033, tid=1287
#
# JRE version: Java(TM) SE Runtime Environment (7.0_45-b18) (build 1.7.0_45-b18)
# Java VM: Java HotSpot(TM) 64-Bit Server VM (24.45-b08 mixed mode bsd-amd64 compressed oops)
# Problematic frame:
# C  [libobjc.A.dylib+0x5097]  objc_msgSend+0x17
#
# Failed to write core dump. Core dumps have been disabled. To enable core dumping, try "ulimit -c unlimited" before starting Java again
#
# If you would like to submit a bug report, please visit:
#   http://bugreport.sun.com/bugreport/crash.jsp
# The crash happened outside the Java Virtual Machine in native code.
# See problematic frame for where to report the bug.
#

---------------  T H R E A D  ---------------

Current thread (0x00007fa6fa8ac800):  JavaThread "AppKit Thread" daemon [_thread_in_native, id=1287, stack(0x00007fff5452c000,0x00007fff545ac000)]

siginfo:si_signo=SIGSEGV: si_errno=0, si_code=0 (SEGV0), si_addr=0x0000000000000000

Registers:
RAX=0xda006837d9227dd0, RBX=0x00007fa6f97438a0, RCX=0x00007fa6f98090b0, RDX=0x00000000a1a1a1a1
RSP=0x00007fff545a5af8, RBP=0x00007fff545a5b20, RSI=0x00007fff88b4dd36, RDI=0x00007fa6f97438a0
R8 =0x0000000000000001, R9 =0x00007fa6f945c9f0, R10=0x00007fff88b4dd36, R11=0x200007fa6f974343
R12=0x00007fa6f9554490, R13=0x00007fa6f9665000, R14=0x00007fa6f9554400, R15=0x0000000000000090
RIP=0x00007fff8f4a1097, EFLAGS=0x0000000000010246, ERR=0x0000000000000000
  TRAPNO=0x000000000000000d

Top of Stack: (sp=0x00007fff545a5af8)
0x00007fff545a5af8:   000000011884a67e 00007fa6f9554490
0x00007fff545a5b08:   000000011887cb98 00007fa6f95281b0
0x00007fff545a5b18:   0000000000000094 00007fff545a6000
0x00007fff545a5b28:   00007fff8822be12 0000000000000000
0x00007fff545a5b38:   0000000000000000 4074000000000000
0x00007fff545a5b48:   407e000000000000 0000000000000000
0x00007fff545a5b58:   0000000000000000 4074000000000000
0x00007fff545a5b68:   407e000000000000 00007fff8f4a11c4
0x00007fff545a5b78:   00007fa6f964a8c0 00007fff545a5c00
0x00007fff545a5b88:   00007fa6f95281b0 401c000000000000
0x00007fff545a5b98:   00007fff88b111db 002c000000000001
0x00007fff545a5ba8:   4030000000000000 401c000000000000
0x00007fff545a5bb8:   407e300000000000 00007fa6f96305a0
0x00007fff545a5bc8:   4030000000000000 00007fa6f964a8c0
0x00007fff545a5bd8:   0000000000000000 00007fa6f9554490
0x00007fff545a5be8:   0000000000000000 00007fff545a5c01
0x00007fff545a5bf8:   00007fff545a5d60 00007fff545a5d50
0x00007fff545a5c08:   00007fff8831082a 00007fff545a5d50
0x00007fff545a5c18:   00007fff88311259 402c000000000000
0x00007fff545a5c28:   4030000000000000 401c000000000000
0x00007fff545a5c38:   407e300000000000 402c000000000000
0x00007fff545a5c48:   4030000000000000 0000000000000000
0x00007fff545a5c58:   0000000000000000 4074000000000000
0x00007fff545a5c68:   407f600000000000 401c000000000000
0x00007fff545a5c78:   407e300000000000 000000010b672800
0x00007fff545a5c88:   0000000000000006 00007fa6f97a0780
0x00007fff545a5c98:   00007fa6f97a07e0 000000010b672800
0x00007fff545a5ca8:   000000000000000b 00007fff545a5d50
0x00007fff545a5cb8:   00007fff8d01f06e 00007fa6f9700000
0x00007fff545a5cc8:   00007fa6f97fc080 00007fa6f97a0898
0x00007fff545a5cd8:   0000000000000a09 00000000000a0640
0x00007fff545a5ce8:   00000000000000b0 00007fa600000085 

Instructions: (pc=0x00007fff8f4a1097)
0x00007fff8f4a1077:   90 90 90 90 90 90 90 90 90 48 85 ff 2e 74 72 40
0x00007fff8f4a1087:   f6 c7 01 2e 0f 85 7e 00 00 00 4c 8b 1f 49 89 f2
0x00007fff8f4a1097:   45 23 53 18 49 c1 e2 04 4d 03 53 10 49 3b 32 75
0x00007fff8f4a10a7:   04 41 ff 62 08 49 83 3a 00 74 74 4d 3b 53 10 74 

Register to memory mapping:

RAX=0xda006837d9227dd0 is an unknown value
RBX=0x00007fa6f97438a0 is an unknown value
RCX=0x00007fa6f98090b0 is an unknown value
RDX=0x00000000a1a1a1a1 is an unknown value
RSP=0x00007fff545a5af8 is pointing into the stack for thread: 0x00007fa6fa8ac800
RBP=0x00007fff545a5b20 is pointing into the stack for thread: 0x00007fa6fa8ac800
RSI=0x00007fff88b4dd36: NSAppKitVersionNumber+0x534f6 in /System/Library/Frameworks/AppKit.framework/Versions/C/AppKit at 0x00007fff880ac000
RDI=0x00007fa6f97438a0 is an unknown value
R8 =0x0000000000000001 is an unknown value
R9 =0x00007fa6f945c9f0 is an unknown value
R10=0x00007fff88b4dd36: NSAppKitVersionNumber+0x534f6 in /System/Library/Frameworks/AppKit.framework/Versions/C/AppKit at 0x00007fff880ac000
R11=0x200007fa6f974343 is an unknown value
R12=0x00007fa6f9554490 is an unknown value
R13=0x00007fa6f9665000 is an unknown value
R14=0x00007fa6f9554400 is an unknown value
R15=0x0000000000000090 is an unknown value


Stack: [0x00007fff5452c000,0x00007fff545ac000],  sp=0x00007fff545a5af8,  free space=486k
Native frames: (J=compiled Java code, j=interpreted, Vv=VM code, C=native code)
C  [libobjc.A.dylib+0x5097]  objc_msgSend+0x17
C  [AppKit+0x17fe12]  -[NSView _recursiveDisplayRectIfNeededIgnoringOpacity:isVisibleRect:rectIsVisibleRectForView:topView:]+0x70b
C  [AppKit+0x180f0e]  -[NSView _recursiveDisplayRectIfNeededIgnoringOpacity:isVisibleRect:rectIsVisibleRectForView:topView:]+0x1807
C  [AppKit+0x17f201]  -[NSThemeFrame _recursiveDisplayRectIfNeededIgnoringOpacity:isVisibleRect:rectIsVisibleRectForView:topView:]+0x13a
C  [AppKit+0x17c209]  -[NSView _displayRectIgnoringOpacity:isVisibleRect:rectIsVisibleRectForView:]+0xb0c
C  [AppKit+0x15b63a]  -[NSView displayIfNeeded]+0x690
C  [AppKit+0x1c089e]  _handleWindowNeedsDisplayOrLayoutOrUpdateConstraints+0x374
C  [Foundation+0x65094]  __NSFireTimer+0x60
C  [CoreFoundation+0xb5724]  __CFRUNLOOP_IS_CALLING_OUT_TO_A_TIMER_CALLBACK_FUNCTION__+0x14
C  [CoreFoundation+0xb525f]  __CFRunLoopDoTimer+0x47f
C  [CoreFoundation+0x12676a]  __CFRunLoopDoTimers+0x12a
C  [CoreFoundation+0x70aa5]  __CFRunLoopRun+0x5f5
C  [CoreFoundation+0x70275]  CFRunLoopRunSpecific+0x135
C  [HIToolbox+0x2ef0d]  RunCurrentEventLoopInMode+0xe2
C  [HIToolbox+0x2ecb7]  ReceiveNextEventCommon+0x1df
C  [HIToolbox+0x2eabc]  _BlockUntilNextEventMatchingListInModeWithFilter+0x41
C  [AppKit+0x2428e]  _DPSNextEvent+0x59a
C  [AppKit+0x238db]  -[NSApplication nextEventMatchingMask:untilDate:inMode:dequeue:]+0x7a
C  [libosxapp.dylib+0x16f4]  -[NSApplicationAWT nextEventMatchingMask:untilDate:inMode:dequeue:]+0x7c
C  [AppKit+0x179cc]  -[NSApplication run]+0x229
C  [libosxapp.dylib+0x1557]  +[NSApplicationAWT runAWTLoopWithApp:]+0x9c
C  [liblwawt.dylib+0xdba9]  -[AWTStarter starter:]+0x369
C  [Foundation+0x640de]  __NSThreadPerformPerform+0xe5
C  [CoreFoundation+0x7f8f1]  __CFRUNLOOP_IS_CALLING_OUT_TO_A_SOURCE0_PERFORM_FUNCTION__+0x11
C  [CoreFoundation+0x71062]  __CFRunLoopDoSources0+0xf2
C  [CoreFoundation+0x707ef]  __CFRunLoopRun+0x33f
C  [CoreFoundation+0x70275]  CFRunLoopRunSpecific+0x135
C  [java+0x73b0]  CreateExecutionEnvironment+0x367
C  [java+0x1b5c]  JLI_Launch+0x7a0
C  [java+0x770d]  main+0x65
C  [java+0x13b4]  start+0x34


---------------  P R O C E S S  ---------------

Java Threads: ( => current thread )
  0x00007fa6f993f000 JavaThread "AWT-Shutdown" [_thread_blocked, id=13587, stack(0x000000011a1d9000,0x000000011a2d9000)]
  0x00007fa6fa85c800 JavaThread "DestroyJavaVM" [_thread_blocked, id=6915, stack(0x000000010ca01000,0x000000010cb01000)]
  0x00007fa6fb0eb800 JavaThread "LWJGL Application" [_thread_in_native, id=62211, stack(0x0000000118d31000,0x0000000118e31000)]
=>0x00007fa6fa8ac800 JavaThread "AppKit Thread" daemon [_thread_in_native, id=1287, stack(0x00007fff5452c000,0x00007fff545ac000)]
  0x00007fa6fa01f000 JavaThread "Service Thread" daemon [_thread_blocked, id=19459, stack(0x000000011426c000,0x000000011436c000)]
  0x00007fa6fa002800 JavaThread "C2 CompilerThread1" daemon [_thread_blocked, id=18947, stack(0x0000000114169000,0x0000000114269000)]
  0x00007fa6fa80e800 JavaThread "C2 CompilerThread0" daemon [_thread_blocked, id=18435, stack(0x0000000114066000,0x0000000114166000)]
  0x00007fa6fb03e000 JavaThread "Signal Dispatcher" daemon [_thread_blocked, id=17923, stack(0x0000000113f63000,0x0000000114063000)]
  0x00007fa6fa80e000 JavaThread "Finalizer" daemon [_thread_blocked, id=13059, stack(0x0000000113d14000,0x0000000113e14000)]
  0x00007fa6fa00d800 JavaThread "Reference Handler" daemon [_thread_blocked, id=12547, stack(0x0000000113c11000,0x0000000113d11000)]

Other Threads:
  0x00007fa6fb03a800 VMThread [stack: 0x0000000113b0e000,0x0000000113c0e000] [id=12035]
  0x00007fa6fa028000 WatcherThread [stack: 0x000000011436f000,0x000000011446f000] [id=19971]

VM state:not at safepoint (normal execution)

VM Mutex/Monitor currently owned by a thread: None

Heap
 PSYoungGen      total 19456K, used 4979K [0x00000007eaa80000, 0x00000007ec000000, 0x0000000800000000)
  eden space 16896K, 14% used [0x00000007eaa80000,0x00000007eacdee98,0x00000007ebb00000)
  from space 2560K, 99% used [0x00000007ebb00000,0x00000007ebd7e0b0,0x00000007ebd80000)
  to   space 2560K, 0% used [0x00000007ebd80000,0x00000007ebd80000,0x00000007ec000000)
 ParOldGen       total 43520K, used 940K [0x00000007c0000000, 0x00000007c2a80000, 0x00000007eaa80000)
  object space 43520K, 2% used [0x00000007c0000000,0x00000007c00eb340,0x00000007c2a80000)
 PSPermGen       total 21504K, used 7188K [0x00000007bae00000, 0x00000007bc300000, 0x00000007c0000000)
  object space 21504K, 33% used [0x00000007bae00000,0x00000007bb505090,0x00000007bc300000)

Card table byte_map: [0x000000010fbd4000,0x000000010fdfe000] byte_map_base: 0x000000010bdfd000

Polling page: 0x000000010c1f8000

Code Cache  [0x000000010cb14000, 0x000000010cd84000, 0x000000010fb14000)
 total_blobs=642 nmethods=263 adapters=333 free_code_cache=48257Kb largest_free_block=49390720

Compilation events (10 events):
Event: 84.950 Thread 0x00007fa6fa80e800  258             java.lang.ThreadLocal::get (34 bytes)
Event: 84.953 Thread 0x00007fa6fa80e800 nmethod 258 0x000000010cbf5550 code [0x000000010cbf56a0, 0x000000010cbf57d8]
Event: 94.118 Thread 0x00007fa6fa002800  259             com.badlogic.gdx.utils.SnapshotArray::modified (82 bytes)
Event: 94.118 Thread 0x00007fa6fa80e800  260             com.badlogic.gdx.utils.SnapshotArray::end (80 bytes)
Event: 94.119 Thread 0x00007fa6fa002800 nmethod 259 0x000000010cbf3210 code [0x000000010cbf3340, 0x000000010cbf33b8]
Event: 94.119 Thread 0x00007fa6fa80e800 nmethod 260 0x000000010cbf5290 code [0x000000010cbf53e0, 0x000000010cbf5498]
Event: 94.232 Thread 0x00007fa6fa002800  261             org.lwjgl.opengl.Display::getHeight (30 bytes)
Event: 94.235 Thread 0x00007fa6fa002800 nmethod 261 0x000000010cbf4cd0 code [0x000000010cbf4e20, 0x000000010cbf50f8]
Event: 109.560 Thread 0x00007fa6fa80e800  262             java.lang.AbstractStringBuilder::<init> (12 bytes)
Event: 109.561 Thread 0x00007fa6fa80e800 nmethod 262 0x000000010cbf9890 code [0x000000010cbf99e0, 0x000000010cbf9af8]

GC Heap History (2 events):
Event: 50.598 GC heap before
{Heap before GC invocations=1 (full 0):
 PSYoungGen      total 19456K, used 16896K [0x00000007eaa80000, 0x00000007ec000000, 0x0000000800000000)
  eden space 16896K, 100% used [0x00000007eaa80000,0x00000007ebb00000,0x00000007ebb00000)
  from space 2560K, 0% used [0x00000007ebd80000,0x00000007ebd80000,0x00000007ec000000)
  to   space 2560K, 0% used [0x00000007ebb00000,0x00000007ebb00000,0x00000007ebd80000)
 ParOldGen       total 43520K, used 0K [0x00000007c0000000, 0x00000007c2a80000, 0x00000007eaa80000)
  object space 43520K, 0% used [0x00000007c0000000,0x00000007c0000000,0x00000007c2a80000)
 PSPermGen       total 21504K, used 7129K [0x00000007bae00000, 0x00000007bc300000, 0x00000007c0000000)
  object space 21504K, 33% used [0x00000007bae00000,0x00000007bb4f67b0,0x00000007bc300000)
Event: 50.605 GC heap after
Heap after GC invocations=1 (full 0):
 PSYoungGen      total 19456K, used 2552K [0x00000007eaa80000, 0x00000007ec000000, 0x0000000800000000)
  eden space 16896K, 0% used [0x00000007eaa80000,0x00000007eaa80000,0x00000007ebb00000)
  from space 2560K, 99% used [0x00000007ebb00000,0x00000007ebd7e0b0,0x00000007ebd80000)
  to   space 2560K, 0% used [0x00000007ebd80000,0x00000007ebd80000,0x00000007ec000000)
 ParOldGen       total 43520K, used 940K [0x00000007c0000000, 0x00000007c2a80000, 0x00000007eaa80000)
  object space 43520K, 2% used [0x00000007c0000000,0x00000007c00eb340,0x00000007c2a80000)
 PSPermGen       total 21504K, used 7129K [0x00000007bae00000, 0x00000007bc300000, 0x00000007c0000000)
  object space 21504K, 33% used [0x00000007bae00000,0x00000007bb4f67b0,0x00000007bc300000)
}

Deoptimization events (0 events):
No events

Internal exceptions (10 events):
Event: 1.017 Thread 0x00007fa6fb0eb800 Threw 0x00000007eb8a6dc8 at /HUDSON/workspace/7u-2-build-macosx-x86_64/jdk7u45/229/hotspot/src/share/vm/prims/jvm.cpp:1244
Event: 1.018 Thread 0x00007fa6fb0eb800 Threw 0x00000007eb8b3568 at /HUDSON/workspace/7u-2-build-macosx-x86_64/jdk7u45/229/hotspot/src/share/vm/prims/jvm.cpp:1244
Event: 1.019 Thread 0x00007fa6fb0eb800 Threw 0x00000007eb8b9db8 at /HUDSON/workspace/7u-2-build-macosx-x86_64/jdk7u45/229/hotspot/src/share/vm/prims/jvm.cpp:1244
Event: 1.020 Thread 0x00007fa6fb0eb800 Threw 0x00000007eb8c16e8 at /HUDSON/workspace/7u-2-build-macosx-x86_64/jdk7u45/229/hotspot/src/share/vm/prims/jvm.cpp:1244
Event: 1.021 Thread 0x00007fa6fb0eb800 Threw 0x00000007eb8c6a60 at /HUDSON/workspace/7u-2-build-macosx-x86_64/jdk7u45/229/hotspot/src/share/vm/prims/jvm.cpp:1244
Event: 1.023 Thread 0x00007fa6fb0eb800 Threw 0x00000007eb8dd530 at /HUDSON/workspace/7u-2-build-macosx-x86_64/jdk7u45/229/hotspot/src/share/vm/prims/jvm.cpp:1244
Event: 1.027 Thread 0x00007fa6fb0eb800 Threw 0x00000007eb8e57c0 at /HUDSON/workspace/7u-2-build-macosx-x86_64/jdk7u45/229/hotspot/src/share/vm/prims/jvm.cpp:1244
Event: 1.028 Thread 0x00007fa6fb0eb800 Threw 0x00000007eb8eaf90 at /HUDSON/workspace/7u-2-build-macosx-x86_64/jdk7u45/229/hotspot/src/share/vm/prims/jvm.cpp:1244
Event: 112.423 Thread 0x00007fa6fb0eb800 Threw 0x00000007eacca228 at /HUDSON/workspace/7u-2-build-macosx-x86_64/jdk7u45/229/hotspot/src/share/vm/prims/jvm.cpp:1244
Event: 112.438 Thread 0x00007fa6fb0eb800 Threw 0x00000007eaccf6f0 at /HUDSON/workspace/7u-2-build-macosx-x86_64/jdk7u45/229/hotspot/src/share/vm/prims/jvm.cpp:1244

Events (10 events):
Event: 95.090 Thread 0x00007fa6fa82b000 Thread exited: 0x00007fa6fa82b000
Event: 110.787 Thread 0x00007fa6fa1f8000 Thread added: 0x00007fa6fa1f8000
Event: 111.803 Executing VM operation: RevokeBias
Event: 111.803 Executing VM operation: RevokeBias done
Event: 111.803 Thread 0x00007fa6fa1f8000 Thread exited: 0x00007fa6fa1f8000
Event: 111.882 Thread 0x00007fa6f993f000 Thread added: 0x00007fa6f993f000
Event: 112.423 loading class 0x00007fa6f9411790
Event: 112.423 loading class 0x00007fa6f9411790 done
Event: 112.438 loading class 0x00007fa6f9532b90
Event: 112.438 loading class 0x00007fa6f9532b90 done


Dynamic libraries:
0x0000000007ca4000 	/System/Library/Frameworks/Cocoa.framework/Versions/A/Cocoa
0x0000000007ca4000 	/System/Library/Frameworks/Security.framework/Versions/A/Security
0x0000000007ca4000 	/System/Library/Frameworks/ApplicationServices.framework/Versions/A/ApplicationServices
0x0000000007ca4000 	/usr/lib/libz.1.dylib
0x0000000007ca4000 	/usr/lib/libSystem.B.dylib
0x0000000007ca4000 	/usr/lib/libobjc.A.dylib
0x0000000007ca4000 	/System/Library/Frameworks/CoreFoundation.framework/Versions/A/CoreFoundation
0x0000000007ca4000 	/System/Library/Frameworks/Foundation.framework/Versions/C/Foundation
0x0000000007ca4000 	/System/Library/Frameworks/AppKit.framework/Versions/C/AppKit
0x0000000007ca4000 	/System/Library/Frameworks/CoreData.framework/Versions/A/CoreData
0x0000000007ca4000 	/System/Library/PrivateFrameworks/RemoteViewServices.framework/Versions/A/RemoteViewServices
0x0000000007ca4000 	/System/Library/Frameworks/AudioToolbox.framework/Versions/A/AudioToolbox
0x0000000007ca4000 	/System/Library/Frameworks/AudioUnit.framework/Versions/A/AudioUnit
0x0000000007ca4000 	/System/Library/PrivateFrameworks/DataDetectorsCore.framework/Versions/A/DataDetectorsCore
0x0000000007ca4000 	/System/Library/PrivateFrameworks/DesktopServicesPriv.framework/Versions/A/DesktopServicesPriv
0x0000000007ca4000 	/System/Library/Frameworks/Carbon.framework/Versions/A/Frameworks/HIToolbox.framework/Versions/A/HIToolbox
0x0000000007ca4000 	/System/Library/Frameworks/QuartzCore.framework/Versions/A/QuartzCore
0x0000000007ca4000 	/System/Library/Frameworks/Carbon.framework/Versions/A/Frameworks/SpeechRecognition.framework/Versions/A/SpeechRecognition
0x0000000007ca4000 	/usr/lib/libauto.dylib
0x0000000007ca4000 	/usr/lib/libicucore.A.dylib
0x0000000007ca4000 	/usr/lib/libxml2.2.dylib
0x0000000007ca4000 	/System/Library/PrivateFrameworks/CoreUI.framework/Versions/A/CoreUI
0x0000000007ca4000 	/System/Library/Frameworks/CoreAudio.framework/Versions/A/CoreAudio
0x0000000007ca4000 	/System/Library/Frameworks/DiskArbitration.framework/Versions/A/DiskArbitration
0x0000000007ca4000 	/usr/lib/liblangid.dylib
0x0000000007ca4000 	/System/Library/PrivateFrameworks/MultitouchSupport.framework/Versions/A/MultitouchSupport
0x0000000007ca4000 	/System/Library/Frameworks/IOKit.framework/Versions/A/IOKit
0x0000000007ca4000 	/usr/lib/libDiagnosticMessagesClient.dylib
0x0000000007ca4000 	/System/Library/Frameworks/CoreServices.framework/Versions/A/CoreServices
0x0000000007ca4000 	/System/Library/PrivateFrameworks/PerformanceAnalysis.framework/Versions/A/PerformanceAnalysis
0x0000000007ca4000 	/System/Library/PrivateFrameworks/GenerationalStorage.framework/Versions/A/GenerationalStorage
0x0000000007ca4000 	/System/Library/Frameworks/OpenGL.framework/Versions/A/OpenGL
0x0000000007ca4000 	/System/Library/PrivateFrameworks/Sharing.framework/Versions/A/Sharing
0x0000000007ca4000 	/System/Library/Frameworks/ImageIO.framework/Versions/A/ImageIO
0x0000000007ca4000 	/System/Library/Frameworks/CoreText.framework/Versions/A/CoreText
0x0000000007ca4000 	/System/Library/Frameworks/CoreGraphics.framework/Versions/A/CoreGraphics
0x0000000007ca4000 	/System/Library/PrivateFrameworks/Backup.framework/Versions/A/Backup
0x0000000007ca4000 	/System/Library/Frameworks/CFNetwork.framework/Versions/A/CFNetwork
0x0000000007ca4000 	/System/Library/Frameworks/SystemConfiguration.framework/Versions/A/SystemConfiguration
0x0000000007ca4000 	/usr/lib/libCRFSuite.dylib
0x0000000007ca4000 	/usr/lib/libc++.1.dylib
0x0000000007ca4000 	/usr/lib/libc++abi.dylib
0x0000000007ca4000 	/usr/lib/system/libcache.dylib
0x0000000007ca4000 	/usr/lib/system/libcommonCrypto.dylib
0x0000000007ca4000 	/usr/lib/system/libcompiler_rt.dylib
0x0000000007ca4000 	/usr/lib/system/libcopyfile.dylib
0x0000000007ca4000 	/usr/lib/system/libcorecrypto.dylib
0x0000000007ca4000 	/usr/lib/system/libdispatch.dylib
0x0000000007ca4000 	/usr/lib/system/libdyld.dylib
0x0000000007ca4000 	/usr/lib/system/libkeymgr.dylib
0x0000000007ca4000 	/usr/lib/system/liblaunch.dylib
0x0000000007ca4000 	/usr/lib/system/libmacho.dylib
0x0000000007ca4000 	/usr/lib/system/libquarantine.dylib
0x0000000007ca4000 	/usr/lib/system/libremovefile.dylib
0x0000000007ca4000 	/usr/lib/system/libsystem_asl.dylib
0x0000000007ca4000 	/usr/lib/system/libsystem_blocks.dylib
0x0000000007ca4000 	/usr/lib/system/libsystem_c.dylib
0x0000000007ca4000 	/usr/lib/system/libsystem_configuration.dylib
0x0000000007ca4000 	/usr/lib/system/libsystem_dnssd.dylib
0x0000000007ca4000 	/usr/lib/system/libsystem_info.dylib
0x0000000007ca4000 	/usr/lib/system/libsystem_kernel.dylib
0x0000000007ca4000 	/usr/lib/system/libsystem_m.dylib
0x0000000007ca4000 	/usr/lib/system/libsystem_malloc.dylib
0x0000000007ca4000 	/usr/lib/system/libsystem_network.dylib
0x0000000007ca4000 	/usr/lib/system/libsystem_notify.dylib
0x0000000007ca4000 	/usr/lib/system/libsystem_platform.dylib
0x0000000007ca4000 	/usr/lib/system/libsystem_pthread.dylib
0x0000000007ca4000 	/usr/lib/system/libsystem_sandbox.dylib
0x0000000007ca4000 	/usr/lib/system/libsystem_stats.dylib
0x0000000007ca4000 	/usr/lib/system/libunc.dylib
0x0000000007ca4000 	/usr/lib/system/libunwind.dylib
0x0000000007ca4000 	/usr/lib/system/libxpc.dylib
0x0000000007ca4000 	/usr/lib/libbsm.0.dylib
0x0000000007ca4000 	/usr/lib/libsqlite3.dylib
0x0000000007ca4000 	/usr/lib/libxar.1.dylib
0x0000000007ca4000 	/usr/lib/libpam.2.dylib
0x0000000007ca4000 	/usr/lib/libOpenScriptingUtil.dylib
0x0000000007ca4000 	/usr/lib/libbz2.1.0.dylib
0x0000000007ca4000 	/System/Library/Frameworks/CoreServices.framework/Versions/A/Frameworks/CarbonCore.framework/Versions/A/CarbonCore
0x0000000007ca4000 	/System/Library/Frameworks/CoreServices.framework/Versions/A/Frameworks/Metadata.framework/Versions/A/Metadata
0x0000000007ca4000 	/System/Library/Frameworks/CoreServices.framework/Versions/A/Frameworks/OSServices.framework/Versions/A/OSServices
0x0000000007ca4000 	/System/Library/Frameworks/CoreServices.framework/Versions/A/Frameworks/SearchKit.framework/Versions/A/SearchKit
0x0000000007ca4000 	/System/Library/Frameworks/CoreServices.framework/Versions/A/Frameworks/AE.framework/Versions/A/AE
0x0000000007ca4000 	/System/Library/Frameworks/CoreServices.framework/Versions/A/Frameworks/LaunchServices.framework/Versions/A/LaunchServices
0x0000000007ca4000 	/System/Library/Frameworks/CoreServices.framework/Versions/A/Frameworks/DictionaryServices.framework/Versions/A/DictionaryServices
0x0000000007ca4000 	/System/Library/Frameworks/NetFS.framework/Versions/A/NetFS
0x0000000007ca4000 	/usr/lib/system/libkxld.dylib
0x0000000007ca4000 	/System/Library/PrivateFrameworks/NetAuth.framework/Versions/A/NetAuth
0x0000000007ca4000 	/System/Library/PrivateFrameworks/TCC.framework/Versions/A/TCC
0x0000000007ca4000 	/System/Library/Frameworks/OpenDirectory.framework/Versions/A/Frameworks/CFOpenDirectory.framework/Versions/A/CFOpenDirectory
0x0000000007ca4000 	/System/Library/Frameworks/ServiceManagement.framework/Versions/A/ServiceManagement
0x0000000007ca4000 	/usr/lib/libxslt.1.dylib
0x0000000007ca4000 	/System/Library/Frameworks/Carbon.framework/Versions/A/Frameworks/Ink.framework/Versions/A/Ink
0x0000000007ca4000 	/System/Library/Frameworks/ApplicationServices.framework/Versions/A/Frameworks/ATS.framework/Versions/A/ATS
0x0000000007ca4000 	/System/Library/Frameworks/ApplicationServices.framework/Versions/A/Frameworks/ColorSync.framework/Versions/A/ColorSync
0x0000000007ca4000 	/System/Library/Frameworks/ApplicationServices.framework/Versions/A/Frameworks/HIServices.framework/Versions/A/HIServices
0x0000000007ca4000 	/System/Library/Frameworks/ApplicationServices.framework/Versions/A/Frameworks/LangAnalysis.framework/Versions/A/LangAnalysis
0x0000000007ca4000 	/System/Library/Frameworks/ApplicationServices.framework/Versions/A/Frameworks/PrintCore.framework/Versions/A/PrintCore
0x0000000007ca4000 	/System/Library/Frameworks/ApplicationServices.framework/Versions/A/Frameworks/QD.framework/Versions/A/QD
0x0000000007ca4000 	/System/Library/Frameworks/ApplicationServices.framework/Versions/A/Frameworks/SpeechSynthesis.framework/Versions/A/SpeechSynthesis
0x0000000007ca4000 	/System/Library/Frameworks/IOSurface.framework/Versions/A/IOSurface
0x0000000007ca4000 	/System/Library/Frameworks/Accelerate.framework/Versions/A/Accelerate
0x0000000007ca4000 	/System/Library/Frameworks/Accelerate.framework/Versions/A/Frameworks/vImage.framework/Versions/A/vImage
0x0000000007ca4000 	/System/Library/Frameworks/Accelerate.framework/Versions/A/Frameworks/vecLib.framework/Versions/A/vecLib
0x0000000007ca4000 	/System/Library/Frameworks/Accelerate.framework/Versions/A/Frameworks/vecLib.framework/Versions/A/libvDSP.dylib
0x0000000007ca4000 	/System/Library/Frameworks/Accelerate.framework/Versions/A/Frameworks/vecLib.framework/Versions/A/libvMisc.dylib
0x0000000007ca4000 	/System/Library/Frameworks/Accelerate.framework/Versions/A/Frameworks/vecLib.framework/Versions/A/libLAPACK.dylib
0x0000000007ca4000 	/System/Library/Frameworks/Accelerate.framework/Versions/A/Frameworks/vecLib.framework/Versions/A/libBLAS.dylib
0x0000000007ca4000 	/System/Library/Frameworks/ApplicationServices.framework/Versions/A/Frameworks/ATS.framework/Versions/A/Resources/libFontParser.dylib
0x0000000007ca4000 	/System/Library/Frameworks/ApplicationServices.framework/Versions/A/Frameworks/ATS.framework/Versions/A/Resources/libFontRegistry.dylib
0x0000000007ca4000 	/System/Library/Frameworks/ImageIO.framework/Versions/A/Resources/libJPEG.dylib
0x0000000007ca4000 	/System/Library/Frameworks/ImageIO.framework/Versions/A/Resources/libTIFF.dylib
0x0000000007ca4000 	/System/Library/Frameworks/ImageIO.framework/Versions/A/Resources/libPng.dylib
0x0000000007ca4000 	/System/Library/Frameworks/ImageIO.framework/Versions/A/Resources/libGIF.dylib
0x0000000007ca4000 	/System/Library/Frameworks/ImageIO.framework/Versions/A/Resources/libJP2.dylib
0x0000000007ca4000 	/System/Library/Frameworks/ImageIO.framework/Versions/A/Resources/libRadiance.dylib
0x0000000007ca4000 	/usr/lib/libcups.2.dylib
0x0000000007ca4000 	/System/Library/Frameworks/Kerberos.framework/Versions/A/Kerberos
0x0000000007ca4000 	/System/Library/Frameworks/GSS.framework/Versions/A/GSS
0x0000000007ca4000 	/usr/lib/libresolv.9.dylib
0x0000000007ca4000 	/usr/lib/libiconv.2.dylib
0x0000000007ca4000 	/System/Library/PrivateFrameworks/Heimdal.framework/Versions/A/Heimdal
0x0000000007ca4000 	/System/Library/PrivateFrameworks/TrustEvaluationAgent.framework/Versions/A/TrustEvaluationAgent
0x0000000007ca4000 	/usr/lib/libheimdal-asn1.dylib
0x0000000007ca4000 	/System/Library/Frameworks/OpenDirectory.framework/Versions/A/OpenDirectory
0x0000000007ca4000 	/System/Library/PrivateFrameworks/CommonAuth.framework/Versions/A/CommonAuth
0x0000000007ca4000 	/System/Library/Frameworks/SecurityFoundation.framework/Versions/A/SecurityFoundation
0x0000000007ca4000 	/System/Library/PrivateFrameworks/Bom.framework/Versions/A/Bom
0x0000000007ca4000 	/System/Library/Frameworks/CoreVideo.framework/Versions/A/CoreVideo
0x0000000007ca4000 	/System/Library/Frameworks/QuartzCore.framework/Versions/A/Frameworks/CoreImage.framework/Versions/A/CoreImage
0x0000000007ca4000 	/System/Library/Frameworks/QuartzCore.framework/Versions/A/Frameworks/ScalableUserInterface.framework/Versions/A/ScalableUserInterface
0x0000000007ca4000 	/System/Library/Frameworks/OpenGL.framework/Versions/A/Libraries/libGLU.dylib
0x0000000007ca4000 	/System/Library/Frameworks/OpenGL.framework/Versions/A/Libraries/libGFXShared.dylib
0x0000000007ca4000 	/System/Library/Frameworks/OpenGL.framework/Versions/A/Libraries/libGL.dylib
0x0000000007ca4000 	/System/Library/Frameworks/OpenGL.framework/Versions/A/Libraries/libGLImage.dylib
0x0000000007ca4000 	/System/Library/Frameworks/OpenGL.framework/Versions/A/Libraries/libCVMSPluginSupport.dylib
0x0000000007ca4000 	/System/Library/Frameworks/OpenGL.framework/Versions/A/Libraries/libCoreVMClient.dylib
0x0000000007ca4000 	/System/Library/PrivateFrameworks/FaceCore.framework/Versions/A/FaceCore
0x0000000007ca4000 	/System/Library/PrivateFrameworks/CrashReporterSupport.framework/Versions/A/CrashReporterSupport
0x0000000007ca4000 	/System/Library/Frameworks/OpenCL.framework/Versions/A/OpenCL
0x0000000007ca4000 	/System/Library/PrivateFrameworks/AppleFSCompression.framework/Versions/A/AppleFSCompression
0x0000000007ca4000 	/System/Library/PrivateFrameworks/Ubiquity.framework/Versions/A/Ubiquity
0x0000000007ca4000 	/System/Library/PrivateFrameworks/IconServices.framework/Versions/A/IconServices
0x0000000007ca4000 	/System/Library/PrivateFrameworks/ChunkingLibrary.framework/Versions/A/ChunkingLibrary
0x0000000007ca4000 	/System/Library/PrivateFrameworks/CoreSymbolication.framework/Versions/A/CoreSymbolication
0x0000000007ca4000 	/System/Library/PrivateFrameworks/Symbolication.framework/Versions/A/Symbolication
0x0000000007ca4000 	/System/Library/PrivateFrameworks/DebugSymbols.framework/Versions/A/DebugSymbols
0x000000010b752000 	/Library/Java/JavaVirtualMachines/jdk1.7.0_45.jdk/Contents/Home/jre/lib/server/libjvm.dylib
0x0000000007ca4000 	/usr/lib/libstdc++.6.dylib
0x000000010c1bb000 	/Library/Java/JavaVirtualMachines/jdk1.7.0_45.jdk/Contents/Home/jre/lib/libverify.dylib
0x000000010c1c8000 	/Library/Java/JavaVirtualMachines/jdk1.7.0_45.jdk/Contents/Home/jre/lib/libjava.dylib
0x000000010cb0b000 	/Library/Java/JavaVirtualMachines/jdk1.7.0_45.jdk/Contents/Home/jre/lib/libzip.dylib
0x0000000113e16000 	/System/Library/Frameworks/JavaVM.framework/Frameworks/JavaRuntimeSupport.framework/JavaRuntimeSupport
0x0000000113e2e000 	/System/Library/Frameworks/JavaVM.framework/Versions/A/Frameworks/JavaNativeFoundation.framework/Versions/A/JavaNativeFoundation
0x0000000113e43000 	/System/Library/Frameworks/JavaVM.framework/Versions/A/JavaVM
0x0000000007ca4000 	/System/Library/Frameworks/Carbon.framework/Versions/A/Carbon
0x0000000113e50000 	/System/Library/PrivateFrameworks/JavaLaunching.framework/Versions/A/JavaLaunching
0x0000000007ca4000 	/System/Library/Frameworks/Carbon.framework/Versions/A/Frameworks/CommonPanels.framework/Versions/A/CommonPanels
0x0000000007ca4000 	/System/Library/Frameworks/Carbon.framework/Versions/A/Frameworks/Help.framework/Versions/A/Help
0x0000000007ca4000 	/System/Library/Frameworks/Carbon.framework/Versions/A/Frameworks/ImageCapture.framework/Versions/A/ImageCapture
0x0000000007ca4000 	/System/Library/Frameworks/Carbon.framework/Versions/A/Frameworks/OpenScripting.framework/Versions/A/OpenScripting
0x0000000007ca4000 	/System/Library/Frameworks/Carbon.framework/Versions/A/Frameworks/Print.framework/Versions/A/Print
0x0000000007ca4000 	/System/Library/Frameworks/Carbon.framework/Versions/A/Frameworks/SecurityHI.framework/Versions/A/SecurityHI
0x00000001144fa000 	/private/var/folders/bg/d3p37_rj4kl7w8ppds53cp_80000gn/T/libgdxYayo/d60d5b7/libgdx.dylib
0x0000000114561000 	/Library/Java/JavaVirtualMachines/jdk1.7.0_45.jdk/Contents/Home/jre/lib/libawt.dylib
0x0000000114610000 	/Library/Java/JavaVirtualMachines/jdk1.7.0_45.jdk/Contents/Home/jre/lib/./libmlib_image.dylib
0x00000001146dc000 	/Library/Java/JavaVirtualMachines/jdk1.7.0_45.jdk/Contents/Home/jre/lib/lwawt/liblwawt.dylib
0x0000000114790000 	/Library/Java/JavaVirtualMachines/jdk1.7.0_45.jdk/Contents/Home/jre/lib/libosxapp.dylib
0x0000000007ca4000 	/System/Library/Frameworks/ExceptionHandling.framework/Versions/A/ExceptionHandling
0x0000000007ca4000 	/System/Library/PrivateFrameworks/CoreServicesInternal.framework/Versions/A/CoreServicesInternal
0x0000000007ca4000 	/System/Library/PrivateFrameworks/Librarian.framework/Versions/A/Librarian
0x0000000007ca4000 	/System/Library/Frameworks/CoreGraphics.framework/Versions/A/Resources/libCGCMS.A.dylib
0x0000000007ca4000 	/System/Library/Frameworks/CoreGraphics.framework/Versions/A/Resources/libRIP.A.dylib
0x0000000007ca4000 	/System/Library/Frameworks/CoreGraphics.framework/Versions/A/Resources/libCGXType.A.dylib
0x0000000007ca4000 	/System/Library/PrivateFrameworks/FamilyControls.framework/Versions/A/FamilyControls
0x0000000007ca4000 	/System/Library/PrivateFrameworks/CommerceKit.framework/Versions/A/Frameworks/CommerceCore.framework/Versions/A/CommerceCore
0x0000000007ca4000 	/System/Library/PrivateFrameworks/SystemAdministration.framework/Versions/A/SystemAdministration
0x0000000007ca4000 	/System/Library/Frameworks/DirectoryService.framework/Versions/A/DirectoryService
0x0000000007ca4000 	/System/Library/PrivateFrameworks/DiskImages.framework/Versions/A/DiskImages
0x0000000007ca4000 	/System/Library/PrivateFrameworks/LoginUIKit.framework/Versions/A/Frameworks/LoginUICore.framework/Versions/A/LoginUICore
0x0000000007ca4000 	/usr/lib/libCoreStorage.dylib
0x0000000007ca4000 	/usr/lib/libcsfde.dylib
0x0000000007ca4000 	/usr/lib/libodfde.dylib
0x0000000007ca4000 	/System/Library/Frameworks/DiscRecording.framework/Versions/A/DiscRecording
0x0000000007ca4000 	/usr/lib/libcurl.4.dylib
0x0000000007ca4000 	/System/Library/PrivateFrameworks/MediaKit.framework/Versions/A/MediaKit
0x0000000007ca4000 	/System/Library/PrivateFrameworks/EFILogin.framework/Versions/A/EFILogin
0x0000000007ca4000 	/usr/lib/libutil.dylib
0x0000000007ca4000 	/System/Library/PrivateFrameworks/AOSNotification.framework/Versions/A/AOSNotification
0x0000000007ca4000 	/System/Library/Frameworks/LDAP.framework/Versions/A/LDAP
0x0000000007ca4000 	/usr/lib/libsasl2.2.dylib
0x0000000007ca4000 	/usr/lib/libcrypto.0.9.8.dylib
0x0000000007ca4000 	/usr/lib/libssl.0.9.8.dylib
0x00000001187dd000 	/Library/Java/JavaVirtualMachines/jdk1.7.0_45.jdk/Contents/Home/jre/lib/libfontmanager.dylib
0x0000000118841000 	/private/var/folders/bg/d3p37_rj4kl7w8ppds53cp_80000gn/T/libgdxYayo/75260a42/liblwjgl.jnilib
0x0000000116e73000 	/Library/Java/JavaVirtualMachines/jdk1.7.0_45.jdk/Contents/Home/jre/lib/libjawt.dylib
0x00000001188de000 	/var/folders/bg/d3p37_rj4kl7w8ppds53cp_80000gn/T/libgdxYayo/75260a42/openal.dylib
0x0000000118994000 	/System/Library/Components/CoreAudio.component/Contents/MacOS/CoreAudio
0x0000000118c0f000 	/System/Library/Extensions/AppleHDA.kext/Contents/PlugIns/AppleHDAHALPlugIn.bundle/Contents/MacOS/AppleHDAHALPlugIn
0x0000000007ca4000 	/System/Library/Frameworks/OpenGL.framework/Versions/A/Resources/GLEngine.bundle/GLEngine
0x0000000007ca4000 	/System/Library/Frameworks/OpenGL.framework/Versions/A/Libraries/libGLProgrammability.dylib
0x0000000000000000 	/System/Library/Extensions/AppleIntelHD5000GraphicsGLDriver.bundle/Contents/MacOS/AppleIntelHD5000GraphicsGLDriver
0x0000000007ca4000 	/System/Library/PrivateFrameworks/IOAccelerator.framework/Versions/A/IOAccelerator
0x0000000007ca4000 	/System/Library/PrivateFrameworks/GPUSupport.framework/Versions/A/Libraries/libGPUSupportMercury.dylib
0x0000000007ca4000 	/System/Library/Frameworks/OpenGL.framework/Versions/A/Resources/GLRendererFloat.bundle/GLRendererFloat
0x0000000007ca4000 	/System/Library/Frameworks/OpenCL.framework/Versions/A/Libraries/libcldcpuengine.dylib

VM Arguments:
jvm_args: -Dfile.encoding=US-ASCII 
java_command: com.tiarsoft.lander.Main
Launcher Type: SUN_STANDARD

Environment Variables:
PATH=/usr/bin:/bin:/usr/sbin:/sbin
SHELL=/bin/bash
DISPLAY=/tmp/launch-PJ1SWn/org.macosforge.xquartz:0

Signal Handlers:
SIGSEGV: [libjvm.dylib+0x525415], sa_mask[0]=0xfffefeff, sa_flags=0x00000043
SIGBUS: [libjvm.dylib+0x525415], sa_mask[0]=0xfffefeff, sa_flags=0x00000042
SIGFPE: [libjvm.dylib+0x41891a], sa_mask[0]=0xfffefeff, sa_flags=0x00000042
SIGPIPE: [libjvm.dylib+0x41891a], sa_mask[0]=0xfffefeff, sa_flags=0x00000042
SIGXFSZ: [libjvm.dylib+0x41891a], sa_mask[0]=0xfffefeff, sa_flags=0x00000042
SIGILL: [libjvm.dylib+0x41891a], sa_mask[0]=0xfffefeff, sa_flags=0x00000042
SIGUSR1: SIG_DFL, sa_mask[0]=0x00000000, sa_flags=0x00000002
SIGUSR2: [libjvm.dylib+0x41840c], sa_mask[0]=0x00000004, sa_flags=0x00000042
SIGHUP: [libjvm.dylib+0x41669b], sa_mask[0]=0xfffefeff, sa_flags=0x00000042
SIGINT: [libjvm.dylib+0x41669b], sa_mask[0]=0xfffefeff, sa_flags=0x00000042
SIGTERM: [libjvm.dylib+0x41669b], sa_mask[0]=0xfffefeff, sa_flags=0x00000042
SIGQUIT: [libjvm.dylib+0x41669b], sa_mask[0]=0xfffefeff, sa_flags=0x00000042


---------------  S Y S T E M  ---------------

OS:Bsduname:Darwin 13.0.0 Darwin Kernel Version 13.0.0: Thu Sep 19 22:22:27 PDT 2013; root:xnu-2422.1.72~6/RELEASE_X86_64 x86_64
rlimit: STACK 8192k, CORE 0k, NPROC 709, NOFILE 10240, AS infinity
load average:3.59 2.88 2.56

CPU:total 4 (2 cores per cpu, 2 threads per core) family 6 model 69 stepping 1, cmov, cx8, fxsr, mmx, sse, sse2, sse3, ssse3, sse4.1, sse4.2, popcnt, avx, avx2, aes, erms, ht, tsc, tscinvbit

Memory: 4k page, physical 4194304k(1048576k free)

/proc/meminfo:


vm_info: Java HotSpot(TM) 64-Bit Server VM (24.45-b08) for bsd-amd64 JRE (1.7.0_45-b18), built on Oct  8 2013 05:54:16 by "java_re" with gcc 4.2.1 (Based on Apple Inc. build 5658) (LLVM build 2336.11.00)

time: Sun Feb  2 17:41:47 2014
elapsed time: 112 seconds

