#
# A fatal error has been detected by the Java Runtime Environment:
#
#  SIGSEGV (0xb) at pc=0x00007fff8b88e097, pid=4208, tid=1287
#
# JRE version: Java(TM) SE Runtime Environment (7.0_45-b18) (build 1.7.0_45-b18)
# Java VM: Java HotSpot(TM) 64-Bit Server VM (24.45-b08 mixed mode bsd-amd64 compressed oops)
# Problematic frame:
# C  [libobjc.A.dylib+0x5097]  objc_msgSend+0x17
#
# Failed to write core dump. Core dumps have been disabled. To enable core dumping, try "ulimit -c unlimited" before starting Java again
#
# If you would like to submit a bug report, please visit:
#   http://bugreport.sun.com/bugreport/crash.jsp
# The crash happened outside the Java Virtual Machine in native code.
# See problematic frame for where to report the bug.
#

---------------  T H R E A D  ---------------

Current thread (0x00007f8a698e4000):  JavaThread "AppKit Thread" daemon [_thread_in_native, id=1287, stack(0x00007fff543c3000,0x00007fff54443000)]

siginfo:si_signo=SIGSEGV: si_errno=0, si_code=1 (SEGV_MAPERR), si_addr=0x0000000000000018

Registers:
RAX=0x00007f8a68d57d30, RBX=0x00000000000f4304, RCX=0x0000000000000000, RDX=0x00007f8a68f82000
RSP=0x00007fff5443e208, RBP=0x00007fff5443e210, RSI=0x00007fff84f3ad05, RDI=0x00007f8a68d57d30
R8 =0x0000000000000040, R9 =0x00007fff5443e100, R10=0x00007fff84f3ad05, R11=0x0000000000000000
R12=0x00000000000f4304, R13=0x00007fff5443e3d8, R14=0x00007f8a68d63d70, R15=0x00007fff5443e338
RIP=0x00007fff8b88e097, EFLAGS=0x0000000000010246, ERR=0x0000000000000004
  TRAPNO=0x000000000000000e

Top of Stack: (sp=0x00007fff5443e208)
0x00007fff5443e208:   00007fff890fdfcc 00007fff5443e570
0x00007fff5443e218:   00007fff88ff1c5d 00007fff759aef90
0x00007fff5443e228:   00007fff89413347 00007fff5443e260
0x00007fff5443e238:   00007fff8b8a6a02 0000000000000798
0x00007fff5443e248:   00000000000f4306 0000000000000002
0x00007fff5443e258:   00007f8a68c64bc0 00007f8a68c64500
0x00007fff5443e268:   00007f8a68d08680 00007f8a68f82000
0x00007fff5443e278:   00007fff5443e330 0000000000000000
0x00007fff5443e288:   00000000000f4304 0000000000000051
0x00007fff5443e298:   00007fff5443e3b0 0000000000000000
0x00007fff5443e2a8:   0000000000000001 00007f8a68d08670
0x00007fff5443e2b8:   000000000000004f 000000000000cebc
0x00007fff5443e2c8:   0000010000000000 00007fff7689a980
0x00007fff5443e2d8:   0000206000a3b6ea 00000000759a91b8
0x00007fff5443e2e8:   0000000000000000 00007fff5443e3c8
0x00007fff5443e2f8:   00007fff5443e3a8 00007fff7689a968
0x00007fff5443e308:   0000000000000000 0000000000000005
0x00007fff5443e318:   00007fff8ea3b6ea 00007fff74343b08
0x00007fff5443e328:   0000000000000000 00007f8a68c64c40
0x00007fff5443e338:   00007f8a68d63d70 0000000000000000
0x00007fff5443e348:   00007fff8ea3b4a9 0000000000000000
0x00007fff5443e358:   00007fff759ad738 00007fff74300bc8
0x00007fff5443e368:   00007fff74300bc8 00007fff5443e410
0x00007fff5443e378:   00007fff8ea3c261 00007fff759ad748
0x00007fff5443e388:   00007fff759ad74c 00000000759a91b8
0x00007fff5443e398:   00007fff759ad738 000000000b7d6001
0x00007fff5443e3a8:   00007fff759ad750 000000000000004d
0x00007fff5443e3b8:   0000000000000000 00000000000f42e3
0x00007fff5443e3c8:   000000000000004f 0000000000000000
0x00007fff5443e3d8:   00000000000f4304 000000015443e480
0x00007fff5443e3e8:   00007fff8ea3c261 00007fff759ad748
0x00007fff5443e3f8:   00007fff759ad74c 00000000759a91b8 

Instructions: (pc=0x00007fff8b88e097)
0x00007fff8b88e077:   90 90 90 90 90 90 90 90 90 48 85 ff 2e 74 72 40
0x00007fff8b88e087:   f6 c7 01 2e 0f 85 7e 00 00 00 4c 8b 1f 49 89 f2
0x00007fff8b88e097:   45 23 53 18 49 c1 e2 04 4d 03 53 10 49 3b 32 75
0x00007fff8b88e0a7:   04 41 ff 62 08 49 83 3a 00 74 74 4d 3b 53 10 74 

Register to memory mapping:

RAX=0x00007f8a68d57d30 is an unknown value
RBX=0x00000000000f4304 is an unknown value
RCX=0x0000000000000000 is an unknown value
RDX=0x00007f8a68f82000 is an unknown value
RSP=0x00007fff5443e208 is pointing into the stack for thread: 0x00007f8a698e4000
RBP=0x00007fff5443e210 is pointing into the stack for thread: 0x00007f8a698e4000
RSI=0x00007fff84f3ad05: NSAppKitVersionNumber+0x534c5 in /System/Library/Frameworks/AppKit.framework/Versions/C/AppKit at 0x00007fff84499000
RDI=0x00007f8a68d57d30 is an unknown value
R8 =0x0000000000000040 is an unknown value
R9 =0x00007fff5443e100 is pointing into the stack for thread: 0x00007f8a698e4000
R10=0x00007fff84f3ad05: NSAppKitVersionNumber+0x534c5 in /System/Library/Frameworks/AppKit.framework/Versions/C/AppKit at 0x00007fff84499000
R11=0x0000000000000000 is an unknown value
R12=0x00000000000f4304 is an unknown value
R13=0x00007fff5443e3d8 is pointing into the stack for thread: 0x00007f8a698e4000
R14=0x00007f8a68d63d70 is an unknown value
R15=0x00007fff5443e338 is pointing into the stack for thread: 0x00007f8a698e4000


Stack: [0x00007fff543c3000,0x00007fff54443000],  sp=0x00007fff5443e208,  free space=492k
Native frames: (J=compiled Java code, j=interpreted, Vv=VM code, C=native code)
C  [libobjc.A.dylib+0x5097]  objc_msgSend+0x17
C  [CoreFoundation+0x10c5d]  _CFXNotificationPost+0xb4d
C  [Foundation+0x34aa]  -[NSNotificationCenter postNotificationName:object:userInfo:]+0x44
C  [AppKit+0x10f609]  -[NSSurface _disposeSurface]+0x98
C  [AppKit+0x10f0a5]  -[NSSurface setWindow:]+0x46
C  [AppKit+0x3af67]  -[NSView _setWindow:]+0x8ea
C  [AppKit+0x3bf9a]  -[NSView removeFromSuperview]+0x15e
C  [AppKit+0x98759]  -[NSView removeFromSuperviewWithoutNeedingDisplay]+0x26
C  [liblwjgl.jnilib+0x936e]  +[MacOSXKeyableWindow destroyWindow]+0xde
C  [Foundation+0x640de]  __NSThreadPerformPerform+0xe5
C  [CoreFoundation+0x7f8f1]  __CFRUNLOOP_IS_CALLING_OUT_TO_A_SOURCE0_PERFORM_FUNCTION__+0x11
C  [CoreFoundation+0x71062]  __CFRunLoopDoSources0+0xf2
C  [CoreFoundation+0x707ef]  __CFRunLoopRun+0x33f
C  [CoreFoundation+0x70275]  CFRunLoopRunSpecific+0x135
C  [HIToolbox+0x2ef0d]  RunCurrentEventLoopInMode+0xe2
C  [HIToolbox+0x2ecb7]  ReceiveNextEventCommon+0x1df
C  [HIToolbox+0x2eabc]  _BlockUntilNextEventMatchingListInModeWithFilter+0x41
C  [AppKit+0x2428e]  _DPSNextEvent+0x59a
C  [AppKit+0x238db]  -[NSApplication nextEventMatchingMask:untilDate:inMode:dequeue:]+0x7a
C  [libosxapp.dylib+0x16f4]  -[NSApplicationAWT nextEventMatchingMask:untilDate:inMode:dequeue:]+0x7c
C  [AppKit+0x179cc]  -[NSApplication run]+0x229
C  [libosxapp.dylib+0x1557]  +[NSApplicationAWT runAWTLoopWithApp:]+0x9c
C  [liblwawt.dylib+0xdba9]  -[AWTStarter starter:]+0x369
C  [Foundation+0x640de]  __NSThreadPerformPerform+0xe5
C  [CoreFoundation+0x7f8f1]  __CFRUNLOOP_IS_CALLING_OUT_TO_A_SOURCE0_PERFORM_FUNCTION__+0x11
C  [CoreFoundation+0x71062]  __CFRunLoopDoSources0+0xf2
C  [CoreFoundation+0x707ef]  __CFRunLoopRun+0x33f
C  [CoreFoundation+0x70275]  CFRunLoopRunSpecific+0x135
C  [java+0x73b0]  CreateExecutionEnvironment+0x367
C  [java+0x1b5c]  JLI_Launch+0x7a0
C  [java+0x770d]  main+0x65
C  [java+0x13b4]  start+0x34


---------------  P R O C E S S  ---------------

Java Threads: ( => current thread )
  0x00007f8a6a801800 JavaThread "AWT-Shutdown" [_thread_blocked, id=34439, stack(0x000000011a5d2000,0x000000011a6d2000)]
  0x00007f8a698eb800 JavaThread "DestroyJavaVM" [_thread_blocked, id=6403, stack(0x000000010b8d2000,0x000000010b9d2000)]
  0x00007f8a698e6800 JavaThread "LWJGL Application" [_thread_in_native, id=62467, stack(0x0000000118f4a000,0x000000011904a000)]
=>0x00007f8a698e4000 JavaThread "AppKit Thread" daemon [_thread_in_native, id=1287, stack(0x00007fff543c3000,0x00007fff54443000)]
  0x00007f8a6a823000 JavaThread "Service Thread" daemon [_thread_blocked, id=19203, stack(0x00000001143db000,0x00000001144db000)]
  0x00007f8a6a817000 JavaThread "C2 CompilerThread1" daemon [_thread_blocked, id=18691, stack(0x00000001142d8000,0x00000001143d8000)]
  0x00007f8a6a000800 JavaThread "C2 CompilerThread0" daemon [_thread_blocked, id=18179, stack(0x00000001141d5000,0x00000001142d5000)]
  0x00007f8a6985f800 JavaThread "Signal Dispatcher" daemon [_thread_blocked, id=17667, stack(0x00000001140d2000,0x00000001141d2000)]
  0x00007f8a6984a000 JavaThread "Finalizer" daemon [_thread_blocked, id=12547, stack(0x0000000113e83000,0x0000000113f83000)]
  0x00007f8a6a80f800 JavaThread "Reference Handler" daemon [_thread_blocked, id=12035, stack(0x0000000113d80000,0x0000000113e80000)]

Other Threads:
  0x00007f8a69843800 VMThread [stack: 0x0000000113c7d000,0x0000000113d7d000] [id=11523]
  0x00007f8a6a815800 WatcherThread [stack: 0x00000001144de000,0x00000001145de000] [id=19715]

VM state:not at safepoint (normal execution)

VM Mutex/Monitor currently owned by a thread: None

Heap
 PSYoungGen      total 20992K, used 7519K [0x00000007eaa80000, 0x00000007ec300000, 0x0000000800000000)
  eden space 16896K, 43% used [0x00000007eaa80000,0x00000007eb1bff88,0x00000007ebb00000)
  from space 4096K, 2% used [0x00000007ebb00000,0x00000007ebb18000,0x00000007ebf00000)
  to   space 4096K, 0% used [0x00000007ebf00000,0x00000007ebf00000,0x00000007ec300000)
 ParOldGen       total 43520K, used 3062K [0x00000007c0000000, 0x00000007c2a80000, 0x00000007eaa80000)
  object space 43520K, 7% used [0x00000007c0000000,0x00000007c02fdae0,0x00000007c2a80000)
 PSPermGen       total 21504K, used 7362K [0x00000007bae00000, 0x00000007bc300000, 0x00000007c0000000)
  object space 21504K, 34% used [0x00000007bae00000,0x00000007bb530bc8,0x00000007bc300000)

Card table byte_map: [0x000000010fd43000,0x000000010ff6d000] byte_map_base: 0x000000010bf6c000

Polling page: 0x000000010b9e1000

Code Cache  [0x000000010cc83000, 0x000000010cef3000, 0x000000010fc83000)
 total_blobs=779 nmethods=396 adapters=337 free_code_cache=47748Kb largest_free_block=48860800

Compilation events (10 events):
Event: 189.280 Thread 0x00007f8a6a817000  392   !         com.badlogic.gdx.backends.lwjgl.LwjglGraphics::shouldRender (44 bytes)
Event: 189.280 Thread 0x00007f8a6a000800  393             com.badlogic.gdx.backends.lwjgl.LwjglGraphics::updateTime (65 bytes)
Event: 189.281 Thread 0x00007f8a6a000800 nmethod 393 0x000000010cdb9910 code [0x000000010cdb9a60, 0x000000010cdb9b18]
Event: 189.282 Thread 0x00007f8a6a817000 nmethod 392 0x000000010cdb4410 code [0x000000010cdb4560, 0x000000010cdb48c8]
Event: 244.470 Thread 0x00007f8a6a000800  394 % !         com.badlogic.gdx.backends.lwjgl.LwjglApplication::mainLoop @ 94 (820 bytes)
Event: 244.507 Thread 0x00007f8a6a000800 nmethod 394% 0x000000010cde1850 code [0x000000010cde1d20, 0x000000010cde4968]
Event: 1490.278 Thread 0x00007f8a6a000800  396   !         java.util.zip.InflaterInputStream::read (138 bytes)
Event: 1490.278 Thread 0x00007f8a6a817000  395             java.io.FilterInputStream::read (9 bytes)
Event: 1490.292 Thread 0x00007f8a6a817000 nmethod 395 0x000000010cde6b10 code [0x000000010cde6ce0, 0x000000010cde7ca8]
Event: 1490.296 Thread 0x00007f8a6a000800 nmethod 396 0x000000010cde8690 code [0x000000010cde8860, 0x000000010cde98c8]

GC Heap History (10 events):
Event: 412.104 GC heap before
{Heap before GC invocations=3 (full 0):
 PSYoungGen      total 19456K, used 18772K [0x00000007eaa80000, 0x00000007ec000000, 0x0000000800000000)
  eden space 16896K, 100% used [0x00000007eaa80000,0x00000007ebb00000,0x00000007ebb00000)
  from space 2560K, 73% used [0x00000007ebd80000,0x00000007ebf553b0,0x00000007ec000000)
  to   space 2560K, 0% used [0x00000007ebb00000,0x00000007ebb00000,0x00000007ebd80000)
 ParOldGen       total 43520K, used 1262K [0x00000007c0000000, 0x00000007c2a80000, 0x00000007eaa80000)
  object space 43520K, 2% used [0x00000007c0000000,0x00000007c013b9e0,0x00000007c2a80000)
 PSPermGen       total 21504K, used 7354K [0x00000007bae00000, 0x00000007bc300000, 0x00000007c0000000)
  object space 21504K, 34% used [0x00000007bae00000,0x00000007bb52ead8,0x00000007bc300000)
Event: 412.108 GC heap after
Heap after GC invocations=3 (full 0):
 PSYoungGen      total 19456K, used 1844K [0x00000007eaa80000, 0x00000007ec000000, 0x0000000800000000)
  eden space 16896K, 0% used [0x00000007eaa80000,0x00000007eaa80000,0x00000007ebb00000)
  from space 2560K, 72% used [0x00000007ebb00000,0x00000007ebccd3b0,0x00000007ebd80000)
  to   space 2560K, 0% used [0x00000007ebd80000,0x00000007ebd80000,0x00000007ec000000)
 ParOldGen       total 43520K, used 1262K [0x00000007c0000000, 0x00000007c2a80000, 0x00000007eaa80000)
  object space 43520K, 2% used [0x00000007c0000000,0x00000007c013b9e0,0x00000007c2a80000)
 PSPermGen       total 21504K, used 7354K [0x00000007bae00000, 0x00000007bc300000, 0x00000007c0000000)
  object space 21504K, 34% used [0x00000007bae00000,0x00000007bb52ead8,0x00000007bc300000)
}
Event: 658.279 GC heap before
{Heap before GC invocations=4 (full 0):
 PSYoungGen      total 19456K, used 18740K [0x00000007eaa80000, 0x00000007ec000000, 0x0000000800000000)
  eden space 16896K, 100% used [0x00000007eaa80000,0x00000007ebb00000,0x00000007ebb00000)
  from space 2560K, 72% used [0x00000007ebb00000,0x00000007ebccd3b0,0x00000007ebd80000)
  to   space 2560K, 0% used [0x00000007ebd80000,0x00000007ebd80000,0x00000007ec000000)
 ParOldGen       total 43520K, used 1262K [0x00000007c0000000, 0x00000007c2a80000, 0x00000007eaa80000)
  object space 43520K, 2% used [0x00000007c0000000,0x00000007c013b9e0,0x00000007c2a80000)
 PSPermGen       total 21504K, used 7354K [0x00000007bae00000, 0x00000007bc300000, 0x00000007c0000000)
  object space 21504K, 34% used [0x00000007bae00000,0x00000007bb52ead8,0x00000007bc300000)
Event: 658.283 GC heap after
Heap after GC invocations=4 (full 0):
 PSYoungGen      total 19456K, used 1812K [0x00000007eaa80000, 0x00000007ec000000, 0x0000000800000000)
  eden space 16896K, 0% used [0x00000007eaa80000,0x00000007eaa80000,0x00000007ebb00000)
  from space 2560K, 70% used [0x00000007ebd80000,0x00000007ebf453a0,0x00000007ec000000)
  to   space 2560K, 0% used [0x00000007ebb00000,0x00000007ebb00000,0x00000007ebd80000)
 ParOldGen       total 43520K, used 1334K [0x00000007c0000000, 0x00000007c2a80000, 0x00000007eaa80000)
  object space 43520K, 3% used [0x00000007c0000000,0x00000007c014d9f0,0x00000007c2a80000)
 PSPermGen       total 21504K, used 7354K [0x00000007bae00000, 0x00000007bc300000, 0x00000007c0000000)
  object space 21504K, 34% used [0x00000007bae00000,0x00000007bb52ead8,0x00000007bc300000)
}
Event: 904.956 GC heap before
{Heap before GC invocations=5 (full 0):
 PSYoungGen      total 19456K, used 18708K [0x00000007eaa80000, 0x00000007ec000000, 0x0000000800000000)
  eden space 16896K, 100% used [0x00000007eaa80000,0x00000007ebb00000,0x00000007ebb00000)
  from space 2560K, 70% used [0x00000007ebd80000,0x00000007ebf453a0,0x00000007ec000000)
  to   space 2560K, 0% used [0x00000007ebb00000,0x00000007ebb00000,0x00000007ebd80000)
 ParOldGen       total 43520K, used 1334K [0x00000007c0000000, 0x00000007c2a80000, 0x00000007eaa80000)
  object space 43520K, 3% used [0x00000007c0000000,0x00000007c014d9f0,0x00000007c2a80000)
 PSPermGen       total 21504K, used 7354K [0x00000007bae00000, 0x00000007bc300000, 0x00000007c0000000)
  object space 21504K, 34% used [0x00000007bae00000,0x00000007bb52ead8,0x00000007bc300000)
Event: 904.960 GC heap after
Heap after GC invocations=5 (full 0):
 PSYoungGen      total 19456K, used 1764K [0x00000007eaa80000, 0x00000007ec300000, 0x0000000800000000)
  eden space 16896K, 0% used [0x00000007eaa80000,0x00000007eaa80000,0x00000007ebb00000)
  from space 2560K, 68% used [0x00000007ebb00000,0x00000007ebcb9390,0x00000007ebd80000)
  to   space 4096K, 0% used [0x00000007ebf00000,0x00000007ebf00000,0x00000007ec300000)
 ParOldGen       total 43520K, used 1334K [0x00000007c0000000, 0x00000007c2a80000, 0x00000007eaa80000)
  object space 43520K, 3% used [0x00000007c0000000,0x00000007c014d9f0,0x00000007c2a80000)
 PSPermGen       total 21504K, used 7354K [0x00000007bae00000, 0x00000007bc300000, 0x00000007c0000000)
  object space 21504K, 34% used [0x00000007bae00000,0x00000007bb52ead8,0x00000007bc300000)
}
Event: 1151.699 GC heap before
{Heap before GC invocations=6 (full 0):
 PSYoungGen      total 19456K, used 18660K [0x00000007eaa80000, 0x00000007ec300000, 0x0000000800000000)
  eden space 16896K, 100% used [0x00000007eaa80000,0x00000007ebb00000,0x00000007ebb00000)
  from space 2560K, 68% used [0x00000007ebb00000,0x00000007ebcb9390,0x00000007ebd80000)
  to   space 4096K, 0% used [0x00000007ebf00000,0x00000007ebf00000,0x00000007ec300000)
 ParOldGen       total 43520K, used 1334K [0x00000007c0000000, 0x00000007c2a80000, 0x00000007eaa80000)
  object space 43520K, 3% used [0x00000007c0000000,0x00000007c014d9f0,0x00000007c2a80000)
 PSPermGen       total 21504K, used 7354K [0x00000007bae00000, 0x00000007bc300000, 0x00000007c0000000)
  object space 21504K, 34% used [0x00000007bae00000,0x00000007bb52ead8,0x00000007bc300000)
Event: 1151.704 GC heap after
Heap after GC invocations=6 (full 0):
 PSYoungGen      total 20992K, used 1748K [0x00000007eaa80000, 0x00000007ec300000, 0x0000000800000000)
  eden space 16896K, 0% used [0x00000007eaa80000,0x00000007eaa80000,0x00000007ebb00000)
  from space 4096K, 42% used [0x00000007ebf00000,0x00000007ec0b53a0,0x00000007ec300000)
  to   space 4096K, 0% used [0x00000007ebb00000,0x00000007ebb00000,0x00000007ebf00000)
 ParOldGen       total 43520K, used 1334K [0x00000007c0000000, 0x00000007c2a80000, 0x00000007eaa80000)
  object space 43520K, 3% used [0x00000007c0000000,0x00000007c014d9f0,0x00000007c2a80000)
 PSPermGen       total 21504K, used 7354K [0x00000007bae00000, 0x00000007bc300000, 0x00000007c0000000)
  object space 21504K, 34% used [0x00000007bae00000,0x00000007bb52ead8,0x00000007bc300000)
}
Event: 1398.609 GC heap before
{Heap before GC invocations=7 (full 0):
 PSYoungGen      total 20992K, used 18644K [0x00000007eaa80000, 0x00000007ec300000, 0x0000000800000000)
  eden space 16896K, 100% used [0x00000007eaa80000,0x00000007ebb00000,0x00000007ebb00000)
  from space 4096K, 42% used [0x00000007ebf00000,0x00000007ec0b53a0,0x00000007ec300000)
  to   space 4096K, 0% used [0x00000007ebb00000,0x00000007ebb00000,0x00000007ebf00000)
 ParOldGen       total 43520K, used 1334K [0x00000007c0000000, 0x00000007c2a80000, 0x00000007eaa80000)
  object space 43520K, 3% used [0x00000007c0000000,0x00000007c014d9f0,0x00000007c2a80000)
 PSPermGen       total 21504K, used 7356K [0x00000007bae00000, 0x00000007bc300000, 0x00000007c0000000)
  object space 21504K, 34% used [0x00000007bae00000,0x00000007bb52f068,0x00000007bc300000)
Event: 1398.614 GC heap after
Heap after GC invocations=7 (full 0):
 PSYoungGen      total 20992K, used 96K [0x00000007eaa80000, 0x00000007ec300000, 0x0000000800000000)
  eden space 16896K, 0% used [0x00000007eaa80000,0x00000007eaa80000,0x00000007ebb00000)
  from space 4096K, 2% used [0x00000007ebb00000,0x00000007ebb18000,0x00000007ebf00000)
  to   space 4096K, 0% used [0x00000007ebf00000,0x00000007ebf00000,0x00000007ec300000)
 ParOldGen       total 43520K, used 3062K [0x00000007c0000000, 0x00000007c2a80000, 0x00000007eaa80000)
  object space 43520K, 7% used [0x00000007c0000000,0x00000007c02fdae0,0x00000007c2a80000)
 PSPermGen       total 21504K, used 7356K [0x00000007bae00000, 0x00000007bc300000, 0x00000007c0000000)
  object space 21504K, 34% used [0x00000007bae00000,0x00000007bb52f068,0x00000007bc300000)
}

Deoptimization events (3 events):
Event: 11.793 Thread 0x00007f8a698e6800 Uncommon trap: reason=unreached action=reinterpret pc=0x000000010cd26e50 method=com.badlogic.gdx.utils.Array.iterator()Ljava/util/Iterator; @ 4
Event: 1490.739 Thread 0x00007f8a698e6800 Uncommon trap: reason=class_check action=maybe_recompile pc=0x000000010cde9564 method=java.util.zip.InflaterInputStream.read([BII)I @ 100
Event: 1490.763 Thread 0x00007f8a698e6800 Uncommon trap: reason=class_check action=maybe_recompile pc=0x000000010cde9564 method=java.util.zip.InflaterInputStream.read([BII)I @ 100

Internal exceptions (10 events):
Event: 0.978 Thread 0x00007f8a698e6800 Threw 0x00000007eb9a2bc0 at /HUDSON/workspace/7u-2-build-macosx-x86_64/jdk7u45/229/hotspot/src/share/vm/prims/jvm.cpp:1244
Event: 0.979 Thread 0x00007f8a698e6800 Threw 0x00000007eb9b9690 at /HUDSON/workspace/7u-2-build-macosx-x86_64/jdk7u45/229/hotspot/src/share/vm/prims/jvm.cpp:1244
Event: 0.984 Thread 0x00007f8a698e6800 Threw 0x00000007eb9c1920 at /HUDSON/workspace/7u-2-build-macosx-x86_64/jdk7u45/229/hotspot/src/share/vm/prims/jvm.cpp:1244
Event: 0.985 Thread 0x00007f8a698e6800 Threw 0x00000007eb9c70f0 at /HUDSON/workspace/7u-2-build-macosx-x86_64/jdk7u45/229/hotspot/src/share/vm/prims/jvm.cpp:1244
Event: 4.109 Thread 0x00007f8a698e6800 Threw 0x00000007eba17c30 at /HUDSON/workspace/7u-2-build-macosx-x86_64/jdk7u45/229/hotspot/src/share/vm/prims/jvm.cpp:1244
Event: 4.209 Thread 0x00007f8a698e6800 Threw 0x00000007eba2e2f8 at /HUDSON/workspace/7u-2-build-macosx-x86_64/jdk7u45/229/hotspot/src/share/vm/prims/jvm.cpp:1244
Event: 4.210 Thread 0x00007f8a698e6800 Threw 0x00000007eba33958 at /HUDSON/workspace/7u-2-build-macosx-x86_64/jdk7u45/229/hotspot/src/share/vm/prims/jvm.cpp:1244
Event: 11.793 Thread 0x00007f8a698e6800 Implicit null exception at 0x000000010cd269c5 to 0x000000010cd26e31
Event: 1490.739 Thread 0x00007f8a698e6800 Threw 0x00000007eb18d2c0 at /HUDSON/workspace/7u-2-build-macosx-x86_64/jdk7u45/229/hotspot/src/share/vm/prims/jvm.cpp:1244
Event: 1490.762 Thread 0x00007f8a698e6800 Threw 0x00000007eb192788 at /HUDSON/workspace/7u-2-build-macosx-x86_64/jdk7u45/229/hotspot/src/share/vm/prims/jvm.cpp:1244

Events (10 events):
Event: 1490.739 loading class 0x00007f8a68f08190
Event: 1490.739 loading class 0x00007f8a68f08190 done
Event: 1490.739 Thread 0x00007f8a698e6800 Uncommon trap: trap_request=0xffffffde fr.pc=0x000000010cde9564
Event: 1490.739 Thread 0x00007f8a698e6800 DEOPT PACKING pc=0x000000010cde9564 sp=0x0000000119047d00
Event: 1490.739 Thread 0x00007f8a698e6800 DEOPT UNPACKING pc=0x000000010ccbc045 sp=0x0000000119047ce8 mode 2
Event: 1490.762 loading class 0x00007f8a68f41fe0
Event: 1490.762 loading class 0x00007f8a68f41fe0 done
Event: 1490.763 Thread 0x00007f8a698e6800 Uncommon trap: trap_request=0xffffffde fr.pc=0x000000010cde9564
Event: 1490.763 Thread 0x00007f8a698e6800 DEOPT PACKING pc=0x000000010cde9564 sp=0x00000001190478c0
Event: 1490.763 Thread 0x00007f8a698e6800 DEOPT UNPACKING pc=0x000000010ccbc045 sp=0x00000001190478a8 mode 2


Dynamic libraries:
0x0000000004091000 	/System/Library/Frameworks/Cocoa.framework/Versions/A/Cocoa
0x0000000004091000 	/System/Library/Frameworks/Security.framework/Versions/A/Security
0x0000000004091000 	/System/Library/Frameworks/ApplicationServices.framework/Versions/A/ApplicationServices
0x0000000004091000 	/usr/lib/libz.1.dylib
0x0000000004091000 	/usr/lib/libSystem.B.dylib
0x0000000004091000 	/usr/lib/libobjc.A.dylib
0x0000000004091000 	/System/Library/Frameworks/CoreFoundation.framework/Versions/A/CoreFoundation
0x0000000004091000 	/System/Library/Frameworks/Foundation.framework/Versions/C/Foundation
0x0000000004091000 	/System/Library/Frameworks/AppKit.framework/Versions/C/AppKit
0x0000000004091000 	/System/Library/Frameworks/CoreData.framework/Versions/A/CoreData
0x0000000004091000 	/System/Library/PrivateFrameworks/RemoteViewServices.framework/Versions/A/RemoteViewServices
0x0000000004091000 	/System/Library/Frameworks/AudioToolbox.framework/Versions/A/AudioToolbox
0x0000000004091000 	/System/Library/Frameworks/AudioUnit.framework/Versions/A/AudioUnit
0x0000000004091000 	/System/Library/PrivateFrameworks/DataDetectorsCore.framework/Versions/A/DataDetectorsCore
0x0000000004091000 	/System/Library/PrivateFrameworks/DesktopServicesPriv.framework/Versions/A/DesktopServicesPriv
0x0000000004091000 	/System/Library/Frameworks/Carbon.framework/Versions/A/Frameworks/HIToolbox.framework/Versions/A/HIToolbox
0x0000000004091000 	/System/Library/Frameworks/QuartzCore.framework/Versions/A/QuartzCore
0x0000000004091000 	/System/Library/Frameworks/Carbon.framework/Versions/A/Frameworks/SpeechRecognition.framework/Versions/A/SpeechRecognition
0x0000000004091000 	/usr/lib/libauto.dylib
0x0000000004091000 	/usr/lib/libicucore.A.dylib
0x0000000004091000 	/usr/lib/libxml2.2.dylib
0x0000000004091000 	/System/Library/PrivateFrameworks/CoreUI.framework/Versions/A/CoreUI
0x0000000004091000 	/System/Library/Frameworks/CoreAudio.framework/Versions/A/CoreAudio
0x0000000004091000 	/System/Library/Frameworks/DiskArbitration.framework/Versions/A/DiskArbitration
0x0000000004091000 	/usr/lib/liblangid.dylib
0x0000000004091000 	/System/Library/PrivateFrameworks/MultitouchSupport.framework/Versions/A/MultitouchSupport
0x0000000004091000 	/System/Library/Frameworks/IOKit.framework/Versions/A/IOKit
0x0000000004091000 	/usr/lib/libDiagnosticMessagesClient.dylib
0x0000000004091000 	/System/Library/Frameworks/CoreServices.framework/Versions/A/CoreServices
0x0000000004091000 	/System/Library/PrivateFrameworks/PerformanceAnalysis.framework/Versions/A/PerformanceAnalysis
0x0000000004091000 	/System/Library/PrivateFrameworks/GenerationalStorage.framework/Versions/A/GenerationalStorage
0x0000000004091000 	/System/Library/Frameworks/OpenGL.framework/Versions/A/OpenGL
0x0000000004091000 	/System/Library/PrivateFrameworks/Sharing.framework/Versions/A/Sharing
0x0000000004091000 	/System/Library/Frameworks/ImageIO.framework/Versions/A/ImageIO
0x0000000004091000 	/System/Library/Frameworks/CoreText.framework/Versions/A/CoreText
0x0000000004091000 	/System/Library/Frameworks/CoreGraphics.framework/Versions/A/CoreGraphics
0x0000000004091000 	/System/Library/PrivateFrameworks/Backup.framework/Versions/A/Backup
0x0000000004091000 	/System/Library/Frameworks/CFNetwork.framework/Versions/A/CFNetwork
0x0000000004091000 	/System/Library/Frameworks/SystemConfiguration.framework/Versions/A/SystemConfiguration
0x0000000004091000 	/usr/lib/libCRFSuite.dylib
0x0000000004091000 	/usr/lib/libc++.1.dylib
0x0000000004091000 	/usr/lib/libc++abi.dylib
0x0000000004091000 	/usr/lib/system/libcache.dylib
0x0000000004091000 	/usr/lib/system/libcommonCrypto.dylib
0x0000000004091000 	/usr/lib/system/libcompiler_rt.dylib
0x0000000004091000 	/usr/lib/system/libcopyfile.dylib
0x0000000004091000 	/usr/lib/system/libcorecrypto.dylib
0x0000000004091000 	/usr/lib/system/libdispatch.dylib
0x0000000004091000 	/usr/lib/system/libdyld.dylib
0x0000000004091000 	/usr/lib/system/libkeymgr.dylib
0x0000000004091000 	/usr/lib/system/liblaunch.dylib
0x0000000004091000 	/usr/lib/system/libmacho.dylib
0x0000000004091000 	/usr/lib/system/libquarantine.dylib
0x0000000004091000 	/usr/lib/system/libremovefile.dylib
0x0000000004091000 	/usr/lib/system/libsystem_asl.dylib
0x0000000004091000 	/usr/lib/system/libsystem_blocks.dylib
0x0000000004091000 	/usr/lib/system/libsystem_c.dylib
0x0000000004091000 	/usr/lib/system/libsystem_configuration.dylib
0x0000000004091000 	/usr/lib/system/libsystem_dnssd.dylib
0x0000000004091000 	/usr/lib/system/libsystem_info.dylib
0x0000000004091000 	/usr/lib/system/libsystem_kernel.dylib
0x0000000004091000 	/usr/lib/system/libsystem_m.dylib
0x0000000004091000 	/usr/lib/system/libsystem_malloc.dylib
0x0000000004091000 	/usr/lib/system/libsystem_network.dylib
0x0000000004091000 	/usr/lib/system/libsystem_notify.dylib
0x0000000004091000 	/usr/lib/system/libsystem_platform.dylib
0x0000000004091000 	/usr/lib/system/libsystem_pthread.dylib
0x0000000004091000 	/usr/lib/system/libsystem_sandbox.dylib
0x0000000004091000 	/usr/lib/system/libsystem_stats.dylib
0x0000000004091000 	/usr/lib/system/libunc.dylib
0x0000000004091000 	/usr/lib/system/libunwind.dylib
0x0000000004091000 	/usr/lib/system/libxpc.dylib
0x0000000004091000 	/usr/lib/libbsm.0.dylib
0x0000000004091000 	/usr/lib/libsqlite3.dylib
0x0000000004091000 	/usr/lib/libxar.1.dylib
0x0000000004091000 	/usr/lib/libpam.2.dylib
0x0000000004091000 	/usr/lib/libOpenScriptingUtil.dylib
0x0000000004091000 	/usr/lib/libbz2.1.0.dylib
0x0000000004091000 	/System/Library/Frameworks/CoreServices.framework/Versions/A/Frameworks/CarbonCore.framework/Versions/A/CarbonCore
0x0000000004091000 	/System/Library/Frameworks/CoreServices.framework/Versions/A/Frameworks/Metadata.framework/Versions/A/Metadata
0x0000000004091000 	/System/Library/Frameworks/CoreServices.framework/Versions/A/Frameworks/OSServices.framework/Versions/A/OSServices
0x0000000004091000 	/System/Library/Frameworks/CoreServices.framework/Versions/A/Frameworks/SearchKit.framework/Versions/A/SearchKit
0x0000000004091000 	/System/Library/Frameworks/CoreServices.framework/Versions/A/Frameworks/AE.framework/Versions/A/AE
0x0000000004091000 	/System/Library/Frameworks/CoreServices.framework/Versions/A/Frameworks/LaunchServices.framework/Versions/A/LaunchServices
0x0000000004091000 	/System/Library/Frameworks/CoreServices.framework/Versions/A/Frameworks/DictionaryServices.framework/Versions/A/DictionaryServices
0x0000000004091000 	/System/Library/Frameworks/NetFS.framework/Versions/A/NetFS
0x0000000004091000 	/usr/lib/system/libkxld.dylib
0x0000000004091000 	/System/Library/PrivateFrameworks/NetAuth.framework/Versions/A/NetAuth
0x0000000004091000 	/System/Library/PrivateFrameworks/TCC.framework/Versions/A/TCC
0x0000000004091000 	/System/Library/Frameworks/OpenDirectory.framework/Versions/A/Frameworks/CFOpenDirectory.framework/Versions/A/CFOpenDirectory
0x0000000004091000 	/System/Library/Frameworks/ServiceManagement.framework/Versions/A/ServiceManagement
0x0000000004091000 	/usr/lib/libxslt.1.dylib
0x0000000004091000 	/System/Library/Frameworks/Carbon.framework/Versions/A/Frameworks/Ink.framework/Versions/A/Ink
0x0000000004091000 	/System/Library/Frameworks/ApplicationServices.framework/Versions/A/Frameworks/ATS.framework/Versions/A/ATS
0x0000000004091000 	/System/Library/Frameworks/ApplicationServices.framework/Versions/A/Frameworks/ColorSync.framework/Versions/A/ColorSync
0x0000000004091000 	/System/Library/Frameworks/ApplicationServices.framework/Versions/A/Frameworks/HIServices.framework/Versions/A/HIServices
0x0000000004091000 	/System/Library/Frameworks/ApplicationServices.framework/Versions/A/Frameworks/LangAnalysis.framework/Versions/A/LangAnalysis
0x0000000004091000 	/System/Library/Frameworks/ApplicationServices.framework/Versions/A/Frameworks/PrintCore.framework/Versions/A/PrintCore
0x0000000004091000 	/System/Library/Frameworks/ApplicationServices.framework/Versions/A/Frameworks/QD.framework/Versions/A/QD
0x0000000004091000 	/System/Library/Frameworks/ApplicationServices.framework/Versions/A/Frameworks/SpeechSynthesis.framework/Versions/A/SpeechSynthesis
0x0000000004091000 	/System/Library/Frameworks/IOSurface.framework/Versions/A/IOSurface
0x0000000004091000 	/System/Library/Frameworks/Accelerate.framework/Versions/A/Accelerate
0x0000000004091000 	/System/Library/Frameworks/Accelerate.framework/Versions/A/Frameworks/vImage.framework/Versions/A/vImage
0x0000000004091000 	/System/Library/Frameworks/Accelerate.framework/Versions/A/Frameworks/vecLib.framework/Versions/A/vecLib
0x0000000004091000 	/System/Library/Frameworks/Accelerate.framework/Versions/A/Frameworks/vecLib.framework/Versions/A/libvDSP.dylib
0x0000000004091000 	/System/Library/Frameworks/Accelerate.framework/Versions/A/Frameworks/vecLib.framework/Versions/A/libvMisc.dylib
0x0000000004091000 	/System/Library/Frameworks/Accelerate.framework/Versions/A/Frameworks/vecLib.framework/Versions/A/libLAPACK.dylib
0x0000000004091000 	/System/Library/Frameworks/Accelerate.framework/Versions/A/Frameworks/vecLib.framework/Versions/A/libBLAS.dylib
0x0000000004091000 	/System/Library/Frameworks/ApplicationServices.framework/Versions/A/Frameworks/ATS.framework/Versions/A/Resources/libFontParser.dylib
0x0000000004091000 	/System/Library/Frameworks/ApplicationServices.framework/Versions/A/Frameworks/ATS.framework/Versions/A/Resources/libFontRegistry.dylib
0x0000000004091000 	/System/Library/Frameworks/ImageIO.framework/Versions/A/Resources/libJPEG.dylib
0x0000000004091000 	/System/Library/Frameworks/ImageIO.framework/Versions/A/Resources/libTIFF.dylib
0x0000000004091000 	/System/Library/Frameworks/ImageIO.framework/Versions/A/Resources/libPng.dylib
0x0000000004091000 	/System/Library/Frameworks/ImageIO.framework/Versions/A/Resources/libGIF.dylib
0x0000000004091000 	/System/Library/Frameworks/ImageIO.framework/Versions/A/Resources/libJP2.dylib
0x0000000004091000 	/System/Library/Frameworks/ImageIO.framework/Versions/A/Resources/libRadiance.dylib
0x0000000004091000 	/usr/lib/libcups.2.dylib
0x0000000004091000 	/System/Library/Frameworks/Kerberos.framework/Versions/A/Kerberos
0x0000000004091000 	/System/Library/Frameworks/GSS.framework/Versions/A/GSS
0x0000000004091000 	/usr/lib/libresolv.9.dylib
0x0000000004091000 	/usr/lib/libiconv.2.dylib
0x0000000004091000 	/System/Library/PrivateFrameworks/Heimdal.framework/Versions/A/Heimdal
0x0000000004091000 	/System/Library/PrivateFrameworks/TrustEvaluationAgent.framework/Versions/A/TrustEvaluationAgent
0x0000000004091000 	/usr/lib/libheimdal-asn1.dylib
0x0000000004091000 	/System/Library/Frameworks/OpenDirectory.framework/Versions/A/OpenDirectory
0x0000000004091000 	/System/Library/PrivateFrameworks/CommonAuth.framework/Versions/A/CommonAuth
0x0000000004091000 	/System/Library/Frameworks/SecurityFoundation.framework/Versions/A/SecurityFoundation
0x0000000004091000 	/System/Library/PrivateFrameworks/Bom.framework/Versions/A/Bom
0x0000000004091000 	/System/Library/Frameworks/CoreVideo.framework/Versions/A/CoreVideo
0x0000000004091000 	/System/Library/Frameworks/QuartzCore.framework/Versions/A/Frameworks/CoreImage.framework/Versions/A/CoreImage
0x0000000004091000 	/System/Library/Frameworks/QuartzCore.framework/Versions/A/Frameworks/ScalableUserInterface.framework/Versions/A/ScalableUserInterface
0x0000000004091000 	/System/Library/Frameworks/OpenGL.framework/Versions/A/Libraries/libGLU.dylib
0x0000000004091000 	/System/Library/Frameworks/OpenGL.framework/Versions/A/Libraries/libGFXShared.dylib
0x0000000004091000 	/System/Library/Frameworks/OpenGL.framework/Versions/A/Libraries/libGL.dylib
0x0000000004091000 	/System/Library/Frameworks/OpenGL.framework/Versions/A/Libraries/libGLImage.dylib
0x0000000004091000 	/System/Library/Frameworks/OpenGL.framework/Versions/A/Libraries/libCVMSPluginSupport.dylib
0x0000000004091000 	/System/Library/Frameworks/OpenGL.framework/Versions/A/Libraries/libCoreVMClient.dylib
0x0000000004091000 	/System/Library/PrivateFrameworks/FaceCore.framework/Versions/A/FaceCore
0x0000000004091000 	/System/Library/PrivateFrameworks/CrashReporterSupport.framework/Versions/A/CrashReporterSupport
0x0000000004091000 	/System/Library/Frameworks/OpenCL.framework/Versions/A/OpenCL
0x0000000004091000 	/System/Library/PrivateFrameworks/AppleFSCompression.framework/Versions/A/AppleFSCompression
0x0000000004091000 	/System/Library/PrivateFrameworks/Ubiquity.framework/Versions/A/Ubiquity
0x0000000004091000 	/System/Library/PrivateFrameworks/IconServices.framework/Versions/A/IconServices
0x0000000004091000 	/System/Library/PrivateFrameworks/ChunkingLibrary.framework/Versions/A/ChunkingLibrary
0x0000000004091000 	/System/Library/PrivateFrameworks/CoreSymbolication.framework/Versions/A/CoreSymbolication
0x0000000004091000 	/System/Library/PrivateFrameworks/Symbolication.framework/Versions/A/Symbolication
0x0000000004091000 	/System/Library/PrivateFrameworks/DebugSymbols.framework/Versions/A/DebugSymbols
0x000000010c200000 	/Library/Java/JavaVirtualMachines/jdk1.7.0_45.jdk/Contents/Home/jre/lib/server/libjvm.dylib
0x0000000004091000 	/usr/lib/libstdc++.6.dylib
0x000000010b9d4000 	/Library/Java/JavaVirtualMachines/jdk1.7.0_45.jdk/Contents/Home/jre/lib/libverify.dylib
0x000000010cc53000 	/Library/Java/JavaVirtualMachines/jdk1.7.0_45.jdk/Contents/Home/jre/lib/libjava.dylib
0x000000010b9eb000 	/Library/Java/JavaVirtualMachines/jdk1.7.0_45.jdk/Contents/Home/jre/lib/libzip.dylib
0x0000000113f85000 	/System/Library/Frameworks/JavaVM.framework/Frameworks/JavaRuntimeSupport.framework/JavaRuntimeSupport
0x0000000113f9d000 	/System/Library/Frameworks/JavaVM.framework/Versions/A/Frameworks/JavaNativeFoundation.framework/Versions/A/JavaNativeFoundation
0x0000000113fb2000 	/System/Library/Frameworks/JavaVM.framework/Versions/A/JavaVM
0x0000000004091000 	/System/Library/Frameworks/Carbon.framework/Versions/A/Carbon
0x0000000113fbf000 	/System/Library/PrivateFrameworks/JavaLaunching.framework/Versions/A/JavaLaunching
0x0000000004091000 	/System/Library/Frameworks/Carbon.framework/Versions/A/Frameworks/CommonPanels.framework/Versions/A/CommonPanels
0x0000000004091000 	/System/Library/Frameworks/Carbon.framework/Versions/A/Frameworks/Help.framework/Versions/A/Help
0x0000000004091000 	/System/Library/Frameworks/Carbon.framework/Versions/A/Frameworks/ImageCapture.framework/Versions/A/ImageCapture
0x0000000004091000 	/System/Library/Frameworks/Carbon.framework/Versions/A/Frameworks/OpenScripting.framework/Versions/A/OpenScripting
0x0000000004091000 	/System/Library/Frameworks/Carbon.framework/Versions/A/Frameworks/Print.framework/Versions/A/Print
0x0000000004091000 	/System/Library/Frameworks/Carbon.framework/Versions/A/Frameworks/SecurityHI.framework/Versions/A/SecurityHI
0x0000000114690000 	/private/var/folders/bg/d3p37_rj4kl7w8ppds53cp_80000gn/T/libgdxYayo/d60d5b7/libgdx.dylib
0x0000000114760000 	/Library/Java/JavaVirtualMachines/jdk1.7.0_45.jdk/Contents/Home/jre/lib/libawt.dylib
0x000000011480f000 	/Library/Java/JavaVirtualMachines/jdk1.7.0_45.jdk/Contents/Home/jre/lib/./libmlib_image.dylib
0x00000001148db000 	/Library/Java/JavaVirtualMachines/jdk1.7.0_45.jdk/Contents/Home/jre/lib/lwawt/liblwawt.dylib
0x000000011498f000 	/Library/Java/JavaVirtualMachines/jdk1.7.0_45.jdk/Contents/Home/jre/lib/libosxapp.dylib
0x0000000004091000 	/System/Library/Frameworks/ExceptionHandling.framework/Versions/A/ExceptionHandling
0x0000000004091000 	/System/Library/PrivateFrameworks/CoreServicesInternal.framework/Versions/A/CoreServicesInternal
0x0000000004091000 	/System/Library/PrivateFrameworks/Librarian.framework/Versions/A/Librarian
0x0000000004091000 	/System/Library/Frameworks/CoreGraphics.framework/Versions/A/Resources/libCGCMS.A.dylib
0x0000000004091000 	/System/Library/Frameworks/CoreGraphics.framework/Versions/A/Resources/libRIP.A.dylib
0x0000000004091000 	/System/Library/Frameworks/CoreGraphics.framework/Versions/A/Resources/libCGXType.A.dylib
0x0000000004091000 	/System/Library/PrivateFrameworks/FamilyControls.framework/Versions/A/FamilyControls
0x0000000004091000 	/System/Library/PrivateFrameworks/CommerceKit.framework/Versions/A/Frameworks/CommerceCore.framework/Versions/A/CommerceCore
0x0000000004091000 	/System/Library/PrivateFrameworks/SystemAdministration.framework/Versions/A/SystemAdministration
0x0000000004091000 	/System/Library/Frameworks/DirectoryService.framework/Versions/A/DirectoryService
0x0000000004091000 	/System/Library/PrivateFrameworks/DiskImages.framework/Versions/A/DiskImages
0x0000000004091000 	/System/Library/PrivateFrameworks/LoginUIKit.framework/Versions/A/Frameworks/LoginUICore.framework/Versions/A/LoginUICore
0x0000000004091000 	/usr/lib/libCoreStorage.dylib
0x0000000004091000 	/usr/lib/libcsfde.dylib
0x0000000004091000 	/usr/lib/libodfde.dylib
0x0000000004091000 	/System/Library/Frameworks/DiscRecording.framework/Versions/A/DiscRecording
0x0000000004091000 	/usr/lib/libcurl.4.dylib
0x0000000004091000 	/System/Library/PrivateFrameworks/MediaKit.framework/Versions/A/MediaKit
0x0000000004091000 	/System/Library/PrivateFrameworks/EFILogin.framework/Versions/A/EFILogin
0x0000000004091000 	/usr/lib/libutil.dylib
0x0000000004091000 	/System/Library/PrivateFrameworks/AOSNotification.framework/Versions/A/AOSNotification
0x0000000004091000 	/System/Library/Frameworks/LDAP.framework/Versions/A/LDAP
0x0000000004091000 	/usr/lib/libsasl2.2.dylib
0x0000000004091000 	/usr/lib/libcrypto.0.9.8.dylib
0x0000000004091000 	/usr/lib/libssl.0.9.8.dylib
0x0000000118a5f000 	/Library/Java/JavaVirtualMachines/jdk1.7.0_45.jdk/Contents/Home/jre/lib/libfontmanager.dylib
0x0000000118ac3000 	/private/var/folders/bg/d3p37_rj4kl7w8ppds53cp_80000gn/T/libgdxYayo/75260a42/liblwjgl.jnilib
0x00000001170f5000 	/Library/Java/JavaVirtualMachines/jdk1.7.0_45.jdk/Contents/Home/jre/lib/libjawt.dylib
0x0000000118b3e000 	/var/folders/bg/d3p37_rj4kl7w8ppds53cp_80000gn/T/libgdxYayo/75260a42/openal.dylib
0x0000000118bad000 	/System/Library/Components/CoreAudio.component/Contents/MacOS/CoreAudio
0x0000000118e28000 	/System/Library/Extensions/AppleHDA.kext/Contents/PlugIns/AppleHDAHALPlugIn.bundle/Contents/MacOS/AppleHDAHALPlugIn
0x0000000004091000 	/System/Library/Frameworks/OpenGL.framework/Versions/A/Resources/GLEngine.bundle/GLEngine
0x0000000004091000 	/System/Library/Frameworks/OpenGL.framework/Versions/A/Libraries/libGLProgrammability.dylib
0x0000000000000000 	/System/Library/Extensions/AppleIntelHD5000GraphicsGLDriver.bundle/Contents/MacOS/AppleIntelHD5000GraphicsGLDriver
0x0000000004091000 	/System/Library/PrivateFrameworks/IOAccelerator.framework/Versions/A/IOAccelerator
0x0000000004091000 	/System/Library/PrivateFrameworks/GPUSupport.framework/Versions/A/Libraries/libGPUSupportMercury.dylib
0x0000000004091000 	/System/Library/Frameworks/OpenGL.framework/Versions/A/Resources/GLRendererFloat.bundle/GLRendererFloat
0x0000000004091000 	/System/Library/Frameworks/OpenCL.framework/Versions/A/Libraries/libcldcpuengine.dylib

VM Arguments:
jvm_args: -Dfile.encoding=US-ASCII 
java_command: com.tiarsoft.lander.Main
Launcher Type: SUN_STANDARD

Environment Variables:
PATH=/usr/bin:/bin:/usr/sbin:/sbin
SHELL=/bin/bash
DISPLAY=/tmp/launch-88KtmW/org.macosforge.xquartz:0

Signal Handlers:
SIGSEGV: [libjvm.dylib+0x525415], sa_mask[0]=0xfffefeff, sa_flags=0x00000043
SIGBUS: [libjvm.dylib+0x525415], sa_mask[0]=0xfffefeff, sa_flags=0x00000042
SIGFPE: [libjvm.dylib+0x41891a], sa_mask[0]=0xfffefeff, sa_flags=0x00000042
SIGPIPE: [libjvm.dylib+0x41891a], sa_mask[0]=0xfffefeff, sa_flags=0x00000042
SIGXFSZ: [libjvm.dylib+0x41891a], sa_mask[0]=0xfffefeff, sa_flags=0x00000042
SIGILL: [libjvm.dylib+0x41891a], sa_mask[0]=0xfffefeff, sa_flags=0x00000042
SIGUSR1: SIG_DFL, sa_mask[0]=0x00000000, sa_flags=0x00000002
SIGUSR2: [libjvm.dylib+0x41840c], sa_mask[0]=0x00000004, sa_flags=0x00000042
SIGHUP: [libjvm.dylib+0x41669b], sa_mask[0]=0xfffefeff, sa_flags=0x00000042
SIGINT: [libjvm.dylib+0x41669b], sa_mask[0]=0xfffefeff, sa_flags=0x00000042
SIGTERM: [libjvm.dylib+0x41669b], sa_mask[0]=0xfffefeff, sa_flags=0x00000042
SIGQUIT: [libjvm.dylib+0x41669b], sa_mask[0]=0xfffefeff, sa_flags=0x00000042


---------------  S Y S T E M  ---------------

OS:Bsduname:Darwin 13.0.0 Darwin Kernel Version 13.0.0: Thu Sep 19 22:22:27 PDT 2013; root:xnu-2422.1.72~6/RELEASE_X86_64 x86_64
rlimit: STACK 8192k, CORE 0k, NPROC 709, NOFILE 10240, AS infinity
load average:1.35 1.48 1.58

CPU:total 4 (2 cores per cpu, 2 threads per core) family 6 model 69 stepping 1, cmov, cx8, fxsr, mmx, sse, sse2, sse3, ssse3, sse4.1, sse4.2, popcnt, avx, avx2, aes, erms, ht, tsc, tscinvbit

Memory: 4k page, physical 4194304k(1048576k free)

/proc/meminfo:


vm_info: Java HotSpot(TM) 64-Bit Server VM (24.45-b08) for bsd-amd64 JRE (1.7.0_45-b18), built on Oct  8 2013 05:54:16 by "java_re" with gcc 4.2.1 (Based on Apple Inc. build 5658) (LLVM build 2336.11.00)

time: Mon Feb  3 14:55:58 2014
elapsed time: 1490 seconds

