#
# A fatal error has been detected by the Java Runtime Environment:
#
#  SIGSEGV (0xb) at pc=0x00007fff8c05b097, pid=8149, tid=1287
#
# JRE version: Java(TM) SE Runtime Environment (7.0_45-b18) (build 1.7.0_45-b18)
# Java VM: Java HotSpot(TM) 64-Bit Server VM (24.45-b08 mixed mode bsd-amd64 compressed oops)
# Problematic frame:
# C  [libobjc.A.dylib+0x5097]  objc_msgSend+0x17
#
# Failed to write core dump. Core dumps have been disabled. To enable core dumping, try "ulimit -c unlimited" before starting Java again
#
# If you would like to submit a bug report, please visit:
#   http://bugreport.sun.com/bugreport/crash.jsp
# The crash happened outside the Java Virtual Machine in native code.
# See problematic frame for where to report the bug.
#

---------------  T H R E A D  ---------------

Current thread (0x00007fbe920d3000):  JavaThread "AppKit Thread" daemon [_thread_in_native, id=1287, stack(0x00007fff51120000,0x00007fff511a0000)]

siginfo:si_signo=SIGSEGV: si_errno=0, si_code=0 (SEGV0), si_addr=0x0000000000000000

Registers:
RAX=0x00007fbe916142c0, RBX=0x00000000000f42ea, RCX=0x0000000000000000, RDX=0x00007fbe9167b1b0
RSP=0x00007fff5119b528, RBP=0x00007fff5119b530, RSI=0x00007fff85707d05, RDI=0x00007fbe916142c0
R8 =0x0000000000000040, R9 =0x00007fff5119b500, R10=0x00007fff85707d05, R11=0x800007fbe9168d1a
R12=0x00000000000f42ea, R13=0x00007fff5119b6f8, R14=0x00007fbe9167ba80, R15=0x00007fff5119b658
RIP=0x00007fff8c05b097, EFLAGS=0x0000000000010246, ERR=0x0000000000000000
  TRAPNO=0x000000000000000d

Top of Stack: (sp=0x00007fff5119b528)
0x00007fff5119b528:   00007fff898cafcc 00007fff5119b890
0x00007fff5119b538:   00007fff897bec5d 0000000000000003
0x00007fff5119b548:   000000010ea7e800 00007fff5119b590
0x00007fff5119b558:   00007fff89be0286 0000000000000798
0x00007fff5119b568:   00000000000f42ec 0000000000000002
0x00007fff5119b578:   00007fbe91674620 00007fbe91673f90
0x00007fff5119b588:   00007fbe9160e9d0 00007fbe9167b1b0
0x00007fff5119b598:   00007fff5119b650 0000000000000000
0x00007fff5119b5a8:   00000000000f42ea 0000000000000051
0x00007fff5119b5b8:   00007fff5119b6d0 0000000000000000
0x00007fff5119b5c8:   0000000000000001 00007fbe9160e9c0
0x00007fff5119b5d8:   000000000000004f 000000000001b890
0x00007fff5119b5e8:   0000010000000000 00007fff77067980
0x00007fff5119b5f8:   00002060002086ea 00007fff5119b750
0x00007fff5119b608:   0000000000000000 00007fff5119b6e8
0x00007fff5119b618:   00007fff5119b6c8 00007fff77067968
0x00007fff5119b628:   0000000000000000 000000000000000c
0x00007fff5119b638:   00007fff8f2086ea 00007fff74b10b08
0x00007fff5119b648:   0000000000000000 00007fbe916746a0
0x00007fff5119b658:   00007fbe9167ba80 00007fff8f268b08
0x00007fff5119b668:   0000000000000000 00007fff5119b730
0x00007fff5119b678:   00007fff922c126e 00007fff767310d0
0x00007fff5119b688:   0000000042000000 00007fff922c9671
0x00007fff5119b698:   00007fff77043b30 00007fff5119b798
0x00007fff5119b6a8:   00007fff5119b6c8 00007fff5119b6e8
0x00007fff5119b6b8:   0000000000000000 000000010ea79001
0x00007fff5119b6c8:   0000000000000000 000000000000004d
0x00007fff5119b6d8:   0000000000000000 00000000000f42e3
0x00007fff5119b6e8:   000000000000004f 0000000000000000
0x00007fff5119b6f8:   00000000000f42ea 000000015119b7a0
0x00007fff5119b708:   00007fff8f209261 00007fff7617a748
0x00007fff5119b718:   00007fff7617a74c 00000000761761b8 

Instructions: (pc=0x00007fff8c05b097)
0x00007fff8c05b077:   90 90 90 90 90 90 90 90 90 48 85 ff 2e 74 72 40
0x00007fff8c05b087:   f6 c7 01 2e 0f 85 7e 00 00 00 4c 8b 1f 49 89 f2
0x00007fff8c05b097:   45 23 53 18 49 c1 e2 04 4d 03 53 10 49 3b 32 75
0x00007fff8c05b0a7:   04 41 ff 62 08 49 83 3a 00 74 74 4d 3b 53 10 74 

Register to memory mapping:

RAX=0x00007fbe916142c0 is an unknown value
RBX=0x00000000000f42ea is an unknown value
RCX=0x0000000000000000 is an unknown value
RDX=0x00007fbe9167b1b0 is an unknown value
RSP=0x00007fff5119b528 is pointing into the stack for thread: 0x00007fbe920d3000
RBP=0x00007fff5119b530 is pointing into the stack for thread: 0x00007fbe920d3000
RSI=0x00007fff85707d05: NSAppKitVersionNumber+0x534c5 in /System/Library/Frameworks/AppKit.framework/Versions/C/AppKit at 0x00007fff84c66000
RDI=0x00007fbe916142c0 is an unknown value
R8 =0x0000000000000040 is an unknown value
R9 =0x00007fff5119b500 is pointing into the stack for thread: 0x00007fbe920d3000
R10=0x00007fff85707d05: NSAppKitVersionNumber+0x534c5 in /System/Library/Frameworks/AppKit.framework/Versions/C/AppKit at 0x00007fff84c66000
R11=0x800007fbe9168d1a is an unknown value
R12=0x00000000000f42ea is an unknown value
R13=0x00007fff5119b6f8 is pointing into the stack for thread: 0x00007fbe920d3000
R14=0x00007fbe9167ba80 is an unknown value
R15=0x00007fff5119b658 is pointing into the stack for thread: 0x00007fbe920d3000


Stack: [0x00007fff51120000,0x00007fff511a0000],  sp=0x00007fff5119b528,  free space=493k
Native frames: (J=compiled Java code, j=interpreted, Vv=VM code, C=native code)
C  [libobjc.A.dylib+0x5097]  objc_msgSend+0x17
C  [CoreFoundation+0x10c5d]  _CFXNotificationPost+0xb4d
C  [Foundation+0x34aa]  -[NSNotificationCenter postNotificationName:object:userInfo:]+0x44
C  [AppKit+0x10f609]  -[NSSurface _disposeSurface]+0x98
C  [AppKit+0x10f0a5]  -[NSSurface setWindow:]+0x46
C  [AppKit+0x3af67]  -[NSView _setWindow:]+0x8ea
C  [AppKit+0x3bf9a]  -[NSView removeFromSuperview]+0x15e
C  [AppKit+0x98759]  -[NSView removeFromSuperviewWithoutNeedingDisplay]+0x26
C  [liblwjgl.jnilib+0x936e]  +[MacOSXKeyableWindow destroyWindow]+0xde
C  [Foundation+0x640de]  __NSThreadPerformPerform+0xe5
C  [CoreFoundation+0x7f8f1]  __CFRUNLOOP_IS_CALLING_OUT_TO_A_SOURCE0_PERFORM_FUNCTION__+0x11
C  [CoreFoundation+0x71062]  __CFRunLoopDoSources0+0xf2
C  [CoreFoundation+0x707ef]  __CFRunLoopRun+0x33f
C  [CoreFoundation+0x70275]  CFRunLoopRunSpecific+0x135
C  [HIToolbox+0x2ef0d]  RunCurrentEventLoopInMode+0xe2
C  [HIToolbox+0x2ecb7]  ReceiveNextEventCommon+0x1df
C  [HIToolbox+0x2eabc]  _BlockUntilNextEventMatchingListInModeWithFilter+0x41
C  [AppKit+0x2428e]  _DPSNextEvent+0x59a
C  [AppKit+0x238db]  -[NSApplication nextEventMatchingMask:untilDate:inMode:dequeue:]+0x7a
C  [libosxapp.dylib+0x16f4]  -[NSApplicationAWT nextEventMatchingMask:untilDate:inMode:dequeue:]+0x7c
C  [AppKit+0x179cc]  -[NSApplication run]+0x229
C  [libosxapp.dylib+0x1557]  +[NSApplicationAWT runAWTLoopWithApp:]+0x9c
C  [liblwawt.dylib+0xdba9]  -[AWTStarter starter:]+0x369
C  [Foundation+0x640de]  __NSThreadPerformPerform+0xe5
C  [CoreFoundation+0x7f8f1]  __CFRUNLOOP_IS_CALLING_OUT_TO_A_SOURCE0_PERFORM_FUNCTION__+0x11
C  [CoreFoundation+0x71062]  __CFRunLoopDoSources0+0xf2
C  [CoreFoundation+0x707ef]  __CFRunLoopRun+0x33f
C  [CoreFoundation+0x70275]  CFRunLoopRunSpecific+0x135
C  [java+0x73b0]  CreateExecutionEnvironment+0x367
C  [java+0x1b5c]  JLI_Launch+0x7a0
C  [java+0x770d]  main+0x65
C  [java+0x13b4]  start+0x34


---------------  P R O C E S S  ---------------

Java Threads: ( => current thread )
  0x00007fbe92150000 JavaThread "DestroyJavaVM" [_thread_blocked, id=6403, stack(0x000000010fe54000,0x000000010ff54000)]
  0x00007fbe92170800 JavaThread "LWJGL Application" [_thread_in_native, id=62211, stack(0x000000011c163000,0x000000011c263000)]
  0x00007fbe918b3800 JavaThread "AWT-Shutdown" [_thread_blocked, id=26895, stack(0x0000000119413000,0x0000000119513000)]
=>0x00007fbe920d3000 JavaThread "AppKit Thread" daemon [_thread_in_native, id=1287, stack(0x00007fff51120000,0x00007fff511a0000)]
  0x00007fbe92821000 JavaThread "Service Thread" daemon [_thread_blocked, id=19459, stack(0x00000001176fb000,0x00000001177fb000)]
  0x00007fbe92820000 JavaThread "C2 CompilerThread1" daemon [_thread_blocked, id=18947, stack(0x00000001175f8000,0x00000001176f8000)]
  0x00007fbe91846000 JavaThread "C2 CompilerThread0" daemon [_thread_blocked, id=18435, stack(0x00000001174f5000,0x00000001175f5000)]
  0x00007fbe91813800 JavaThread "Signal Dispatcher" daemon [_thread_blocked, id=17923, stack(0x00000001173f2000,0x00000001174f2000)]
  0x00007fbe9200e800 JavaThread "Finalizer" daemon [_thread_blocked, id=12547, stack(0x000000011712d000,0x000000011722d000)]
  0x00007fbe92813800 JavaThread "Reference Handler" daemon [_thread_blocked, id=12035, stack(0x000000011702a000,0x000000011712a000)]

Other Threads:
  0x00007fbe9200e000 VMThread [stack: 0x0000000116f27000,0x0000000117027000] [id=11523]
  0x00007fbe9282a000 WatcherThread [stack: 0x00000001177fe000,0x00000001178fe000] [id=19971]

VM state:not at safepoint (normal execution)

VM Mutex/Monitor currently owned by a thread: None

Heap
 PSYoungGen      total 19456K, used 3571K [0x00000007eaa80000, 0x00000007ec000000, 0x0000000800000000)
  eden space 16896K, 6% used [0x00000007eaa80000,0x00000007eab817c0,0x00000007ebb00000)
  from space 2560K, 99% used [0x00000007ebb00000,0x00000007ebd7b490,0x00000007ebd80000)
  to   space 2560K, 0% used [0x00000007ebd80000,0x00000007ebd80000,0x00000007ec000000)
 ParOldGen       total 43520K, used 928K [0x00000007c0000000, 0x00000007c2a80000, 0x00000007eaa80000)
  object space 43520K, 2% used [0x00000007c0000000,0x00000007c00e8090,0x00000007c2a80000)
 PSPermGen       total 21504K, used 7465K [0x00000007bae00000, 0x00000007bc300000, 0x00000007c0000000)
  object space 21504K, 34% used [0x00000007bae00000,0x00000007bb54a620,0x00000007bc300000)

Card table byte_map: [0x0000000113016000,0x0000000113240000] byte_map_base: 0x000000010f23f000

Polling page: 0x000000010ebb1000

Code Cache  [0x000000010ff56000, 0x00000001101c6000, 0x0000000112f56000)
 total_blobs=447 nmethods=58 adapters=343 free_code_cache=48572Kb largest_free_block=49714880

Compilation events (10 events):
Event: 5.939 Thread 0x00007fbe92820000 nmethod 54 0x000000010ffe5f50 code [0x000000010ffe6080, 0x000000010ffe60d8]
Event: 5.939 Thread 0x00007fbe91846000 nmethod 52 0x000000010ffe4fd0 code [0x000000010ffe5120, 0x000000010ffe51d8]
Event: 5.954 Thread 0x00007fbe92820000   55             java.lang.Math::round (19 bytes)
Event: 5.954 Thread 0x00007fbe91846000   56             java.lang.Math::floor (5 bytes)
Event: 5.956 Thread 0x00007fbe91846000 nmethod 56 0x000000010ffe4d10 code [0x000000010ffe4e80, 0x000000010ffe4f58]
Event: 5.956 Thread 0x00007fbe91846000   57             java.lang.StrictMath::floor (12 bytes)
Event: 5.956 Thread 0x00007fbe92820000 nmethod 55 0x000000010ffe5750 code [0x000000010ffe58e0, 0x000000010ffe59f8]
Event: 5.957 Thread 0x00007fbe91846000 nmethod 57 0x000000010ffe5c90 code [0x000000010ffe5e00, 0x000000010ffe5ed8]
Event: 6.020 Thread 0x00007fbe92820000   58             com.badlogic.gdx.utils.LongMap$MapIterator::findNextIndex (64 bytes)
Event: 6.023 Thread 0x00007fbe92820000 nmethod 58 0x000000010ffe53d0 code [0x000000010ffe5520, 0x000000010ffe5698]

GC Heap History (2 events):
Event: 4.012 GC heap before
{Heap before GC invocations=1 (full 0):
 PSYoungGen      total 19456K, used 16850K [0x00000007eaa80000, 0x00000007ec000000, 0x0000000800000000)
  eden space 16896K, 99% used [0x00000007eaa80000,0x00000007ebaf4820,0x00000007ebb00000)
  from space 2560K, 0% used [0x00000007ebd80000,0x00000007ebd80000,0x00000007ec000000)
  to   space 2560K, 0% used [0x00000007ebb00000,0x00000007ebb00000,0x00000007ebd80000)
 ParOldGen       total 43520K, used 0K [0x00000007c0000000, 0x00000007c2a80000, 0x00000007eaa80000)
  object space 43520K, 0% used [0x00000007c0000000,0x00000007c0000000,0x00000007c2a80000)
 PSPermGen       total 21504K, used 7387K [0x00000007bae00000, 0x00000007bc300000, 0x00000007c0000000)
  object space 21504K, 34% used [0x00000007bae00000,0x00000007bb536e08,0x00000007bc300000)
Event: 4.031 GC heap after
Heap after GC invocations=1 (full 0):
 PSYoungGen      total 19456K, used 2541K [0x00000007eaa80000, 0x00000007ec000000, 0x0000000800000000)
  eden space 16896K, 0% used [0x00000007eaa80000,0x00000007eaa80000,0x00000007ebb00000)
  from space 2560K, 99% used [0x00000007ebb00000,0x00000007ebd7b490,0x00000007ebd80000)
  to   space 2560K, 0% used [0x00000007ebd80000,0x00000007ebd80000,0x00000007ec000000)
 ParOldGen       total 43520K, used 928K [0x00000007c0000000, 0x00000007c2a80000, 0x00000007eaa80000)
  object space 43520K, 2% used [0x00000007c0000000,0x00000007c00e8090,0x00000007c2a80000)
 PSPermGen       total 21504K, used 7387K [0x00000007bae00000, 0x00000007bc300000, 0x00000007c0000000)
  object space 21504K, 34% used [0x00000007bae00000,0x00000007bb536e08,0x00000007bc300000)
}

Deoptimization events (0 events):
No events

Internal exceptions (10 events):
Event: 4.041 Thread 0x00007fbe92170800 Threw 0x00000007eaab3f50 at /HUDSON/workspace/7u-2-build-macosx-x86_64/jdk7u45/229/hotspot/src/share/vm/prims/jvm.cpp:1244
Event: 4.042 Thread 0x00007fbe92170800 Threw 0x00000007eaabd6c8 at /HUDSON/workspace/7u-2-build-macosx-x86_64/jdk7u45/229/hotspot/src/share/vm/prims/jvm.cpp:1244
Event: 4.045 Thread 0x00007fbe92170800 Threw 0x00000007eaac5ff0 at /HUDSON/workspace/7u-2-build-macosx-x86_64/jdk7u45/229/hotspot/src/share/vm/prims/jvm.cpp:1244
Event: 4.048 Thread 0x00007fbe92170800 Threw 0x00000007eaacabf8 at /HUDSON/workspace/7u-2-build-macosx-x86_64/jdk7u45/229/hotspot/src/share/vm/prims/jvm.cpp:1244
Event: 4.070 Thread 0x00007fbe92170800 Threw 0x00000007eaae6ef8 at /HUDSON/workspace/7u-2-build-macosx-x86_64/jdk7u45/229/hotspot/src/share/vm/prims/jvm.cpp:1244
Event: 4.072 Thread 0x00007fbe92170800 Threw 0x00000007eab412e0 at /HUDSON/workspace/7u-2-build-macosx-x86_64/jdk7u45/229/hotspot/src/share/vm/prims/jvm.cpp:1244
Event: 4.072 Thread 0x00007fbe92170800 Threw 0x00000007eab47270 at /HUDSON/workspace/7u-2-build-macosx-x86_64/jdk7u45/229/hotspot/src/share/vm/prims/jvm.cpp:1244
Event: 4.076 Thread 0x00007fbe92170800 Threw 0x00000007eab4d858 at /HUDSON/workspace/7u-2-build-macosx-x86_64/jdk7u45/229/hotspot/src/share/vm/prims/jvm.cpp:1244
Event: 6.237 Thread 0x00007fbe92170800 Threw 0x00000007eab6abd0 at /HUDSON/workspace/7u-2-build-macosx-x86_64/jdk7u45/229/hotspot/src/share/vm/prims/jvm.cpp:1244
Event: 6.260 Thread 0x00007fbe92170800 Threw 0x00000007eab70000 at /HUDSON/workspace/7u-2-build-macosx-x86_64/jdk7u45/229/hotspot/src/share/vm/prims/jvm.cpp:1244

Events (10 events):
Event: 4.080 loading class 0x0000000115cba180
Event: 4.080 loading class 0x0000000115cba180 done
Event: 4.081 loading class 0x00007fbe920579d0
Event: 4.081 loading class 0x00007fbe920579d0 done
Event: 4.268 Executing VM operation: EnableBiasedLocking
Event: 4.268 Executing VM operation: EnableBiasedLocking done
Event: 6.236 loading class 0x00007fbe91439770
Event: 6.236 loading class 0x00007fbe91439770 done
Event: 6.260 loading class 0x00007fbe9147c500
Event: 6.260 loading class 0x00007fbe9147c500 done


Dynamic libraries:
0x000000000485e000 	/System/Library/Frameworks/Cocoa.framework/Versions/A/Cocoa
0x000000000485e000 	/System/Library/Frameworks/Security.framework/Versions/A/Security
0x000000000485e000 	/System/Library/Frameworks/ApplicationServices.framework/Versions/A/ApplicationServices
0x000000000485e000 	/usr/lib/libz.1.dylib
0x000000000485e000 	/usr/lib/libSystem.B.dylib
0x000000000485e000 	/usr/lib/libobjc.A.dylib
0x000000000485e000 	/System/Library/Frameworks/CoreFoundation.framework/Versions/A/CoreFoundation
0x000000000485e000 	/System/Library/Frameworks/Foundation.framework/Versions/C/Foundation
0x000000000485e000 	/System/Library/Frameworks/AppKit.framework/Versions/C/AppKit
0x000000000485e000 	/System/Library/Frameworks/CoreData.framework/Versions/A/CoreData
0x000000000485e000 	/System/Library/PrivateFrameworks/RemoteViewServices.framework/Versions/A/RemoteViewServices
0x000000000485e000 	/System/Library/Frameworks/AudioToolbox.framework/Versions/A/AudioToolbox
0x000000000485e000 	/System/Library/Frameworks/AudioUnit.framework/Versions/A/AudioUnit
0x000000000485e000 	/System/Library/PrivateFrameworks/DataDetectorsCore.framework/Versions/A/DataDetectorsCore
0x000000000485e000 	/System/Library/PrivateFrameworks/DesktopServicesPriv.framework/Versions/A/DesktopServicesPriv
0x000000000485e000 	/System/Library/Frameworks/Carbon.framework/Versions/A/Frameworks/HIToolbox.framework/Versions/A/HIToolbox
0x000000000485e000 	/System/Library/Frameworks/QuartzCore.framework/Versions/A/QuartzCore
0x000000000485e000 	/System/Library/Frameworks/Carbon.framework/Versions/A/Frameworks/SpeechRecognition.framework/Versions/A/SpeechRecognition
0x000000000485e000 	/usr/lib/libauto.dylib
0x000000000485e000 	/usr/lib/libicucore.A.dylib
0x000000000485e000 	/usr/lib/libxml2.2.dylib
0x000000000485e000 	/System/Library/PrivateFrameworks/CoreUI.framework/Versions/A/CoreUI
0x000000000485e000 	/System/Library/Frameworks/CoreAudio.framework/Versions/A/CoreAudio
0x000000000485e000 	/System/Library/Frameworks/DiskArbitration.framework/Versions/A/DiskArbitration
0x000000000485e000 	/usr/lib/liblangid.dylib
0x000000000485e000 	/System/Library/PrivateFrameworks/MultitouchSupport.framework/Versions/A/MultitouchSupport
0x000000000485e000 	/System/Library/Frameworks/IOKit.framework/Versions/A/IOKit
0x000000000485e000 	/usr/lib/libDiagnosticMessagesClient.dylib
0x000000000485e000 	/System/Library/Frameworks/CoreServices.framework/Versions/A/CoreServices
0x000000000485e000 	/System/Library/PrivateFrameworks/PerformanceAnalysis.framework/Versions/A/PerformanceAnalysis
0x000000000485e000 	/System/Library/PrivateFrameworks/GenerationalStorage.framework/Versions/A/GenerationalStorage
0x000000000485e000 	/System/Library/Frameworks/OpenGL.framework/Versions/A/OpenGL
0x000000000485e000 	/System/Library/PrivateFrameworks/Sharing.framework/Versions/A/Sharing
0x000000000485e000 	/System/Library/Frameworks/ImageIO.framework/Versions/A/ImageIO
0x000000000485e000 	/System/Library/Frameworks/CoreText.framework/Versions/A/CoreText
0x000000000485e000 	/System/Library/Frameworks/CoreGraphics.framework/Versions/A/CoreGraphics
0x000000000485e000 	/System/Library/PrivateFrameworks/Backup.framework/Versions/A/Backup
0x000000000485e000 	/System/Library/Frameworks/CFNetwork.framework/Versions/A/CFNetwork
0x000000000485e000 	/System/Library/Frameworks/SystemConfiguration.framework/Versions/A/SystemConfiguration
0x000000000485e000 	/usr/lib/libCRFSuite.dylib
0x000000000485e000 	/usr/lib/libc++.1.dylib
0x000000000485e000 	/usr/lib/libc++abi.dylib
0x000000000485e000 	/usr/lib/system/libcache.dylib
0x000000000485e000 	/usr/lib/system/libcommonCrypto.dylib
0x000000000485e000 	/usr/lib/system/libcompiler_rt.dylib
0x000000000485e000 	/usr/lib/system/libcopyfile.dylib
0x000000000485e000 	/usr/lib/system/libcorecrypto.dylib
0x000000000485e000 	/usr/lib/system/libdispatch.dylib
0x000000000485e000 	/usr/lib/system/libdyld.dylib
0x000000000485e000 	/usr/lib/system/libkeymgr.dylib
0x000000000485e000 	/usr/lib/system/liblaunch.dylib
0x000000000485e000 	/usr/lib/system/libmacho.dylib
0x000000000485e000 	/usr/lib/system/libquarantine.dylib
0x000000000485e000 	/usr/lib/system/libremovefile.dylib
0x000000000485e000 	/usr/lib/system/libsystem_asl.dylib
0x000000000485e000 	/usr/lib/system/libsystem_blocks.dylib
0x000000000485e000 	/usr/lib/system/libsystem_c.dylib
0x000000000485e000 	/usr/lib/system/libsystem_configuration.dylib
0x000000000485e000 	/usr/lib/system/libsystem_dnssd.dylib
0x000000000485e000 	/usr/lib/system/libsystem_info.dylib
0x000000000485e000 	/usr/lib/system/libsystem_kernel.dylib
0x000000000485e000 	/usr/lib/system/libsystem_m.dylib
0x000000000485e000 	/usr/lib/system/libsystem_malloc.dylib
0x000000000485e000 	/usr/lib/system/libsystem_network.dylib
0x000000000485e000 	/usr/lib/system/libsystem_notify.dylib
0x000000000485e000 	/usr/lib/system/libsystem_platform.dylib
0x000000000485e000 	/usr/lib/system/libsystem_pthread.dylib
0x000000000485e000 	/usr/lib/system/libsystem_sandbox.dylib
0x000000000485e000 	/usr/lib/system/libsystem_stats.dylib
0x000000000485e000 	/usr/lib/system/libunc.dylib
0x000000000485e000 	/usr/lib/system/libunwind.dylib
0x000000000485e000 	/usr/lib/system/libxpc.dylib
0x000000000485e000 	/usr/lib/libbsm.0.dylib
0x000000000485e000 	/usr/lib/libsqlite3.dylib
0x000000000485e000 	/usr/lib/libxar.1.dylib
0x000000000485e000 	/usr/lib/libpam.2.dylib
0x000000000485e000 	/usr/lib/libOpenScriptingUtil.dylib
0x000000000485e000 	/usr/lib/libbz2.1.0.dylib
0x000000000485e000 	/System/Library/Frameworks/CoreServices.framework/Versions/A/Frameworks/CarbonCore.framework/Versions/A/CarbonCore
0x000000000485e000 	/System/Library/Frameworks/CoreServices.framework/Versions/A/Frameworks/Metadata.framework/Versions/A/Metadata
0x000000000485e000 	/System/Library/Frameworks/CoreServices.framework/Versions/A/Frameworks/OSServices.framework/Versions/A/OSServices
0x000000000485e000 	/System/Library/Frameworks/CoreServices.framework/Versions/A/Frameworks/SearchKit.framework/Versions/A/SearchKit
0x000000000485e000 	/System/Library/Frameworks/CoreServices.framework/Versions/A/Frameworks/AE.framework/Versions/A/AE
0x000000000485e000 	/System/Library/Frameworks/CoreServices.framework/Versions/A/Frameworks/LaunchServices.framework/Versions/A/LaunchServices
0x000000000485e000 	/System/Library/Frameworks/CoreServices.framework/Versions/A/Frameworks/DictionaryServices.framework/Versions/A/DictionaryServices
0x000000000485e000 	/System/Library/Frameworks/NetFS.framework/Versions/A/NetFS
0x000000000485e000 	/usr/lib/system/libkxld.dylib
0x000000000485e000 	/System/Library/PrivateFrameworks/NetAuth.framework/Versions/A/NetAuth
0x000000000485e000 	/System/Library/PrivateFrameworks/TCC.framework/Versions/A/TCC
0x000000000485e000 	/System/Library/Frameworks/OpenDirectory.framework/Versions/A/Frameworks/CFOpenDirectory.framework/Versions/A/CFOpenDirectory
0x000000000485e000 	/System/Library/Frameworks/ServiceManagement.framework/Versions/A/ServiceManagement
0x000000000485e000 	/usr/lib/libxslt.1.dylib
0x000000000485e000 	/System/Library/Frameworks/Carbon.framework/Versions/A/Frameworks/Ink.framework/Versions/A/Ink
0x000000000485e000 	/System/Library/Frameworks/ApplicationServices.framework/Versions/A/Frameworks/ATS.framework/Versions/A/ATS
0x000000000485e000 	/System/Library/Frameworks/ApplicationServices.framework/Versions/A/Frameworks/ColorSync.framework/Versions/A/ColorSync
0x000000000485e000 	/System/Library/Frameworks/ApplicationServices.framework/Versions/A/Frameworks/HIServices.framework/Versions/A/HIServices
0x000000000485e000 	/System/Library/Frameworks/ApplicationServices.framework/Versions/A/Frameworks/LangAnalysis.framework/Versions/A/LangAnalysis
0x000000000485e000 	/System/Library/Frameworks/ApplicationServices.framework/Versions/A/Frameworks/PrintCore.framework/Versions/A/PrintCore
0x000000000485e000 	/System/Library/Frameworks/ApplicationServices.framework/Versions/A/Frameworks/QD.framework/Versions/A/QD
0x000000000485e000 	/System/Library/Frameworks/ApplicationServices.framework/Versions/A/Frameworks/SpeechSynthesis.framework/Versions/A/SpeechSynthesis
0x000000000485e000 	/System/Library/Frameworks/IOSurface.framework/Versions/A/IOSurface
0x000000000485e000 	/System/Library/Frameworks/Accelerate.framework/Versions/A/Accelerate
0x000000000485e000 	/System/Library/Frameworks/Accelerate.framework/Versions/A/Frameworks/vImage.framework/Versions/A/vImage
0x000000000485e000 	/System/Library/Frameworks/Accelerate.framework/Versions/A/Frameworks/vecLib.framework/Versions/A/vecLib
0x000000000485e000 	/System/Library/Frameworks/Accelerate.framework/Versions/A/Frameworks/vecLib.framework/Versions/A/libvDSP.dylib
0x000000000485e000 	/System/Library/Frameworks/Accelerate.framework/Versions/A/Frameworks/vecLib.framework/Versions/A/libvMisc.dylib
0x000000000485e000 	/System/Library/Frameworks/Accelerate.framework/Versions/A/Frameworks/vecLib.framework/Versions/A/libLAPACK.dylib
0x000000000485e000 	/System/Library/Frameworks/Accelerate.framework/Versions/A/Frameworks/vecLib.framework/Versions/A/libBLAS.dylib
0x000000000485e000 	/System/Library/Frameworks/ApplicationServices.framework/Versions/A/Frameworks/ATS.framework/Versions/A/Resources/libFontParser.dylib
0x000000000485e000 	/System/Library/Frameworks/ApplicationServices.framework/Versions/A/Frameworks/ATS.framework/Versions/A/Resources/libFontRegistry.dylib
0x000000000485e000 	/System/Library/Frameworks/ImageIO.framework/Versions/A/Resources/libJPEG.dylib
0x000000000485e000 	/System/Library/Frameworks/ImageIO.framework/Versions/A/Resources/libTIFF.dylib
0x000000000485e000 	/System/Library/Frameworks/ImageIO.framework/Versions/A/Resources/libPng.dylib
0x000000000485e000 	/System/Library/Frameworks/ImageIO.framework/Versions/A/Resources/libGIF.dylib
0x000000000485e000 	/System/Library/Frameworks/ImageIO.framework/Versions/A/Resources/libJP2.dylib
0x000000000485e000 	/System/Library/Frameworks/ImageIO.framework/Versions/A/Resources/libRadiance.dylib
0x000000000485e000 	/usr/lib/libcups.2.dylib
0x000000000485e000 	/System/Library/Frameworks/Kerberos.framework/Versions/A/Kerberos
0x000000000485e000 	/System/Library/Frameworks/GSS.framework/Versions/A/GSS
0x000000000485e000 	/usr/lib/libresolv.9.dylib
0x000000000485e000 	/usr/lib/libiconv.2.dylib
0x000000000485e000 	/System/Library/PrivateFrameworks/Heimdal.framework/Versions/A/Heimdal
0x000000000485e000 	/System/Library/PrivateFrameworks/TrustEvaluationAgent.framework/Versions/A/TrustEvaluationAgent
0x000000000485e000 	/usr/lib/libheimdal-asn1.dylib
0x000000000485e000 	/System/Library/Frameworks/OpenDirectory.framework/Versions/A/OpenDirectory
0x000000000485e000 	/System/Library/PrivateFrameworks/CommonAuth.framework/Versions/A/CommonAuth
0x000000000485e000 	/System/Library/Frameworks/SecurityFoundation.framework/Versions/A/SecurityFoundation
0x000000000485e000 	/System/Library/PrivateFrameworks/Bom.framework/Versions/A/Bom
0x000000000485e000 	/System/Library/Frameworks/CoreVideo.framework/Versions/A/CoreVideo
0x000000000485e000 	/System/Library/Frameworks/QuartzCore.framework/Versions/A/Frameworks/CoreImage.framework/Versions/A/CoreImage
0x000000000485e000 	/System/Library/Frameworks/QuartzCore.framework/Versions/A/Frameworks/ScalableUserInterface.framework/Versions/A/ScalableUserInterface
0x000000000485e000 	/System/Library/Frameworks/OpenGL.framework/Versions/A/Libraries/libGLU.dylib
0x000000000485e000 	/System/Library/Frameworks/OpenGL.framework/Versions/A/Libraries/libGFXShared.dylib
0x000000000485e000 	/System/Library/Frameworks/OpenGL.framework/Versions/A/Libraries/libGL.dylib
0x000000000485e000 	/System/Library/Frameworks/OpenGL.framework/Versions/A/Libraries/libGLImage.dylib
0x000000000485e000 	/System/Library/Frameworks/OpenGL.framework/Versions/A/Libraries/libCVMSPluginSupport.dylib
0x000000000485e000 	/System/Library/Frameworks/OpenGL.framework/Versions/A/Libraries/libCoreVMClient.dylib
0x000000000485e000 	/System/Library/PrivateFrameworks/FaceCore.framework/Versions/A/FaceCore
0x000000000485e000 	/System/Library/PrivateFrameworks/CrashReporterSupport.framework/Versions/A/CrashReporterSupport
0x000000000485e000 	/System/Library/Frameworks/OpenCL.framework/Versions/A/OpenCL
0x000000000485e000 	/System/Library/PrivateFrameworks/AppleFSCompression.framework/Versions/A/AppleFSCompression
0x000000000485e000 	/System/Library/PrivateFrameworks/Ubiquity.framework/Versions/A/Ubiquity
0x000000000485e000 	/System/Library/PrivateFrameworks/IconServices.framework/Versions/A/IconServices
0x000000000485e000 	/System/Library/PrivateFrameworks/ChunkingLibrary.framework/Versions/A/ChunkingLibrary
0x000000000485e000 	/System/Library/PrivateFrameworks/CoreSymbolication.framework/Versions/A/CoreSymbolication
0x000000000485e000 	/System/Library/PrivateFrameworks/Symbolication.framework/Versions/A/Symbolication
0x000000000485e000 	/System/Library/PrivateFrameworks/DebugSymbols.framework/Versions/A/DebugSymbols
0x000000010f400000 	/Library/Java/JavaVirtualMachines/jdk1.7.0_45.jdk/Contents/Home/jre/lib/server/libjvm.dylib
0x000000000485e000 	/usr/lib/libstdc++.6.dylib
0x000000010eb74000 	/Library/Java/JavaVirtualMachines/jdk1.7.0_45.jdk/Contents/Home/jre/lib/libverify.dylib
0x000000010eb81000 	/Library/Java/JavaVirtualMachines/jdk1.7.0_45.jdk/Contents/Home/jre/lib/libjava.dylib
0x000000010ebbb000 	/Library/Java/JavaVirtualMachines/jdk1.7.0_45.jdk/Contents/Home/jre/lib/libzip.dylib
0x000000011722f000 	/System/Library/Frameworks/JavaVM.framework/Frameworks/JavaRuntimeSupport.framework/JavaRuntimeSupport
0x0000000117247000 	/System/Library/Frameworks/JavaVM.framework/Versions/A/Frameworks/JavaNativeFoundation.framework/Versions/A/JavaNativeFoundation
0x000000010ebee000 	/System/Library/Frameworks/JavaVM.framework/Versions/A/JavaVM
0x000000000485e000 	/System/Library/Frameworks/Carbon.framework/Versions/A/Carbon
0x000000011725c000 	/System/Library/PrivateFrameworks/JavaLaunching.framework/Versions/A/JavaLaunching
0x000000000485e000 	/System/Library/Frameworks/Carbon.framework/Versions/A/Frameworks/CommonPanels.framework/Versions/A/CommonPanels
0x000000000485e000 	/System/Library/Frameworks/Carbon.framework/Versions/A/Frameworks/Help.framework/Versions/A/Help
0x000000000485e000 	/System/Library/Frameworks/Carbon.framework/Versions/A/Frameworks/ImageCapture.framework/Versions/A/ImageCapture
0x000000000485e000 	/System/Library/Frameworks/Carbon.framework/Versions/A/Frameworks/OpenScripting.framework/Versions/A/OpenScripting
0x000000000485e000 	/System/Library/Frameworks/Carbon.framework/Versions/A/Frameworks/Print.framework/Versions/A/Print
0x000000000485e000 	/System/Library/Frameworks/Carbon.framework/Versions/A/Frameworks/SecurityHI.framework/Versions/A/SecurityHI
0x00000001179a8000 	/private/var/folders/bg/d3p37_rj4kl7w8ppds53cp_80000gn/T/libgdxYayo/d60d5b7/libgdx.dylib
0x0000000117a78000 	/Library/Java/JavaVirtualMachines/jdk1.7.0_45.jdk/Contents/Home/jre/lib/libawt.dylib
0x0000000117b27000 	/Library/Java/JavaVirtualMachines/jdk1.7.0_45.jdk/Contents/Home/jre/lib/./libmlib_image.dylib
0x0000000117bf3000 	/Library/Java/JavaVirtualMachines/jdk1.7.0_45.jdk/Contents/Home/jre/lib/lwawt/liblwawt.dylib
0x0000000117ca7000 	/Library/Java/JavaVirtualMachines/jdk1.7.0_45.jdk/Contents/Home/jre/lib/libosxapp.dylib
0x000000000485e000 	/System/Library/Frameworks/ExceptionHandling.framework/Versions/A/ExceptionHandling
0x000000000485e000 	/System/Library/PrivateFrameworks/CoreServicesInternal.framework/Versions/A/CoreServicesInternal
0x000000000485e000 	/System/Library/PrivateFrameworks/Librarian.framework/Versions/A/Librarian
0x000000000485e000 	/System/Library/Frameworks/CoreGraphics.framework/Versions/A/Resources/libCGCMS.A.dylib
0x000000000485e000 	/System/Library/Frameworks/CoreGraphics.framework/Versions/A/Resources/libRIP.A.dylib
0x000000000485e000 	/System/Library/Frameworks/CoreGraphics.framework/Versions/A/Resources/libCGXType.A.dylib
0x000000000485e000 	/System/Library/PrivateFrameworks/FamilyControls.framework/Versions/A/FamilyControls
0x000000000485e000 	/System/Library/PrivateFrameworks/CommerceKit.framework/Versions/A/Frameworks/CommerceCore.framework/Versions/A/CommerceCore
0x000000000485e000 	/System/Library/PrivateFrameworks/SystemAdministration.framework/Versions/A/SystemAdministration
0x000000000485e000 	/System/Library/Frameworks/DirectoryService.framework/Versions/A/DirectoryService
0x000000000485e000 	/System/Library/PrivateFrameworks/DiskImages.framework/Versions/A/DiskImages
0x000000000485e000 	/System/Library/PrivateFrameworks/LoginUIKit.framework/Versions/A/Frameworks/LoginUICore.framework/Versions/A/LoginUICore
0x000000000485e000 	/usr/lib/libCoreStorage.dylib
0x000000000485e000 	/usr/lib/libcsfde.dylib
0x000000000485e000 	/usr/lib/libodfde.dylib
0x000000000485e000 	/System/Library/Frameworks/DiscRecording.framework/Versions/A/DiscRecording
0x000000000485e000 	/usr/lib/libcurl.4.dylib
0x000000000485e000 	/System/Library/PrivateFrameworks/MediaKit.framework/Versions/A/MediaKit
0x000000000485e000 	/System/Library/PrivateFrameworks/EFILogin.framework/Versions/A/EFILogin
0x000000000485e000 	/usr/lib/libutil.dylib
0x000000000485e000 	/System/Library/PrivateFrameworks/AOSNotification.framework/Versions/A/AOSNotification
0x000000000485e000 	/System/Library/Frameworks/LDAP.framework/Versions/A/LDAP
0x000000000485e000 	/usr/lib/libsasl2.2.dylib
0x000000000485e000 	/usr/lib/libcrypto.0.9.8.dylib
0x000000000485e000 	/usr/lib/libssl.0.9.8.dylib
0x000000011bc78000 	/Library/Java/JavaVirtualMachines/jdk1.7.0_45.jdk/Contents/Home/jre/lib/libfontmanager.dylib
0x000000011bcdc000 	/private/var/folders/bg/d3p37_rj4kl7w8ppds53cp_80000gn/T/libgdxYayo/75260a42/liblwjgl.jnilib
0x000000011a38d000 	/Library/Java/JavaVirtualMachines/jdk1.7.0_45.jdk/Contents/Home/jre/lib/libjawt.dylib
0x000000011bd57000 	/var/folders/bg/d3p37_rj4kl7w8ppds53cp_80000gn/T/libgdxYayo/75260a42/openal.dylib
0x000000011bdc6000 	/System/Library/Components/CoreAudio.component/Contents/MacOS/CoreAudio
0x000000011c041000 	/System/Library/Extensions/AppleHDA.kext/Contents/PlugIns/AppleHDAHALPlugIn.bundle/Contents/MacOS/AppleHDAHALPlugIn
0x000000000485e000 	/System/Library/Frameworks/OpenGL.framework/Versions/A/Resources/GLEngine.bundle/GLEngine
0x000000000485e000 	/System/Library/Frameworks/OpenGL.framework/Versions/A/Libraries/libGLProgrammability.dylib
0x0000000000000000 	/System/Library/Extensions/AppleIntelHD5000GraphicsGLDriver.bundle/Contents/MacOS/AppleIntelHD5000GraphicsGLDriver
0x000000000485e000 	/System/Library/PrivateFrameworks/IOAccelerator.framework/Versions/A/IOAccelerator
0x000000000485e000 	/System/Library/PrivateFrameworks/GPUSupport.framework/Versions/A/Libraries/libGPUSupportMercury.dylib
0x000000000485e000 	/System/Library/Frameworks/OpenGL.framework/Versions/A/Resources/GLRendererFloat.bundle/GLRendererFloat
0x000000000485e000 	/System/Library/Frameworks/OpenCL.framework/Versions/A/Libraries/libcldcpuengine.dylib

VM Arguments:
jvm_args: -Dfile.encoding=US-ASCII 
java_command: com.tiarsoft.lander.Main
Launcher Type: SUN_STANDARD

Environment Variables:
PATH=/usr/bin:/bin:/usr/sbin:/sbin
SHELL=/bin/bash
DISPLAY=/tmp/launch-AHQC1R/org.macosforge.xquartz:0

Signal Handlers:
SIGSEGV: [libjvm.dylib+0x525415], sa_mask[0]=0xfffefeff, sa_flags=0x00000043
SIGBUS: [libjvm.dylib+0x525415], sa_mask[0]=0xfffefeff, sa_flags=0x00000042
SIGFPE: [libjvm.dylib+0x41891a], sa_mask[0]=0xfffefeff, sa_flags=0x00000042
SIGPIPE: [libjvm.dylib+0x41891a], sa_mask[0]=0xfffefeff, sa_flags=0x00000042
SIGXFSZ: [libjvm.dylib+0x41891a], sa_mask[0]=0xfffefeff, sa_flags=0x00000042
SIGILL: [libjvm.dylib+0x41891a], sa_mask[0]=0xfffefeff, sa_flags=0x00000042
SIGUSR1: SIG_DFL, sa_mask[0]=0x00000000, sa_flags=0x00000002
SIGUSR2: [libjvm.dylib+0x41840c], sa_mask[0]=0x00000004, sa_flags=0x00000042
SIGHUP: [libjvm.dylib+0x41669b], sa_mask[0]=0xfffefeff, sa_flags=0x00000042
SIGINT: [libjvm.dylib+0x41669b], sa_mask[0]=0xfffefeff, sa_flags=0x00000042
SIGTERM: [libjvm.dylib+0x41669b], sa_mask[0]=0xfffefeff, sa_flags=0x00000042
SIGQUIT: [libjvm.dylib+0x41669b], sa_mask[0]=0xfffefeff, sa_flags=0x00000042


---------------  S Y S T E M  ---------------

OS:Bsduname:Darwin 13.0.0 Darwin Kernel Version 13.0.0: Thu Sep 19 22:22:27 PDT 2013; root:xnu-2422.1.72~6/RELEASE_X86_64 x86_64
rlimit: STACK 8192k, CORE 0k, NPROC 709, NOFILE 10240, AS infinity
load average:3.70 3.50 3.33

CPU:total 4 (2 cores per cpu, 2 threads per core) family 6 model 69 stepping 1, cmov, cx8, fxsr, mmx, sse, sse2, sse3, ssse3, sse4.1, sse4.2, popcnt, avx, avx2, aes, erms, ht, tsc, tscinvbit

Memory: 4k page, physical 4194304k(1048576k free)

/proc/meminfo:


vm_info: Java HotSpot(TM) 64-Bit Server VM (24.45-b08) for bsd-amd64 JRE (1.7.0_45-b18), built on Oct  8 2013 05:54:16 by "java_re" with gcc 4.2.1 (Based on Apple Inc. build 5658) (LLVM build 2336.11.00)

time: Mon Feb 24 16:45:17 2014
elapsed time: 6 seconds

